<?xml version="1.0" encoding="UTF-8" standalone="no"?>
<!DOCTYPE log SYSTEM "logger.dtd">
<log>
<record>
  <date>2018-06-22T12:00:44</date>
  <millis>1529649044613</millis>
  <sequence>0</sequence>
  <level>START</level>
  <class>com.kms.katalon.core.logging.KeywordLogger</class>
  <method>startSuite</method>
  <thread>1</thread>
  <message>Start Test Suite : Test Suites/Request_Moduler</message>
  <nestedLevel>0</nestedLevel>
  <property name="name">Request_Moduler</property>
  <property name="description"></property>
  <property name="id">Test Suites/Request_Moduler</property>
</record>
<record>
  <date>2018-06-22T12:00:44</date>
  <millis>1529649044649</millis>
  <sequence>1</sequence>
  <level>RUN_DATA</level>
  <class>com.kms.katalon.core.logging.KeywordLogger</class>
  <method>logMessage</method>
  <thread>1</thread>
  <message>Logging run data &amp;apos;hostName&amp;apos; with value &amp;apos;arokia.raj - N9449.intellectdesign.com&amp;apos;</message>
  <nestedLevel>0</nestedLevel>
  <property name="hostName">arokia.raj - N9449.intellectdesign.com</property>
</record>
<record>
  <date>2018-06-22T12:00:44</date>
  <millis>1529649044651</millis>
  <sequence>2</sequence>
  <level>RUN_DATA</level>
  <class>com.kms.katalon.core.logging.KeywordLogger</class>
  <method>logMessage</method>
  <thread>1</thread>
  <message>Logging run data &amp;apos;os&amp;apos; with value &amp;apos;Windows 7 64bit&amp;apos;</message>
  <nestedLevel>0</nestedLevel>
  <property name="os">Windows 7 64bit</property>
</record>
<record>
  <date>2018-06-22T12:00:44</date>
  <millis>1529649044652</millis>
  <sequence>3</sequence>
  <level>RUN_DATA</level>
  <class>com.kms.katalon.core.logging.KeywordLogger</class>
  <method>logMessage</method>
  <thread>1</thread>
  <message>Logging run data &amp;apos;hostAddress&amp;apos; with value &amp;apos;192.168.43.5&amp;apos;</message>
  <nestedLevel>0</nestedLevel>
  <property name="hostAddress">192.168.43.5</property>
</record>
<record>
  <date>2018-06-22T12:00:44</date>
  <millis>1529649044655</millis>
  <sequence>4</sequence>
  <level>RUN_DATA</level>
  <class>com.kms.katalon.core.logging.KeywordLogger</class>
  <method>logMessage</method>
  <thread>1</thread>
  <message>Logging run data &amp;apos;katalonVersion&amp;apos; with value &amp;apos;5.4.1.1&amp;apos;</message>
  <nestedLevel>0</nestedLevel>
  <property name="katalonVersion">5.4.1.1</property>
</record>
<record>
  <date>2018-06-22T12:00:45</date>
  <millis>1529649045084</millis>
  <sequence>5</sequence>
  <level>START</level>
  <class>com.kms.katalon.core.logging.KeywordLogger</class>
  <method>startTest</method>
  <thread>1</thread>
  <message>Start Test Case : Test Cases/Studio Smoke Test Cases/Common Functions</message>
  <nestedLevel>1</nestedLevel>
  <property name="name">Test Cases/Studio Smoke Test Cases/Common Functions</property>
  <property name="description"></property>
  <property name="id">Test Cases/Studio Smoke Test Cases/Common Functions</property>
  <property name="source">D:\\Sheepa\\Katalon\\Studio Smoke Test\\Studio Smoke Test\\Test Cases\\Studio Smoke Test Cases\\Common Functions.tc</property>
  <property name="isOptional">false</property>
</record>
<record>
  <date>2018-06-22T12:00:45</date>
  <millis>1529649045142</millis>
  <sequence>6</sequence>
  <level>INFO</level>
  <class>com.kms.katalon.core.logging.KeywordLogger</class>
  <method>logMessage</method>
  <thread>1</thread>
  <message>Evaluating variables for test case</message>
  <nestedLevel>1</nestedLevel>
</record>
<record>
  <date>2018-06-22T12:00:45</date>
  <millis>1529649045761</millis>
  <sequence>7</sequence>
  <level>START</level>
  <class>com.kms.katalon.core.logging.KeywordLogger</class>
  <method>startKeyword</method>
  <thread>1</thread>
  <message>Start action : Statement - digi = generateRandomInt(9999999)</message>
  <nestedLevel>1</nestedLevel>
  <property name="startLine">39</property>
  <property name="stepIndex">1</property>
</record>
<record>
  <date>2018-06-22T12:00:45</date>
  <millis>1529649045764</millis>
  <sequence>8</sequence>
  <level>END</level>
  <class>com.kms.katalon.core.logging.KeywordLogger</class>
  <method>endKeyword</method>
  <thread>1</thread>
  <message>End action : Statement - digi = generateRandomInt(9999999)</message>
  <nestedLevel>1</nestedLevel>
</record>
<record>
  <date>2018-06-22T12:00:45</date>
  <millis>1529649045765</millis>
  <sequence>9</sequence>
  <level>START</level>
  <class>com.kms.katalon.core.logging.KeywordLogger</class>
  <method>startKeyword</method>
  <thread>1</thread>
  <message>Start action : Statement - random = new java.util.Random()</message>
  <nestedLevel>1</nestedLevel>
  <property name="startLine">30</property>
  <property name="stepIndex">1</property>
</record>
<record>
  <date>2018-06-22T12:00:45</date>
  <millis>1529649045771</millis>
  <sequence>10</sequence>
  <level>END</level>
  <class>com.kms.katalon.core.logging.KeywordLogger</class>
  <method>endKeyword</method>
  <thread>1</thread>
  <message>End action : Statement - random = new java.util.Random()</message>
  <nestedLevel>1</nestedLevel>
</record>
<record>
  <date>2018-06-22T12:00:45</date>
  <millis>1529649045772</millis>
  <sequence>11</sequence>
  <level>START</level>
  <class>com.kms.katalon.core.logging.KeywordLogger</class>
  <method>startKeyword</method>
  <thread>1</thread>
  <message>Start action : Statement - return random.nextInt(upperRange)</message>
  <nestedLevel>1</nestedLevel>
  <property name="startLine">31</property>
  <property name="stepIndex">2</property>
</record>
<record>
  <date>2018-06-22T12:00:45</date>
  <millis>1529649045776</millis>
  <sequence>12</sequence>
  <level>END</level>
  <class>com.kms.katalon.core.logging.KeywordLogger</class>
  <method>endKeyword</method>
  <thread>1</thread>
  <message>End action : Statement - return random.nextInt(upperRange)</message>
  <nestedLevel>1</nestedLevel>
</record>
<record>
  <date>2018-06-22T12:00:45</date>
  <millis>1529649045777</millis>
  <sequence>13</sequence>
  <level>START</level>
  <class>com.kms.katalon.core.logging.KeywordLogger</class>
  <method>startKeyword</method>
  <thread>1</thread>
  <message>Start action : Statement - acc = generateRandomInt(999999999)</message>
  <nestedLevel>1</nestedLevel>
  <property name="startLine">40</property>
  <property name="stepIndex">2</property>
</record>
<record>
  <date>2018-06-22T12:00:45</date>
  <millis>1529649045779</millis>
  <sequence>14</sequence>
  <level>END</level>
  <class>com.kms.katalon.core.logging.KeywordLogger</class>
  <method>endKeyword</method>
  <thread>1</thread>
  <message>End action : Statement - acc = generateRandomInt(999999999)</message>
  <nestedLevel>1</nestedLevel>
</record>
<record>
  <date>2018-06-22T12:00:45</date>
  <millis>1529649045780</millis>
  <sequence>15</sequence>
  <level>START</level>
  <class>com.kms.katalon.core.logging.KeywordLogger</class>
  <method>startKeyword</method>
  <thread>1</thread>
  <message>Start action : Statement - random = new java.util.Random()</message>
  <nestedLevel>1</nestedLevel>
  <property name="startLine">30</property>
  <property name="stepIndex">1</property>
</record>
<record>
  <date>2018-06-22T12:00:45</date>
  <millis>1529649045781</millis>
  <sequence>16</sequence>
  <level>END</level>
  <class>com.kms.katalon.core.logging.KeywordLogger</class>
  <method>endKeyword</method>
  <thread>1</thread>
  <message>End action : Statement - random = new java.util.Random()</message>
  <nestedLevel>1</nestedLevel>
</record>
<record>
  <date>2018-06-22T12:00:45</date>
  <millis>1529649045782</millis>
  <sequence>17</sequence>
  <level>START</level>
  <class>com.kms.katalon.core.logging.KeywordLogger</class>
  <method>startKeyword</method>
  <thread>1</thread>
  <message>Start action : Statement - return random.nextInt(upperRange)</message>
  <nestedLevel>1</nestedLevel>
  <property name="startLine">31</property>
  <property name="stepIndex">2</property>
</record>
<record>
  <date>2018-06-22T12:00:45</date>
  <millis>1529649045785</millis>
  <sequence>18</sequence>
  <level>END</level>
  <class>com.kms.katalon.core.logging.KeywordLogger</class>
  <method>endKeyword</method>
  <thread>1</thread>
  <message>End action : Statement - return random.nextInt(upperRange)</message>
  <nestedLevel>1</nestedLevel>
</record>
<record>
  <date>2018-06-22T12:00:45</date>
  <millis>1529649045786</millis>
  <sequence>19</sequence>
  <level>START</level>
  <class>com.kms.katalon.core.logging.KeywordLogger</class>
  <method>startKeyword</method>
  <thread>1</thread>
  <message>Start action : Statement - accNo = java.lang.String.valueOf(acc)</message>
  <nestedLevel>1</nestedLevel>
  <property name="startLine">43</property>
  <property name="stepIndex">3</property>
</record>
<record>
  <date>2018-06-22T12:00:45</date>
  <millis>1529649045798</millis>
  <sequence>20</sequence>
  <level>END</level>
  <class>com.kms.katalon.core.logging.KeywordLogger</class>
  <method>endKeyword</method>
  <thread>1</thread>
  <message>End action : Statement - accNo = java.lang.String.valueOf(acc)</message>
  <nestedLevel>1</nestedLevel>
</record>
<record>
  <date>2018-06-22T12:00:45</date>
  <millis>1529649045799</millis>
  <sequence>21</sequence>
  <level>START</level>
  <class>com.kms.katalon.core.logging.KeywordLogger</class>
  <method>startKeyword</method>
  <thread>1</thread>
  <message>Start action : Statement - println(accNo)</message>
  <nestedLevel>1</nestedLevel>
  <property name="startLine">44</property>
  <property name="stepIndex">4</property>
</record>
<record>
  <date>2018-06-22T12:00:45</date>
  <millis>1529649045812</millis>
  <sequence>22</sequence>
  <level>END</level>
  <class>com.kms.katalon.core.logging.KeywordLogger</class>
  <method>endKeyword</method>
  <thread>1</thread>
  <message>End action : Statement - println(accNo)</message>
  <nestedLevel>1</nestedLevel>
</record>
<record>
  <date>2018-06-22T12:00:45</date>
  <millis>1529649045813</millis>
  <sequence>23</sequence>
  <level>START</level>
  <class>com.kms.katalon.core.logging.KeywordLogger</class>
  <method>startKeyword</method>
  <thread>1</thread>
  <message>Start action : Statement - form_id = \&amp;quot;F\&amp;quot; + digi</message>
  <nestedLevel>1</nestedLevel>
  <property name="startLine">46</property>
  <property name="stepIndex">5</property>
</record>
<record>
  <date>2018-06-22T12:00:45</date>
  <millis>1529649045815</millis>
  <sequence>24</sequence>
  <level>END</level>
  <class>com.kms.katalon.core.logging.KeywordLogger</class>
  <method>endKeyword</method>
  <thread>1</thread>
  <message>End action : Statement - form_id = \&amp;quot;F\&amp;quot; + digi</message>
  <nestedLevel>1</nestedLevel>
</record>
<record>
  <date>2018-06-22T12:00:45</date>
  <millis>1529649045817</millis>
  <sequence>25</sequence>
  <level>START</level>
  <class>com.kms.katalon.core.logging.KeywordLogger</class>
  <method>startKeyword</method>
  <thread>1</thread>
  <message>Start action : Statement - println(form_id)</message>
  <nestedLevel>1</nestedLevel>
  <property name="startLine">47</property>
  <property name="stepIndex">6</property>
</record>
<record>
  <date>2018-06-22T12:00:45</date>
  <millis>1529649045825</millis>
  <sequence>26</sequence>
  <level>END</level>
  <class>com.kms.katalon.core.logging.KeywordLogger</class>
  <method>endKeyword</method>
  <thread>1</thread>
  <message>End action : Statement - println(form_id)</message>
  <nestedLevel>1</nestedLevel>
</record>
<record>
  <date>2018-06-22T12:00:45</date>
  <millis>1529649045829</millis>
  <sequence>27</sequence>
  <level>START</level>
  <class>com.kms.katalon.core.logging.KeywordLogger</class>
  <method>startKeyword</method>
  <thread>1</thread>
  <message>Start action : Statement - view_id = \&amp;quot;AV\&amp;quot; + digi</message>
  <nestedLevel>1</nestedLevel>
  <property name="startLine">51</property>
  <property name="stepIndex">7</property>
</record>
<record>
  <date>2018-06-22T12:00:45</date>
  <millis>1529649045832</millis>
  <sequence>28</sequence>
  <level>END</level>
  <class>com.kms.katalon.core.logging.KeywordLogger</class>
  <method>endKeyword</method>
  <thread>1</thread>
  <message>End action : Statement - view_id = \&amp;quot;AV\&amp;quot; + digi</message>
  <nestedLevel>1</nestedLevel>
</record>
<record>
  <date>2018-06-22T12:00:45</date>
  <millis>1529649045833</millis>
  <sequence>29</sequence>
  <level>START</level>
  <class>com.kms.katalon.core.logging.KeywordLogger</class>
  <method>startKeyword</method>
  <thread>1</thread>
  <message>Start action : Statement - println(view_id)</message>
  <nestedLevel>1</nestedLevel>
  <property name="startLine">52</property>
  <property name="stepIndex">8</property>
</record>
<record>
  <date>2018-06-22T12:00:45</date>
  <millis>1529649045839</millis>
  <sequence>30</sequence>
  <level>END</level>
  <class>com.kms.katalon.core.logging.KeywordLogger</class>
  <method>endKeyword</method>
  <thread>1</thread>
  <message>End action : Statement - println(view_id)</message>
  <nestedLevel>1</nestedLevel>
</record>
<record>
  <date>2018-06-22T12:00:45</date>
  <millis>1529649045840</millis>
  <sequence>31</sequence>
  <level>START</level>
  <class>com.kms.katalon.core.logging.KeywordLogger</class>
  <method>startKeyword</method>
  <thread>1</thread>
  <message>Start action : Statement - app_id = \&amp;quot;AA\&amp;quot; + digi</message>
  <nestedLevel>1</nestedLevel>
  <property name="startLine">54</property>
  <property name="stepIndex">9</property>
</record>
<record>
  <date>2018-06-22T12:00:45</date>
  <millis>1529649045846</millis>
  <sequence>32</sequence>
  <level>END</level>
  <class>com.kms.katalon.core.logging.KeywordLogger</class>
  <method>endKeyword</method>
  <thread>1</thread>
  <message>End action : Statement - app_id = \&amp;quot;AA\&amp;quot; + digi</message>
  <nestedLevel>1</nestedLevel>
</record>
<record>
  <date>2018-06-22T12:00:45</date>
  <millis>1529649045847</millis>
  <sequence>33</sequence>
  <level>START</level>
  <class>com.kms.katalon.core.logging.KeywordLogger</class>
  <method>startKeyword</method>
  <thread>1</thread>
  <message>Start action : Statement - println(app_id)</message>
  <nestedLevel>1</nestedLevel>
  <property name="startLine">55</property>
  <property name="stepIndex">10</property>
</record>
<record>
  <date>2018-06-22T12:00:45</date>
  <millis>1529649045849</millis>
  <sequence>34</sequence>
  <level>END</level>
  <class>com.kms.katalon.core.logging.KeywordLogger</class>
  <method>endKeyword</method>
  <thread>1</thread>
  <message>End action : Statement - println(app_id)</message>
  <nestedLevel>1</nestedLevel>
</record>
<record>
  <date>2018-06-22T12:00:45</date>
  <millis>1529649045850</millis>
  <sequence>35</sequence>
  <level>START</level>
  <class>com.kms.katalon.core.logging.KeywordLogger</class>
  <method>startKeyword</method>
  <thread>1</thread>
  <message>Start action : Statement - subWS_id = \&amp;quot;ASUB\&amp;quot; + digi</message>
  <nestedLevel>1</nestedLevel>
  <property name="startLine">57</property>
  <property name="stepIndex">11</property>
</record>
<record>
  <date>2018-06-22T12:00:45</date>
  <millis>1529649045852</millis>
  <sequence>36</sequence>
  <level>END</level>
  <class>com.kms.katalon.core.logging.KeywordLogger</class>
  <method>endKeyword</method>
  <thread>1</thread>
  <message>End action : Statement - subWS_id = \&amp;quot;ASUB\&amp;quot; + digi</message>
  <nestedLevel>1</nestedLevel>
</record>
<record>
  <date>2018-06-22T12:00:45</date>
  <millis>1529649045853</millis>
  <sequence>37</sequence>
  <level>START</level>
  <class>com.kms.katalon.core.logging.KeywordLogger</class>
  <method>startKeyword</method>
  <thread>1</thread>
  <message>Start action : Statement - println(subWS_id)</message>
  <nestedLevel>1</nestedLevel>
  <property name="startLine">58</property>
  <property name="stepIndex">12</property>
</record>
<record>
  <date>2018-06-22T12:00:45</date>
  <millis>1529649045855</millis>
  <sequence>38</sequence>
  <level>END</level>
  <class>com.kms.katalon.core.logging.KeywordLogger</class>
  <method>endKeyword</method>
  <thread>1</thread>
  <message>End action : Statement - println(subWS_id)</message>
  <nestedLevel>1</nestedLevel>
</record>
<record>
  <date>2018-06-22T12:00:45</date>
  <millis>1529649045856</millis>
  <sequence>39</sequence>
  <level>START</level>
  <class>com.kms.katalon.core.logging.KeywordLogger</class>
  <method>startKeyword</method>
  <thread>1</thread>
  <message>Start action : Statement - WS_id = \&amp;quot;AWS\&amp;quot; + digi</message>
  <nestedLevel>1</nestedLevel>
  <property name="startLine">60</property>
  <property name="stepIndex">13</property>
</record>
<record>
  <date>2018-06-22T12:00:45</date>
  <millis>1529649045859</millis>
  <sequence>40</sequence>
  <level>END</level>
  <class>com.kms.katalon.core.logging.KeywordLogger</class>
  <method>endKeyword</method>
  <thread>1</thread>
  <message>End action : Statement - WS_id = \&amp;quot;AWS\&amp;quot; + digi</message>
  <nestedLevel>1</nestedLevel>
</record>
<record>
  <date>2018-06-22T12:00:45</date>
  <millis>1529649045860</millis>
  <sequence>41</sequence>
  <level>START</level>
  <class>com.kms.katalon.core.logging.KeywordLogger</class>
  <method>startKeyword</method>
  <thread>1</thread>
  <message>Start action : Statement - println(WS_id)</message>
  <nestedLevel>1</nestedLevel>
  <property name="startLine">61</property>
  <property name="stepIndex">14</property>
</record>
<record>
  <date>2018-06-22T12:00:45</date>
  <millis>1529649045864</millis>
  <sequence>42</sequence>
  <level>END</level>
  <class>com.kms.katalon.core.logging.KeywordLogger</class>
  <method>endKeyword</method>
  <thread>1</thread>
  <message>End action : Statement - println(WS_id)</message>
  <nestedLevel>1</nestedLevel>
</record>
<record>
  <date>2018-06-22T12:00:45</date>
  <millis>1529649045866</millis>
  <sequence>43</sequence>
  <level>START</level>
  <class>com.kms.katalon.core.logging.KeywordLogger</class>
  <method>startKeyword</method>
  <thread>1</thread>
  <message>Start action : Statement - req_id = \&amp;quot;AR\&amp;quot; + digi</message>
  <nestedLevel>1</nestedLevel>
  <property name="startLine">63</property>
  <property name="stepIndex">15</property>
</record>
<record>
  <date>2018-06-22T12:00:45</date>
  <millis>1529649045868</millis>
  <sequence>44</sequence>
  <level>END</level>
  <class>com.kms.katalon.core.logging.KeywordLogger</class>
  <method>endKeyword</method>
  <thread>1</thread>
  <message>End action : Statement - req_id = \&amp;quot;AR\&amp;quot; + digi</message>
  <nestedLevel>1</nestedLevel>
</record>
<record>
  <date>2018-06-22T12:00:45</date>
  <millis>1529649045869</millis>
  <sequence>45</sequence>
  <level>START</level>
  <class>com.kms.katalon.core.logging.KeywordLogger</class>
  <method>startKeyword</method>
  <thread>1</thread>
  <message>Start action : Statement - println(req_id)</message>
  <nestedLevel>1</nestedLevel>
  <property name="startLine">64</property>
  <property name="stepIndex">16</property>
</record>
<record>
  <date>2018-06-22T12:00:45</date>
  <millis>1529649045872</millis>
  <sequence>46</sequence>
  <level>END</level>
  <class>com.kms.katalon.core.logging.KeywordLogger</class>
  <method>endKeyword</method>
  <thread>1</thread>
  <message>End action : Statement - println(req_id)</message>
  <nestedLevel>1</nestedLevel>
</record>
<record>
  <date>2018-06-22T12:00:45</date>
  <millis>1529649045873</millis>
  <sequence>47</sequence>
  <level>START</level>
  <class>com.kms.katalon.core.logging.KeywordLogger</class>
  <method>startKeyword</method>
  <thread>1</thread>
  <message>Start action : Statement - filePath = \&amp;quot;D:\\Sheepa\\Katalon\\Studio Smoke Test\\Studio Smoke Test\\Data Files\\Data Input.xls\&amp;quot;</message>
  <nestedLevel>1</nestedLevel>
  <property name="startLine">88</property>
  <property name="stepIndex">17</property>
</record>
<record>
  <date>2018-06-22T12:00:45</date>
  <millis>1529649045874</millis>
  <sequence>48</sequence>
  <level>END</level>
  <class>com.kms.katalon.core.logging.KeywordLogger</class>
  <method>endKeyword</method>
  <thread>1</thread>
  <message>End action : Statement - filePath = \&amp;quot;D:\\Sheepa\\Katalon\\Studio Smoke Test\\Studio Smoke Test\\Data Files\\Data Input.xls\&amp;quot;</message>
  <nestedLevel>1</nestedLevel>
</record>
<record>
  <date>2018-06-22T12:00:45</date>
  <millis>1529649045875</millis>
  <sequence>49</sequence>
  <level>START</level>
  <class>com.kms.katalon.core.logging.KeywordLogger</class>
  <method>startKeyword</method>
  <thread>1</thread>
  <message>Start action : Statement - file = new java.io.File(filePath)</message>
  <nestedLevel>1</nestedLevel>
  <property name="startLine">89</property>
  <property name="stepIndex">18</property>
</record>
<record>
  <date>2018-06-22T12:00:45</date>
  <millis>1529649045882</millis>
  <sequence>50</sequence>
  <level>END</level>
  <class>com.kms.katalon.core.logging.KeywordLogger</class>
  <method>endKeyword</method>
  <thread>1</thread>
  <message>End action : Statement - file = new java.io.File(filePath)</message>
  <nestedLevel>1</nestedLevel>
</record>
<record>
  <date>2018-06-22T12:00:45</date>
  <millis>1529649045883</millis>
  <sequence>51</sequence>
  <level>START</level>
  <class>com.kms.katalon.core.logging.KeywordLogger</class>
  <method>startKeyword</method>
  <thread>1</thread>
  <message>Start action : Statement - fis = new java.io.FileInputStream(file)</message>
  <nestedLevel>1</nestedLevel>
  <property name="startLine">90</property>
  <property name="stepIndex">19</property>
</record>
<record>
  <date>2018-06-22T12:00:45</date>
  <millis>1529649045893</millis>
  <sequence>52</sequence>
  <level>END</level>
  <class>com.kms.katalon.core.logging.KeywordLogger</class>
  <method>endKeyword</method>
  <thread>1</thread>
  <message>End action : Statement - fis = new java.io.FileInputStream(file)</message>
  <nestedLevel>1</nestedLevel>
</record>
<record>
  <date>2018-06-22T12:00:45</date>
  <millis>1529649045894</millis>
  <sequence>53</sequence>
  <level>START</level>
  <class>com.kms.katalon.core.logging.KeywordLogger</class>
  <method>startKeyword</method>
  <thread>1</thread>
  <message>Start action : Statement - fileOut = new java.io.FileOutputStream(filePath)</message>
  <nestedLevel>1</nestedLevel>
  <property name="startLine">91</property>
  <property name="stepIndex">20</property>
</record>
<record>
  <date>2018-06-22T12:00:45</date>
  <millis>1529649045904</millis>
  <sequence>54</sequence>
  <level>END</level>
  <class>com.kms.katalon.core.logging.KeywordLogger</class>
  <method>endKeyword</method>
  <thread>1</thread>
  <message>End action : Statement - fileOut = new java.io.FileOutputStream(filePath)</message>
  <nestedLevel>1</nestedLevel>
</record>
<record>
  <date>2018-06-22T12:00:45</date>
  <millis>1529649045906</millis>
  <sequence>55</sequence>
  <logger>com.kms.katalon.core.logging.KeywordLogger</logger>
  <level>ERROR</level>
  <class>com.kms.katalon.core.logging.KeywordLogger</class>
  <method>logMessage</method>
  <thread>1</thread>
  <message>Test Cases/Studio Smoke Test Cases/Common Functions FAILED because (of) java.io.FileNotFoundException: D:\\Sheepa\\Katalon\\Studio Smoke Test\\Studio Smoke Test\\Data Files\\Data Input.xls (The process cannot access the file because it is being used by another process)</message>
  <exception>
    <message>java.io.FileNotFoundException: D:\Sheepa\Katalon\Studio Smoke Test\Studio Smoke Test\Data Files\Data Input.xls (The process cannot access the file because it is being used by another process)</message>
    <frame>
      <class>java.io.FileOutputStream</class>
      <method>open0</method>
    </frame>
    <frame>
      <class>java.io.FileOutputStream</class>
      <method>open</method>
      <line>270</line>
    </frame>
    <frame>
      <class>java.io.FileOutputStream</class>
      <method>&lt;init&gt;</method>
      <line>213</line>
    </frame>
    <frame>
      <class>java.io.FileOutputStream</class>
      <method>&lt;init&gt;</method>
      <line>101</line>
    </frame>
    <frame>
      <class>sun.reflect.NativeConstructorAccessorImpl</class>
      <method>newInstance0</method>
    </frame>
    <frame>
      <class>sun.reflect.NativeConstructorAccessorImpl</class>
      <method>newInstance</method>
      <line>62</line>
    </frame>
    <frame>
      <class>sun.reflect.DelegatingConstructorAccessorImpl</class>
      <method>newInstance</method>
      <line>45</line>
    </frame>
    <frame>
      <class>java.lang.reflect.Constructor</class>
      <method>newInstance</method>
      <line>423</line>
    </frame>
    <frame>
      <class>org.codehaus.groovy.reflection.CachedConstructor</class>
      <method>invoke</method>
      <line>83</line>
    </frame>
    <frame>
      <class>org.codehaus.groovy.runtime.callsite.ConstructorSite$ConstructorSiteNoUnwrapNoCoerce</class>
      <method>callConstructor</method>
      <line>105</line>
    </frame>
    <frame>
      <class>org.codehaus.groovy.runtime.callsite.CallSiteArray</class>
      <method>defaultCallConstructor</method>
      <line>60</line>
    </frame>
    <frame>
      <class>org.codehaus.groovy.runtime.callsite.AbstractCallSite</class>
      <method>callConstructor</method>
      <line>235</line>
    </frame>
    <frame>
      <class>org.codehaus.groovy.runtime.callsite.AbstractCallSite</class>
      <method>callConstructor</method>
      <line>247</line>
    </frame>
    <frame>
      <class>Script1528690893369</class>
      <method>run</method>
      <line>91</line>
    </frame>
    <frame>
      <class>com.kms.katalon.core.main.ScriptEngine</class>
      <method>run</method>
      <line>183</line>
    </frame>
    <frame>
      <class>com.kms.katalon.core.main.ScriptEngine</class>
      <method>runScriptAsRawText</method>
      <line>108</line>
    </frame>
    <frame>
      <class>com.kms.katalon.core.main.TestCaseExecutor</class>
      <method>runScript</method>
      <line>295</line>
    </frame>
    <frame>
      <class>com.kms.katalon.core.main.TestCaseExecutor</class>
      <method>doExecute</method>
      <line>286</line>
    </frame>
    <frame>
      <class>com.kms.katalon.core.main.TestCaseExecutor</class>
      <method>processExecutionPhase</method>
      <line>265</line>
    </frame>
    <frame>
      <class>com.kms.katalon.core.main.TestCaseExecutor</class>
      <method>accessMainPhase</method>
      <line>257</line>
    </frame>
    <frame>
      <class>com.kms.katalon.core.main.TestCaseExecutor</class>
      <method>execute</method>
      <line>201</line>
    </frame>
    <frame>
      <class>com.kms.katalon.core.main.TestSuiteExecutor</class>
      <method>accessTestCaseMainPhase</method>
      <line>129</line>
    </frame>
    <frame>
      <class>com.kms.katalon.core.main.TestSuiteExecutor</class>
      <method>accessTestSuiteMainPhase</method>
      <line>112</line>
    </frame>
    <frame>
      <class>com.kms.katalon.core.main.TestSuiteExecutor</class>
      <method>execute</method>
      <line>81</line>
    </frame>
    <frame>
      <class>com.kms.katalon.core.main.TestCaseMain</class>
      <method>startTestSuite</method>
      <line>106</line>
    </frame>
    <frame>
      <class>com.kms.katalon.core.main.TestCaseMain$startTestSuite$0</class>
      <method>call</method>
    </frame>
    <frame>
      <class>org.codehaus.groovy.runtime.callsite.CallSiteArray</class>
      <method>defaultCall</method>
      <line>48</line>
    </frame>
    <frame>
      <class>org.codehaus.groovy.runtime.callsite.AbstractCallSite</class>
      <method>call</method>
      <line>113</line>
    </frame>
    <frame>
      <class>org.codehaus.groovy.runtime.callsite.AbstractCallSite</class>
      <method>call</method>
      <line>141</line>
    </frame>
    <frame>
      <class>TempTestSuite1529649042271</class>
      <method>run</method>
      <line>34</line>
    </frame>
    <frame>
      <class>groovy.lang.GroovyShell</class>
      <method>runScriptOrMainOrTestOrRunnable</method>
      <line>263</line>
    </frame>
    <frame>
      <class>groovy.lang.GroovyShell</class>
      <method>run</method>
      <line>518</line>
    </frame>
    <frame>
      <class>groovy.lang.GroovyShell</class>
      <method>run</method>
      <line>507</line>
    </frame>
    <frame>
      <class>groovy.ui.GroovyMain</class>
      <method>processOnce</method>
      <line>653</line>
    </frame>
    <frame>
      <class>groovy.ui.GroovyMain</class>
      <method>run</method>
      <line>384</line>
    </frame>
    <frame>
      <class>groovy.ui.GroovyMain</class>
      <method>process</method>
      <line>370</line>
    </frame>
    <frame>
      <class>groovy.ui.GroovyMain</class>
      <method>processArgs</method>
      <line>129</line>
    </frame>
    <frame>
      <class>groovy.ui.GroovyMain</class>
      <method>main</method>
      <line>109</line>
    </frame>
    <frame>
      <class>sun.reflect.NativeMethodAccessorImpl</class>
      <method>invoke0</method>
    </frame>
    <frame>
      <class>sun.reflect.NativeMethodAccessorImpl</class>
      <method>invoke</method>
      <line>62</line>
    </frame>
    <frame>
      <class>sun.reflect.DelegatingMethodAccessorImpl</class>
      <method>invoke</method>
      <line>43</line>
    </frame>
    <frame>
      <class>java.lang.reflect.Method</class>
      <method>invoke</method>
      <line>498</line>
    </frame>
    <frame>
      <class>org.codehaus.groovy.tools.GroovyStarter</class>
      <method>rootLoader</method>
      <line>109</line>
    </frame>
    <frame>
      <class>org.codehaus.groovy.tools.GroovyStarter</class>
      <method>main</method>
      <line>131</line>
    </frame>
  </exception>
  <nestedLevel>0</nestedLevel>
</record>
<record>
  <date>2018-06-22T12:00:45</date>
  <millis>1529649045948</millis>
  <sequence>56</sequence>
  <level>END</level>
  <class>com.kms.katalon.core.logging.KeywordLogger</class>
  <method>endTest</method>
  <thread>1</thread>
  <message>End Test Case : Test Cases/Studio Smoke Test Cases/Common Functions</message>
  <nestedLevel>0</nestedLevel>
</record>
<record>
  <date>2018-06-22T12:00:45</date>
  <millis>1529649045960</millis>
  <sequence>57</sequence>
  <level>START</level>
  <class>com.kms.katalon.core.logging.KeywordLogger</class>
  <method>startTest</method>
  <thread>1</thread>
  <message>Start Test Case : Test Cases/Studio Smoke Test Cases/ReadExcel</message>
  <nestedLevel>1</nestedLevel>
  <property name="name">Test Cases/Studio Smoke Test Cases/ReadExcel</property>
  <property name="description"></property>
  <property name="id">Test Cases/Studio Smoke Test Cases/ReadExcel</property>
  <property name="source">D:\\Sheepa\\Katalon\\Studio Smoke Test\\Studio Smoke Test\\Test Cases\\Studio Smoke Test Cases\\ReadExcel.tc</property>
  <property name="isOptional">false</property>
</record>
<record>
  <date>2018-06-22T12:00:46</date>
  <millis>1529649046095</millis>
  <sequence>58</sequence>
  <level>INFO</level>
  <class>com.kms.katalon.core.logging.KeywordLogger</class>
  <method>logMessage</method>
  <thread>1</thread>
  <message>Evaluating variables for test case</message>
  <nestedLevel>1</nestedLevel>
</record>
<record>
  <date>2018-06-22T12:00:46</date>
  <millis>1529649046580</millis>
  <sequence>59</sequence>
  <level>START</level>
  <class>com.kms.katalon.core.logging.KeywordLogger</class>
  <method>startKeyword</method>
  <thread>1</thread>
  <message>Start action : Statement - path = \&amp;quot;D:\\Sheepa\\Katalon\\Studio Smoke Test\\Studio Smoke Test\\Data Files\\Data Input.xls\&amp;quot;</message>
  <nestedLevel>1</nestedLevel>
  <property name="startLine">29</property>
  <property name="stepIndex">1</property>
</record>
<record>
  <date>2018-06-22T12:00:46</date>
  <millis>1529649046585</millis>
  <sequence>60</sequence>
  <level>END</level>
  <class>com.kms.katalon.core.logging.KeywordLogger</class>
  <method>endKeyword</method>
  <thread>1</thread>
  <message>End action : Statement - path = \&amp;quot;D:\\Sheepa\\Katalon\\Studio Smoke Test\\Studio Smoke Test\\Data Files\\Data Input.xls\&amp;quot;</message>
  <nestedLevel>1</nestedLevel>
</record>
<record>
  <date>2018-06-22T12:00:46</date>
  <millis>1529649046587</millis>
  <sequence>61</sequence>
  <level>START</level>
  <class>com.kms.katalon.core.logging.KeywordLogger</class>
  <method>startKeyword</method>
  <thread>1</thread>
  <message>Start action : Statement - fis = new java.io.FileInputStream(path)</message>
  <nestedLevel>1</nestedLevel>
  <property name="startLine">30</property>
  <property name="stepIndex">2</property>
</record>
<record>
  <date>2018-06-22T12:00:46</date>
  <millis>1529649046590</millis>
  <sequence>62</sequence>
  <level>END</level>
  <class>com.kms.katalon.core.logging.KeywordLogger</class>
  <method>endKeyword</method>
  <thread>1</thread>
  <message>End action : Statement - fis = new java.io.FileInputStream(path)</message>
  <nestedLevel>1</nestedLevel>
</record>
<record>
  <date>2018-06-22T12:00:46</date>
  <millis>1529649046595</millis>
  <sequence>63</sequence>
  <level>START</level>
  <class>com.kms.katalon.core.logging.KeywordLogger</class>
  <method>startKeyword</method>
  <thread>1</thread>
  <message>Start action : Statement - hssfWorkbook = new org.apache.poi.hssf.usermodel.HSSFWorkbook(fis)</message>
  <nestedLevel>1</nestedLevel>
  <property name="startLine">31</property>
  <property name="stepIndex">3</property>
</record>
<record>
  <date>2018-06-22T12:00:47</date>
  <millis>1529649047238</millis>
  <sequence>64</sequence>
  <level>END</level>
  <class>com.kms.katalon.core.logging.KeywordLogger</class>
  <method>endKeyword</method>
  <thread>1</thread>
  <message>End action : Statement - hssfWorkbook = new org.apache.poi.hssf.usermodel.HSSFWorkbook(fis)</message>
  <nestedLevel>1</nestedLevel>
</record>
<record>
  <date>2018-06-22T12:00:47</date>
  <millis>1529649047240</millis>
  <sequence>65</sequence>
  <level>START</level>
  <class>com.kms.katalon.core.logging.KeywordLogger</class>
  <method>startKeyword</method>
  <thread>1</thread>
  <message>Start action : Statement - sc = hssfWorkbook.getNumberOfSheets()</message>
  <nestedLevel>1</nestedLevel>
  <property name="startLine">32</property>
  <property name="stepIndex">4</property>
</record>
<record>
  <date>2018-06-22T12:00:47</date>
  <millis>1529649047268</millis>
  <sequence>66</sequence>
  <level>END</level>
  <class>com.kms.katalon.core.logging.KeywordLogger</class>
  <method>endKeyword</method>
  <thread>1</thread>
  <message>End action : Statement - sc = hssfWorkbook.getNumberOfSheets()</message>
  <nestedLevel>1</nestedLevel>
</record>
<record>
  <date>2018-06-22T12:00:47</date>
  <millis>1529649047269</millis>
  <sequence>67</sequence>
  <level>START</level>
  <class>com.kms.katalon.core.logging.KeywordLogger</class>
  <method>startKeyword</method>
  <thread>1</thread>
  <message>Start action : Statement - println(sc)</message>
  <nestedLevel>1</nestedLevel>
  <property name="startLine">33</property>
  <property name="stepIndex">5</property>
</record>
<record>
  <date>2018-06-22T12:00:47</date>
  <millis>1529649047271</millis>
  <sequence>68</sequence>
  <level>END</level>
  <class>com.kms.katalon.core.logging.KeywordLogger</class>
  <method>endKeyword</method>
  <thread>1</thread>
  <message>End action : Statement - println(sc)</message>
  <nestedLevel>1</nestedLevel>
</record>
<record>
  <date>2018-06-22T12:00:47</date>
  <millis>1529649047272</millis>
  <sequence>69</sequence>
  <level>START</level>
  <class>com.kms.katalon.core.logging.KeywordLogger</class>
  <method>startKeyword</method>
  <thread>1</thread>
  <message>Start action : Statement - hssfSheet = hssfWorkbook.getSheetAt(0)</message>
  <nestedLevel>1</nestedLevel>
  <property name="startLine">34</property>
  <property name="stepIndex">6</property>
</record>
<record>
  <date>2018-06-22T12:00:47</date>
  <millis>1529649047274</millis>
  <sequence>70</sequence>
  <level>END</level>
  <class>com.kms.katalon.core.logging.KeywordLogger</class>
  <method>endKeyword</method>
  <thread>1</thread>
  <message>End action : Statement - hssfSheet = hssfWorkbook.getSheetAt(0)</message>
  <nestedLevel>1</nestedLevel>
</record>
<record>
  <date>2018-06-22T12:00:47</date>
  <millis>1529649047276</millis>
  <sequence>71</sequence>
  <level>START</level>
  <class>com.kms.katalon.core.logging.KeywordLogger</class>
  <method>startKeyword</method>
  <thread>1</thread>
  <message>Start action : Statement - hssfRow = hssfSheet.getRow(1)</message>
  <nestedLevel>1</nestedLevel>
  <property name="startLine">35</property>
  <property name="stepIndex">7</property>
</record>
<record>
  <date>2018-06-22T12:00:47</date>
  <millis>1529649047328</millis>
  <sequence>72</sequence>
  <level>END</level>
  <class>com.kms.katalon.core.logging.KeywordLogger</class>
  <method>endKeyword</method>
  <thread>1</thread>
  <message>End action : Statement - hssfRow = hssfSheet.getRow(1)</message>
  <nestedLevel>1</nestedLevel>
</record>
<record>
  <date>2018-06-22T12:00:47</date>
  <millis>1529649047329</millis>
  <sequence>73</sequence>
  <level>START</level>
  <class>com.kms.katalon.core.logging.KeywordLogger</class>
  <method>startKeyword</method>
  <thread>1</thread>
  <message>Start action : Statement - fid = hssfRow.getCell(0)</message>
  <nestedLevel>1</nestedLevel>
  <property name="startLine">36</property>
  <property name="stepIndex">8</property>
</record>
<record>
  <date>2018-06-22T12:00:47</date>
  <millis>1529649047341</millis>
  <sequence>74</sequence>
  <level>END</level>
  <class>com.kms.katalon.core.logging.KeywordLogger</class>
  <method>endKeyword</method>
  <thread>1</thread>
  <message>End action : Statement - fid = hssfRow.getCell(0)</message>
  <nestedLevel>1</nestedLevel>
</record>
<record>
  <date>2018-06-22T12:00:47</date>
  <millis>1529649047341</millis>
  <sequence>75</sequence>
  <level>START</level>
  <class>com.kms.katalon.core.logging.KeywordLogger</class>
  <method>startKeyword</method>
  <thread>1</thread>
  <message>Start action : Statement - vid = hssfRow.getCell(1)</message>
  <nestedLevel>1</nestedLevel>
  <property name="startLine">37</property>
  <property name="stepIndex">9</property>
</record>
<record>
  <date>2018-06-22T12:00:47</date>
  <millis>1529649047353</millis>
  <sequence>76</sequence>
  <level>END</level>
  <class>com.kms.katalon.core.logging.KeywordLogger</class>
  <method>endKeyword</method>
  <thread>1</thread>
  <message>End action : Statement - vid = hssfRow.getCell(1)</message>
  <nestedLevel>1</nestedLevel>
</record>
<record>
  <date>2018-06-22T12:00:47</date>
  <millis>1529649047354</millis>
  <sequence>77</sequence>
  <level>START</level>
  <class>com.kms.katalon.core.logging.KeywordLogger</class>
  <method>startKeyword</method>
  <thread>1</thread>
  <message>Start action : Statement - aid = hssfRow.getCell(2)</message>
  <nestedLevel>1</nestedLevel>
  <property name="startLine">38</property>
  <property name="stepIndex">10</property>
</record>
<record>
  <date>2018-06-22T12:00:47</date>
  <millis>1529649047362</millis>
  <sequence>78</sequence>
  <level>END</level>
  <class>com.kms.katalon.core.logging.KeywordLogger</class>
  <method>endKeyword</method>
  <thread>1</thread>
  <message>End action : Statement - aid = hssfRow.getCell(2)</message>
  <nestedLevel>1</nestedLevel>
</record>
<record>
  <date>2018-06-22T12:00:47</date>
  <millis>1529649047363</millis>
  <sequence>79</sequence>
  <level>START</level>
  <class>com.kms.katalon.core.logging.KeywordLogger</class>
  <method>startKeyword</method>
  <thread>1</thread>
  <message>Start action : Statement - subid = hssfRow.getCell(3)</message>
  <nestedLevel>1</nestedLevel>
  <property name="startLine">39</property>
  <property name="stepIndex">11</property>
</record>
<record>
  <date>2018-06-22T12:00:47</date>
  <millis>1529649047365</millis>
  <sequence>80</sequence>
  <level>END</level>
  <class>com.kms.katalon.core.logging.KeywordLogger</class>
  <method>endKeyword</method>
  <thread>1</thread>
  <message>End action : Statement - subid = hssfRow.getCell(3)</message>
  <nestedLevel>1</nestedLevel>
</record>
<record>
  <date>2018-06-22T12:00:47</date>
  <millis>1529649047365</millis>
  <sequence>81</sequence>
  <level>START</level>
  <class>com.kms.katalon.core.logging.KeywordLogger</class>
  <method>startKeyword</method>
  <thread>1</thread>
  <message>Start action : Statement - wsid = hssfRow.getCell(4)</message>
  <nestedLevel>1</nestedLevel>
  <property name="startLine">40</property>
  <property name="stepIndex">12</property>
</record>
<record>
  <date>2018-06-22T12:00:47</date>
  <millis>1529649047373</millis>
  <sequence>82</sequence>
  <level>END</level>
  <class>com.kms.katalon.core.logging.KeywordLogger</class>
  <method>endKeyword</method>
  <thread>1</thread>
  <message>End action : Statement - wsid = hssfRow.getCell(4)</message>
  <nestedLevel>1</nestedLevel>
</record>
<record>
  <date>2018-06-22T12:00:47</date>
  <millis>1529649047374</millis>
  <sequence>83</sequence>
  <level>START</level>
  <class>com.kms.katalon.core.logging.KeywordLogger</class>
  <method>startKeyword</method>
  <thread>1</thread>
  <message>Start action : Statement - reqid = hssfRow.getCell(5)</message>
  <nestedLevel>1</nestedLevel>
  <property name="startLine">41</property>
  <property name="stepIndex">13</property>
</record>
<record>
  <date>2018-06-22T12:00:47</date>
  <millis>1529649047375</millis>
  <sequence>84</sequence>
  <level>END</level>
  <class>com.kms.katalon.core.logging.KeywordLogger</class>
  <method>endKeyword</method>
  <thread>1</thread>
  <message>End action : Statement - reqid = hssfRow.getCell(5)</message>
  <nestedLevel>1</nestedLevel>
</record>
<record>
  <date>2018-06-22T12:00:47</date>
  <millis>1529649047377</millis>
  <sequence>85</sequence>
  <level>START</level>
  <class>com.kms.katalon.core.logging.KeywordLogger</class>
  <method>startKeyword</method>
  <thread>1</thread>
  <message>Start action : Statement - accNo = hssfRow.getCell(5)</message>
  <nestedLevel>1</nestedLevel>
  <property name="startLine">42</property>
  <property name="stepIndex">14</property>
</record>
<record>
  <date>2018-06-22T12:00:47</date>
  <millis>1529649047386</millis>
  <sequence>86</sequence>
  <level>END</level>
  <class>com.kms.katalon.core.logging.KeywordLogger</class>
  <method>endKeyword</method>
  <thread>1</thread>
  <message>End action : Statement - accNo = hssfRow.getCell(5)</message>
  <nestedLevel>1</nestedLevel>
</record>
<record>
  <date>2018-06-22T12:00:47</date>
  <millis>1529649047387</millis>
  <sequence>87</sequence>
  <level>START</level>
  <class>com.kms.katalon.core.logging.KeywordLogger</class>
  <method>startKeyword</method>
  <thread>1</thread>
  <message>Start action : Statement - println(vid)</message>
  <nestedLevel>1</nestedLevel>
  <property name="startLine">44</property>
  <property name="stepIndex">15</property>
</record>
<record>
  <date>2018-06-22T12:00:47</date>
  <millis>1529649047409</millis>
  <sequence>88</sequence>
  <level>END</level>
  <class>com.kms.katalon.core.logging.KeywordLogger</class>
  <method>endKeyword</method>
  <thread>1</thread>
  <message>End action : Statement - println(vid)</message>
  <nestedLevel>1</nestedLevel>
</record>
<record>
  <date>2018-06-22T12:00:47</date>
  <millis>1529649047410</millis>
  <sequence>89</sequence>
  <level>START</level>
  <class>com.kms.katalon.core.logging.KeywordLogger</class>
  <method>startKeyword</method>
  <thread>1</thread>
  <message>Start action : Statement - map = [:]</message>
  <nestedLevel>1</nestedLevel>
  <property name="startLine">46</property>
  <property name="stepIndex">16</property>
</record>
<record>
  <date>2018-06-22T12:00:47</date>
  <millis>1529649047411</millis>
  <sequence>90</sequence>
  <level>END</level>
  <class>com.kms.katalon.core.logging.KeywordLogger</class>
  <method>endKeyword</method>
  <thread>1</thread>
  <message>End action : Statement - map = [:]</message>
  <nestedLevel>1</nestedLevel>
</record>
<record>
  <date>2018-06-22T12:00:47</date>
  <millis>1529649047411</millis>
  <sequence>91</sequence>
  <level>START</level>
  <class>com.kms.katalon.core.logging.KeywordLogger</class>
  <method>startKeyword</method>
  <thread>1</thread>
  <message>Start action : Statement - map.put(\&amp;quot;formID\&amp;quot;, fid)</message>
  <nestedLevel>1</nestedLevel>
  <property name="startLine">47</property>
  <property name="stepIndex">17</property>
</record>
<record>
  <date>2018-06-22T12:00:47</date>
  <millis>1529649047417</millis>
  <sequence>92</sequence>
  <level>END</level>
  <class>com.kms.katalon.core.logging.KeywordLogger</class>
  <method>endKeyword</method>
  <thread>1</thread>
  <message>End action : Statement - map.put(\&amp;quot;formID\&amp;quot;, fid)</message>
  <nestedLevel>1</nestedLevel>
</record>
<record>
  <date>2018-06-22T12:00:47</date>
  <millis>1529649047418</millis>
  <sequence>93</sequence>
  <level>START</level>
  <class>com.kms.katalon.core.logging.KeywordLogger</class>
  <method>startKeyword</method>
  <thread>1</thread>
  <message>Start action : Statement - map.put(\&amp;quot;viewID\&amp;quot;, vid)</message>
  <nestedLevel>1</nestedLevel>
  <property name="startLine">48</property>
  <property name="stepIndex">18</property>
</record>
<record>
  <date>2018-06-22T12:00:47</date>
  <millis>1529649047420</millis>
  <sequence>94</sequence>
  <level>END</level>
  <class>com.kms.katalon.core.logging.KeywordLogger</class>
  <method>endKeyword</method>
  <thread>1</thread>
  <message>End action : Statement - map.put(\&amp;quot;viewID\&amp;quot;, vid)</message>
  <nestedLevel>1</nestedLevel>
</record>
<record>
  <date>2018-06-22T12:00:47</date>
  <millis>1529649047420</millis>
  <sequence>95</sequence>
  <level>START</level>
  <class>com.kms.katalon.core.logging.KeywordLogger</class>
  <method>startKeyword</method>
  <thread>1</thread>
  <message>Start action : Statement - map.put(\&amp;quot;appID\&amp;quot;, aid)</message>
  <nestedLevel>1</nestedLevel>
  <property name="startLine">49</property>
  <property name="stepIndex">19</property>
</record>
<record>
  <date>2018-06-22T12:00:47</date>
  <millis>1529649047422</millis>
  <sequence>96</sequence>
  <level>END</level>
  <class>com.kms.katalon.core.logging.KeywordLogger</class>
  <method>endKeyword</method>
  <thread>1</thread>
  <message>End action : Statement - map.put(\&amp;quot;appID\&amp;quot;, aid)</message>
  <nestedLevel>1</nestedLevel>
</record>
<record>
  <date>2018-06-22T12:00:47</date>
  <millis>1529649047423</millis>
  <sequence>97</sequence>
  <level>START</level>
  <class>com.kms.katalon.core.logging.KeywordLogger</class>
  <method>startKeyword</method>
  <thread>1</thread>
  <message>Start action : Statement - map.put(\&amp;quot;subWSID\&amp;quot;, subid)</message>
  <nestedLevel>1</nestedLevel>
  <property name="startLine">50</property>
  <property name="stepIndex">20</property>
</record>
<record>
  <date>2018-06-22T12:00:47</date>
  <millis>1529649047424</millis>
  <sequence>98</sequence>
  <level>END</level>
  <class>com.kms.katalon.core.logging.KeywordLogger</class>
  <method>endKeyword</method>
  <thread>1</thread>
  <message>End action : Statement - map.put(\&amp;quot;subWSID\&amp;quot;, subid)</message>
  <nestedLevel>1</nestedLevel>
</record>
<record>
  <date>2018-06-22T12:00:47</date>
  <millis>1529649047424</millis>
  <sequence>99</sequence>
  <level>START</level>
  <class>com.kms.katalon.core.logging.KeywordLogger</class>
  <method>startKeyword</method>
  <thread>1</thread>
  <message>Start action : Statement - map.put(\&amp;quot;WSID\&amp;quot;, wsid)</message>
  <nestedLevel>1</nestedLevel>
  <property name="startLine">51</property>
  <property name="stepIndex">21</property>
</record>
<record>
  <date>2018-06-22T12:00:47</date>
  <millis>1529649047426</millis>
  <sequence>100</sequence>
  <level>END</level>
  <class>com.kms.katalon.core.logging.KeywordLogger</class>
  <method>endKeyword</method>
  <thread>1</thread>
  <message>End action : Statement - map.put(\&amp;quot;WSID\&amp;quot;, wsid)</message>
  <nestedLevel>1</nestedLevel>
</record>
<record>
  <date>2018-06-22T12:00:47</date>
  <millis>1529649047426</millis>
  <sequence>101</sequence>
  <level>START</level>
  <class>com.kms.katalon.core.logging.KeywordLogger</class>
  <method>startKeyword</method>
  <thread>1</thread>
  <message>Start action : Statement - map.put(\&amp;quot;REQID\&amp;quot;, reqid)</message>
  <nestedLevel>1</nestedLevel>
  <property name="startLine">52</property>
  <property name="stepIndex">22</property>
</record>
<record>
  <date>2018-06-22T12:00:47</date>
  <millis>1529649047427</millis>
  <sequence>102</sequence>
  <level>END</level>
  <class>com.kms.katalon.core.logging.KeywordLogger</class>
  <method>endKeyword</method>
  <thread>1</thread>
  <message>End action : Statement - map.put(\&amp;quot;REQID\&amp;quot;, reqid)</message>
  <nestedLevel>1</nestedLevel>
</record>
<record>
  <date>2018-06-22T12:00:47</date>
  <millis>1529649047428</millis>
  <sequence>103</sequence>
  <level>START</level>
  <class>com.kms.katalon.core.logging.KeywordLogger</class>
  <method>startKeyword</method>
  <thread>1</thread>
  <message>Start action : Statement - map.put(\&amp;quot;AccNo\&amp;quot;, accNo)</message>
  <nestedLevel>1</nestedLevel>
  <property name="startLine">53</property>
  <property name="stepIndex">23</property>
</record>
<record>
  <date>2018-06-22T12:00:47</date>
  <millis>1529649047429</millis>
  <sequence>104</sequence>
  <level>END</level>
  <class>com.kms.katalon.core.logging.KeywordLogger</class>
  <method>endKeyword</method>
  <thread>1</thread>
  <message>End action : Statement - map.put(\&amp;quot;AccNo\&amp;quot;, accNo)</message>
  <nestedLevel>1</nestedLevel>
</record>
<record>
  <date>2018-06-22T12:00:47</date>
  <millis>1529649047430</millis>
  <sequence>105</sequence>
  <level>START</level>
  <class>com.kms.katalon.core.logging.KeywordLogger</class>
  <method>startKeyword</method>
  <thread>1</thread>
  <message>Start action : Statement - return map</message>
  <nestedLevel>1</nestedLevel>
  <property name="startLine">54</property>
  <property name="stepIndex">24</property>
</record>
<record>
  <date>2018-06-22T12:00:47</date>
  <millis>1529649047431</millis>
  <sequence>106</sequence>
  <level>END</level>
  <class>com.kms.katalon.core.logging.KeywordLogger</class>
  <method>endKeyword</method>
  <thread>1</thread>
  <message>End action : Statement - return map</message>
  <nestedLevel>1</nestedLevel>
</record>
<record>
  <date>2018-06-22T12:00:47</date>
  <millis>1529649047431</millis>
  <sequence>107</sequence>
  <level>PASSED</level>
  <class>com.kms.katalon.core.logging.KeywordLogger</class>
  <method>logMessage</method>
  <thread>1</thread>
  <message>Test Cases/Studio Smoke Test Cases/ReadExcel</message>
  <nestedLevel>1</nestedLevel>
</record>
<record>
  <date>2018-06-22T12:00:47</date>
  <millis>1529649047432</millis>
  <sequence>108</sequence>
  <level>END</level>
  <class>com.kms.katalon.core.logging.KeywordLogger</class>
  <method>endTest</method>
  <thread>1</thread>
  <message>End Test Case : Test Cases/Studio Smoke Test Cases/ReadExcel</message>
  <nestedLevel>0</nestedLevel>
</record>
<record>
  <date>2018-06-22T12:00:47</date>
  <millis>1529649047436</millis>
  <sequence>109</sequence>
  <level>START</level>
  <class>com.kms.katalon.core.logging.KeywordLogger</class>
  <method>startTest</method>
  <thread>1</thread>
  <message>Start Test Case : Test Cases/Studio Smoke Test Cases/New Test Request Moduler</message>
  <nestedLevel>1</nestedLevel>
  <property name="name">Test Cases/Studio Smoke Test Cases/New Test Request Moduler</property>
  <property name="description"></property>
  <property name="id">Test Cases/Studio Smoke Test Cases/New Test Request Moduler</property>
  <property name="source">D:\\Sheepa\\Katalon\\Studio Smoke Test\\Studio Smoke Test\\Test Cases\\Studio Smoke Test Cases\\New Test Request Moduler.tc</property>
  <property name="isOptional">false</property>
</record>
<record>
  <date>2018-06-22T12:00:47</date>
  <millis>1529649047482</millis>
  <sequence>110</sequence>
  <level>INFO</level>
  <class>com.kms.katalon.core.logging.KeywordLogger</class>
  <method>logMessage</method>
  <thread>1</thread>
  <message>Evaluating variables for test case</message>
  <nestedLevel>1</nestedLevel>
</record>
<record>
  <date>2018-06-22T12:00:47</date>
  <millis>1529649047871</millis>
  <sequence>111</sequence>
  <level>START</level>
  <class>com.kms.katalon.core.logging.KeywordLogger</class>
  <method>startKeyword</method>
  <thread>1</thread>
  <message>Start action : Statement - common = com.kms.katalon.core.webui.keyword.WebUiBuiltInKeywords.callTestCase(com.kms.katalon.core.testcase.TestCaseFactory.findTestCase(Test Cases/Studio Smoke Test Cases/ReadExcel), [:])</message>
  <nestedLevel>1</nestedLevel>
  <property name="startLine">23</property>
  <property name="stepIndex">1</property>
</record>
<record>
  <date>2018-06-22T12:00:48</date>
  <millis>1529649048001</millis>
  <sequence>112</sequence>
  <level>INFO</level>
  <class>com.kms.katalon.core.logging.KeywordLogger</class>
  <method>logMessage</method>
  <thread>1</thread>
  <message>Checking called Test Case</message>
  <nestedLevel>1</nestedLevel>
</record>
<record>
  <date>2018-06-22T12:00:48</date>
  <millis>1529649048002</millis>
  <sequence>113</sequence>
  <level>INFO</level>
  <class>com.kms.katalon.core.logging.KeywordLogger</class>
  <method>logMessage</method>
  <thread>1</thread>
  <message>Starting to call Test Case &amp;apos;Test Cases/Studio Smoke Test Cases/ReadExcel&amp;apos;</message>
  <nestedLevel>1</nestedLevel>
</record>
<record>
  <date>2018-06-22T12:00:48</date>
  <millis>1529649048146</millis>
  <sequence>114</sequence>
  <level>START</level>
  <class>com.kms.katalon.core.logging.KeywordLogger</class>
  <method>startTest</method>
  <thread>1</thread>
  <message>Start Test Case : Test Cases/Studio Smoke Test Cases/ReadExcel</message>
  <nestedLevel>2</nestedLevel>
  <property name="name">Test Cases/Studio Smoke Test Cases/ReadExcel</property>
  <property name="description"></property>
  <property name="id">Test Cases/Studio Smoke Test Cases/ReadExcel</property>
  <property name="source">D:\\Sheepa\\Katalon\\Studio Smoke Test\\Studio Smoke Test\\Test Cases\\Studio Smoke Test Cases\\ReadExcel.tc</property>
  <property name="isOptional">false</property>
</record>
<record>
  <date>2018-06-22T12:00:48</date>
  <millis>1529649048163</millis>
  <sequence>115</sequence>
  <level>INFO</level>
  <class>com.kms.katalon.core.logging.KeywordLogger</class>
  <method>logMessage</method>
  <thread>1</thread>
  <message>Evaluating variables for test case</message>
  <nestedLevel>2</nestedLevel>
</record>
<record>
  <date>2018-06-22T12:00:48</date>
  <millis>1529649048165</millis>
  <sequence>116</sequence>
  <level>START</level>
  <class>com.kms.katalon.core.logging.KeywordLogger</class>
  <method>startKeyword</method>
  <thread>1</thread>
  <message>Start action : Statement - path = \&amp;quot;D:\\Sheepa\\Katalon\\Studio Smoke Test\\Studio Smoke Test\\Data Files\\Data Input.xls\&amp;quot;</message>
  <nestedLevel>1</nestedLevel>
  <property name="startLine">29</property>
  <property name="stepIndex">1</property>
</record>
<record>
  <date>2018-06-22T12:00:48</date>
  <millis>1529649048166</millis>
  <sequence>117</sequence>
  <level>END</level>
  <class>com.kms.katalon.core.logging.KeywordLogger</class>
  <method>endKeyword</method>
  <thread>1</thread>
  <message>End action : Statement - path = \&amp;quot;D:\\Sheepa\\Katalon\\Studio Smoke Test\\Studio Smoke Test\\Data Files\\Data Input.xls\&amp;quot;</message>
  <nestedLevel>1</nestedLevel>
</record>
<record>
  <date>2018-06-22T12:00:48</date>
  <millis>1529649048167</millis>
  <sequence>118</sequence>
  <level>START</level>
  <class>com.kms.katalon.core.logging.KeywordLogger</class>
  <method>startKeyword</method>
  <thread>1</thread>
  <message>Start action : Statement - fis = new java.io.FileInputStream(path)</message>
  <nestedLevel>1</nestedLevel>
  <property name="startLine">30</property>
  <property name="stepIndex">2</property>
</record>
<record>
  <date>2018-06-22T12:00:48</date>
  <millis>1529649048169</millis>
  <sequence>119</sequence>
  <level>END</level>
  <class>com.kms.katalon.core.logging.KeywordLogger</class>
  <method>endKeyword</method>
  <thread>1</thread>
  <message>End action : Statement - fis = new java.io.FileInputStream(path)</message>
  <nestedLevel>1</nestedLevel>
</record>
<record>
  <date>2018-06-22T12:00:48</date>
  <millis>1529649048169</millis>
  <sequence>120</sequence>
  <level>START</level>
  <class>com.kms.katalon.core.logging.KeywordLogger</class>
  <method>startKeyword</method>
  <thread>1</thread>
  <message>Start action : Statement - hssfWorkbook = new org.apache.poi.hssf.usermodel.HSSFWorkbook(fis)</message>
  <nestedLevel>1</nestedLevel>
  <property name="startLine">31</property>
  <property name="stepIndex">3</property>
</record>
<record>
  <date>2018-06-22T12:00:48</date>
  <millis>1529649048174</millis>
  <sequence>121</sequence>
  <level>END</level>
  <class>com.kms.katalon.core.logging.KeywordLogger</class>
  <method>endKeyword</method>
  <thread>1</thread>
  <message>End action : Statement - hssfWorkbook = new org.apache.poi.hssf.usermodel.HSSFWorkbook(fis)</message>
  <nestedLevel>1</nestedLevel>
</record>
<record>
  <date>2018-06-22T12:00:48</date>
  <millis>1529649048175</millis>
  <sequence>122</sequence>
  <level>START</level>
  <class>com.kms.katalon.core.logging.KeywordLogger</class>
  <method>startKeyword</method>
  <thread>1</thread>
  <message>Start action : Statement - sc = hssfWorkbook.getNumberOfSheets()</message>
  <nestedLevel>1</nestedLevel>
  <property name="startLine">32</property>
  <property name="stepIndex">4</property>
</record>
<record>
  <date>2018-06-22T12:00:48</date>
  <millis>1529649048176</millis>
  <sequence>123</sequence>
  <level>END</level>
  <class>com.kms.katalon.core.logging.KeywordLogger</class>
  <method>endKeyword</method>
  <thread>1</thread>
  <message>End action : Statement - sc = hssfWorkbook.getNumberOfSheets()</message>
  <nestedLevel>1</nestedLevel>
</record>
<record>
  <date>2018-06-22T12:00:48</date>
  <millis>1529649048177</millis>
  <sequence>124</sequence>
  <level>START</level>
  <class>com.kms.katalon.core.logging.KeywordLogger</class>
  <method>startKeyword</method>
  <thread>1</thread>
  <message>Start action : Statement - println(sc)</message>
  <nestedLevel>1</nestedLevel>
  <property name="startLine">33</property>
  <property name="stepIndex">5</property>
</record>
<record>
  <date>2018-06-22T12:00:48</date>
  <millis>1529649048178</millis>
  <sequence>125</sequence>
  <level>END</level>
  <class>com.kms.katalon.core.logging.KeywordLogger</class>
  <method>endKeyword</method>
  <thread>1</thread>
  <message>End action : Statement - println(sc)</message>
  <nestedLevel>1</nestedLevel>
</record>
<record>
  <date>2018-06-22T12:00:48</date>
  <millis>1529649048179</millis>
  <sequence>126</sequence>
  <level>START</level>
  <class>com.kms.katalon.core.logging.KeywordLogger</class>
  <method>startKeyword</method>
  <thread>1</thread>
  <message>Start action : Statement - hssfSheet = hssfWorkbook.getSheetAt(0)</message>
  <nestedLevel>1</nestedLevel>
  <property name="startLine">34</property>
  <property name="stepIndex">6</property>
</record>
<record>
  <date>2018-06-22T12:00:48</date>
  <millis>1529649048180</millis>
  <sequence>127</sequence>
  <level>END</level>
  <class>com.kms.katalon.core.logging.KeywordLogger</class>
  <method>endKeyword</method>
  <thread>1</thread>
  <message>End action : Statement - hssfSheet = hssfWorkbook.getSheetAt(0)</message>
  <nestedLevel>1</nestedLevel>
</record>
<record>
  <date>2018-06-22T12:00:48</date>
  <millis>1529649048208</millis>
  <sequence>128</sequence>
  <level>START</level>
  <class>com.kms.katalon.core.logging.KeywordLogger</class>
  <method>startKeyword</method>
  <thread>1</thread>
  <message>Start action : Statement - hssfRow = hssfSheet.getRow(1)</message>
  <nestedLevel>1</nestedLevel>
  <property name="startLine">35</property>
  <property name="stepIndex">7</property>
</record>
<record>
  <date>2018-06-22T12:00:48</date>
  <millis>1529649048209</millis>
  <sequence>129</sequence>
  <level>END</level>
  <class>com.kms.katalon.core.logging.KeywordLogger</class>
  <method>endKeyword</method>
  <thread>1</thread>
  <message>End action : Statement - hssfRow = hssfSheet.getRow(1)</message>
  <nestedLevel>1</nestedLevel>
</record>
<record>
  <date>2018-06-22T12:00:48</date>
  <millis>1529649048210</millis>
  <sequence>130</sequence>
  <level>START</level>
  <class>com.kms.katalon.core.logging.KeywordLogger</class>
  <method>startKeyword</method>
  <thread>1</thread>
  <message>Start action : Statement - fid = hssfRow.getCell(0)</message>
  <nestedLevel>1</nestedLevel>
  <property name="startLine">36</property>
  <property name="stepIndex">8</property>
</record>
<record>
  <date>2018-06-22T12:00:48</date>
  <millis>1529649048211</millis>
  <sequence>131</sequence>
  <level>END</level>
  <class>com.kms.katalon.core.logging.KeywordLogger</class>
  <method>endKeyword</method>
  <thread>1</thread>
  <message>End action : Statement - fid = hssfRow.getCell(0)</message>
  <nestedLevel>1</nestedLevel>
</record>
<record>
  <date>2018-06-22T12:00:48</date>
  <millis>1529649048212</millis>
  <sequence>132</sequence>
  <level>START</level>
  <class>com.kms.katalon.core.logging.KeywordLogger</class>
  <method>startKeyword</method>
  <thread>1</thread>
  <message>Start action : Statement - vid = hssfRow.getCell(1)</message>
  <nestedLevel>1</nestedLevel>
  <property name="startLine">37</property>
  <property name="stepIndex">9</property>
</record>
<record>
  <date>2018-06-22T12:00:48</date>
  <millis>1529649048212</millis>
  <sequence>133</sequence>
  <level>END</level>
  <class>com.kms.katalon.core.logging.KeywordLogger</class>
  <method>endKeyword</method>
  <thread>1</thread>
  <message>End action : Statement - vid = hssfRow.getCell(1)</message>
  <nestedLevel>1</nestedLevel>
</record>
<record>
  <date>2018-06-22T12:00:48</date>
  <millis>1529649048213</millis>
  <sequence>134</sequence>
  <level>START</level>
  <class>com.kms.katalon.core.logging.KeywordLogger</class>
  <method>startKeyword</method>
  <thread>1</thread>
  <message>Start action : Statement - aid = hssfRow.getCell(2)</message>
  <nestedLevel>1</nestedLevel>
  <property name="startLine">38</property>
  <property name="stepIndex">10</property>
</record>
<record>
  <date>2018-06-22T12:00:48</date>
  <millis>1529649048214</millis>
  <sequence>135</sequence>
  <level>END</level>
  <class>com.kms.katalon.core.logging.KeywordLogger</class>
  <method>endKeyword</method>
  <thread>1</thread>
  <message>End action : Statement - aid = hssfRow.getCell(2)</message>
  <nestedLevel>1</nestedLevel>
</record>
<record>
  <date>2018-06-22T12:00:48</date>
  <millis>1529649048215</millis>
  <sequence>136</sequence>
  <level>START</level>
  <class>com.kms.katalon.core.logging.KeywordLogger</class>
  <method>startKeyword</method>
  <thread>1</thread>
  <message>Start action : Statement - subid = hssfRow.getCell(3)</message>
  <nestedLevel>1</nestedLevel>
  <property name="startLine">39</property>
  <property name="stepIndex">11</property>
</record>
<record>
  <date>2018-06-22T12:00:48</date>
  <millis>1529649048216</millis>
  <sequence>137</sequence>
  <level>END</level>
  <class>com.kms.katalon.core.logging.KeywordLogger</class>
  <method>endKeyword</method>
  <thread>1</thread>
  <message>End action : Statement - subid = hssfRow.getCell(3)</message>
  <nestedLevel>1</nestedLevel>
</record>
<record>
  <date>2018-06-22T12:00:48</date>
  <millis>1529649048216</millis>
  <sequence>138</sequence>
  <level>START</level>
  <class>com.kms.katalon.core.logging.KeywordLogger</class>
  <method>startKeyword</method>
  <thread>1</thread>
  <message>Start action : Statement - wsid = hssfRow.getCell(4)</message>
  <nestedLevel>1</nestedLevel>
  <property name="startLine">40</property>
  <property name="stepIndex">12</property>
</record>
<record>
  <date>2018-06-22T12:00:48</date>
  <millis>1529649048219</millis>
  <sequence>139</sequence>
  <level>END</level>
  <class>com.kms.katalon.core.logging.KeywordLogger</class>
  <method>endKeyword</method>
  <thread>1</thread>
  <message>End action : Statement - wsid = hssfRow.getCell(4)</message>
  <nestedLevel>1</nestedLevel>
</record>
<record>
  <date>2018-06-22T12:00:48</date>
  <millis>1529649048219</millis>
  <sequence>140</sequence>
  <level>START</level>
  <class>com.kms.katalon.core.logging.KeywordLogger</class>
  <method>startKeyword</method>
  <thread>1</thread>
  <message>Start action : Statement - reqid = hssfRow.getCell(5)</message>
  <nestedLevel>1</nestedLevel>
  <property name="startLine">41</property>
  <property name="stepIndex">13</property>
</record>
<record>
  <date>2018-06-22T12:00:48</date>
  <millis>1529649048220</millis>
  <sequence>141</sequence>
  <level>END</level>
  <class>com.kms.katalon.core.logging.KeywordLogger</class>
  <method>endKeyword</method>
  <thread>1</thread>
  <message>End action : Statement - reqid = hssfRow.getCell(5)</message>
  <nestedLevel>1</nestedLevel>
</record>
<record>
  <date>2018-06-22T12:00:48</date>
  <millis>1529649048220</millis>
  <sequence>142</sequence>
  <level>START</level>
  <class>com.kms.katalon.core.logging.KeywordLogger</class>
  <method>startKeyword</method>
  <thread>1</thread>
  <message>Start action : Statement - accNo = hssfRow.getCell(5)</message>
  <nestedLevel>1</nestedLevel>
  <property name="startLine">42</property>
  <property name="stepIndex">14</property>
</record>
<record>
  <date>2018-06-22T12:00:48</date>
  <millis>1529649048221</millis>
  <sequence>143</sequence>
  <level>END</level>
  <class>com.kms.katalon.core.logging.KeywordLogger</class>
  <method>endKeyword</method>
  <thread>1</thread>
  <message>End action : Statement - accNo = hssfRow.getCell(5)</message>
  <nestedLevel>1</nestedLevel>
</record>
<record>
  <date>2018-06-22T12:00:48</date>
  <millis>1529649048222</millis>
  <sequence>144</sequence>
  <level>START</level>
  <class>com.kms.katalon.core.logging.KeywordLogger</class>
  <method>startKeyword</method>
  <thread>1</thread>
  <message>Start action : Statement - println(vid)</message>
  <nestedLevel>1</nestedLevel>
  <property name="startLine">44</property>
  <property name="stepIndex">15</property>
</record>
<record>
  <date>2018-06-22T12:00:48</date>
  <millis>1529649048222</millis>
  <sequence>145</sequence>
  <level>END</level>
  <class>com.kms.katalon.core.logging.KeywordLogger</class>
  <method>endKeyword</method>
  <thread>1</thread>
  <message>End action : Statement - println(vid)</message>
  <nestedLevel>1</nestedLevel>
</record>
<record>
  <date>2018-06-22T12:00:48</date>
  <millis>1529649048223</millis>
  <sequence>146</sequence>
  <level>START</level>
  <class>com.kms.katalon.core.logging.KeywordLogger</class>
  <method>startKeyword</method>
  <thread>1</thread>
  <message>Start action : Statement - map = [:]</message>
  <nestedLevel>1</nestedLevel>
  <property name="startLine">46</property>
  <property name="stepIndex">16</property>
</record>
<record>
  <date>2018-06-22T12:00:48</date>
  <millis>1529649048223</millis>
  <sequence>147</sequence>
  <level>END</level>
  <class>com.kms.katalon.core.logging.KeywordLogger</class>
  <method>endKeyword</method>
  <thread>1</thread>
  <message>End action : Statement - map = [:]</message>
  <nestedLevel>1</nestedLevel>
</record>
<record>
  <date>2018-06-22T12:00:48</date>
  <millis>1529649048224</millis>
  <sequence>148</sequence>
  <level>START</level>
  <class>com.kms.katalon.core.logging.KeywordLogger</class>
  <method>startKeyword</method>
  <thread>1</thread>
  <message>Start action : Statement - map.put(\&amp;quot;formID\&amp;quot;, fid)</message>
  <nestedLevel>1</nestedLevel>
  <property name="startLine">47</property>
  <property name="stepIndex">17</property>
</record>
<record>
  <date>2018-06-22T12:00:48</date>
  <millis>1529649048224</millis>
  <sequence>149</sequence>
  <level>END</level>
  <class>com.kms.katalon.core.logging.KeywordLogger</class>
  <method>endKeyword</method>
  <thread>1</thread>
  <message>End action : Statement - map.put(\&amp;quot;formID\&amp;quot;, fid)</message>
  <nestedLevel>1</nestedLevel>
</record>
<record>
  <date>2018-06-22T12:00:48</date>
  <millis>1529649048225</millis>
  <sequence>150</sequence>
  <level>START</level>
  <class>com.kms.katalon.core.logging.KeywordLogger</class>
  <method>startKeyword</method>
  <thread>1</thread>
  <message>Start action : Statement - map.put(\&amp;quot;viewID\&amp;quot;, vid)</message>
  <nestedLevel>1</nestedLevel>
  <property name="startLine">48</property>
  <property name="stepIndex">18</property>
</record>
<record>
  <date>2018-06-22T12:00:48</date>
  <millis>1529649048237</millis>
  <sequence>151</sequence>
  <level>END</level>
  <class>com.kms.katalon.core.logging.KeywordLogger</class>
  <method>endKeyword</method>
  <thread>1</thread>
  <message>End action : Statement - map.put(\&amp;quot;viewID\&amp;quot;, vid)</message>
  <nestedLevel>1</nestedLevel>
</record>
<record>
  <date>2018-06-22T12:00:48</date>
  <millis>1529649048237</millis>
  <sequence>152</sequence>
  <level>START</level>
  <class>com.kms.katalon.core.logging.KeywordLogger</class>
  <method>startKeyword</method>
  <thread>1</thread>
  <message>Start action : Statement - map.put(\&amp;quot;appID\&amp;quot;, aid)</message>
  <nestedLevel>1</nestedLevel>
  <property name="startLine">49</property>
  <property name="stepIndex">19</property>
</record>
<record>
  <date>2018-06-22T12:00:48</date>
  <millis>1529649048238</millis>
  <sequence>153</sequence>
  <level>END</level>
  <class>com.kms.katalon.core.logging.KeywordLogger</class>
  <method>endKeyword</method>
  <thread>1</thread>
  <message>End action : Statement - map.put(\&amp;quot;appID\&amp;quot;, aid)</message>
  <nestedLevel>1</nestedLevel>
</record>
<record>
  <date>2018-06-22T12:00:48</date>
  <millis>1529649048239</millis>
  <sequence>154</sequence>
  <level>START</level>
  <class>com.kms.katalon.core.logging.KeywordLogger</class>
  <method>startKeyword</method>
  <thread>1</thread>
  <message>Start action : Statement - map.put(\&amp;quot;subWSID\&amp;quot;, subid)</message>
  <nestedLevel>1</nestedLevel>
  <property name="startLine">50</property>
  <property name="stepIndex">20</property>
</record>
<record>
  <date>2018-06-22T12:00:48</date>
  <millis>1529649048239</millis>
  <sequence>155</sequence>
  <level>END</level>
  <class>com.kms.katalon.core.logging.KeywordLogger</class>
  <method>endKeyword</method>
  <thread>1</thread>
  <message>End action : Statement - map.put(\&amp;quot;subWSID\&amp;quot;, subid)</message>
  <nestedLevel>1</nestedLevel>
</record>
<record>
  <date>2018-06-22T12:00:48</date>
  <millis>1529649048240</millis>
  <sequence>156</sequence>
  <level>START</level>
  <class>com.kms.katalon.core.logging.KeywordLogger</class>
  <method>startKeyword</method>
  <thread>1</thread>
  <message>Start action : Statement - map.put(\&amp;quot;WSID\&amp;quot;, wsid)</message>
  <nestedLevel>1</nestedLevel>
  <property name="startLine">51</property>
  <property name="stepIndex">21</property>
</record>
<record>
  <date>2018-06-22T12:00:48</date>
  <millis>1529649048240</millis>
  <sequence>157</sequence>
  <level>END</level>
  <class>com.kms.katalon.core.logging.KeywordLogger</class>
  <method>endKeyword</method>
  <thread>1</thread>
  <message>End action : Statement - map.put(\&amp;quot;WSID\&amp;quot;, wsid)</message>
  <nestedLevel>1</nestedLevel>
</record>
<record>
  <date>2018-06-22T12:00:48</date>
  <millis>1529649048243</millis>
  <sequence>158</sequence>
  <level>START</level>
  <class>com.kms.katalon.core.logging.KeywordLogger</class>
  <method>startKeyword</method>
  <thread>1</thread>
  <message>Start action : Statement - map.put(\&amp;quot;REQID\&amp;quot;, reqid)</message>
  <nestedLevel>1</nestedLevel>
  <property name="startLine">52</property>
  <property name="stepIndex">22</property>
</record>
<record>
  <date>2018-06-22T12:00:48</date>
  <millis>1529649048243</millis>
  <sequence>159</sequence>
  <level>END</level>
  <class>com.kms.katalon.core.logging.KeywordLogger</class>
  <method>endKeyword</method>
  <thread>1</thread>
  <message>End action : Statement - map.put(\&amp;quot;REQID\&amp;quot;, reqid)</message>
  <nestedLevel>1</nestedLevel>
</record>
<record>
  <date>2018-06-22T12:00:48</date>
  <millis>1529649048244</millis>
  <sequence>160</sequence>
  <level>START</level>
  <class>com.kms.katalon.core.logging.KeywordLogger</class>
  <method>startKeyword</method>
  <thread>1</thread>
  <message>Start action : Statement - map.put(\&amp;quot;AccNo\&amp;quot;, accNo)</message>
  <nestedLevel>1</nestedLevel>
  <property name="startLine">53</property>
  <property name="stepIndex">23</property>
</record>
<record>
  <date>2018-06-22T12:00:48</date>
  <millis>1529649048246</millis>
  <sequence>161</sequence>
  <level>END</level>
  <class>com.kms.katalon.core.logging.KeywordLogger</class>
  <method>endKeyword</method>
  <thread>1</thread>
  <message>End action : Statement - map.put(\&amp;quot;AccNo\&amp;quot;, accNo)</message>
  <nestedLevel>1</nestedLevel>
</record>
<record>
  <date>2018-06-22T12:00:48</date>
  <millis>1529649048246</millis>
  <sequence>162</sequence>
  <level>START</level>
  <class>com.kms.katalon.core.logging.KeywordLogger</class>
  <method>startKeyword</method>
  <thread>1</thread>
  <message>Start action : Statement - return map</message>
  <nestedLevel>1</nestedLevel>
  <property name="startLine">54</property>
  <property name="stepIndex">24</property>
</record>
<record>
  <date>2018-06-22T12:00:48</date>
  <millis>1529649048247</millis>
  <sequence>163</sequence>
  <level>END</level>
  <class>com.kms.katalon.core.logging.KeywordLogger</class>
  <method>endKeyword</method>
  <thread>1</thread>
  <message>End action : Statement - return map</message>
  <nestedLevel>1</nestedLevel>
</record>
<record>
  <date>2018-06-22T12:00:48</date>
  <millis>1529649048247</millis>
  <sequence>164</sequence>
  <level>PASSED</level>
  <class>com.kms.katalon.core.logging.KeywordLogger</class>
  <method>logMessage</method>
  <thread>1</thread>
  <message>Test Cases/Studio Smoke Test Cases/ReadExcel</message>
  <nestedLevel>2</nestedLevel>
</record>
<record>
  <date>2018-06-22T12:00:48</date>
  <millis>1529649048247</millis>
  <sequence>165</sequence>
  <level>END</level>
  <class>com.kms.katalon.core.logging.KeywordLogger</class>
  <method>endTest</method>
  <thread>1</thread>
  <message>End Test Case : Test Cases/Studio Smoke Test Cases/ReadExcel</message>
  <nestedLevel>1</nestedLevel>
</record>
<record>
  <date>2018-06-22T12:00:48</date>
  <millis>1529649048280</millis>
  <sequence>166</sequence>
  <level>PASSED</level>
  <class>com.kms.katalon.core.logging.KeywordLogger</class>
  <method>logMessage</method>
  <thread>1</thread>
  <message>Call Test Case &amp;apos;Test Cases/Studio Smoke Test Cases/ReadExcel&amp;apos; successfully</message>
  <nestedLevel>1</nestedLevel>
</record>
<record>
  <date>2018-06-22T12:00:48</date>
  <millis>1529649048329</millis>
  <sequence>167</sequence>
  <level>END</level>
  <class>com.kms.katalon.core.logging.KeywordLogger</class>
  <method>endKeyword</method>
  <thread>1</thread>
  <message>End action : Statement - common = com.kms.katalon.core.webui.keyword.WebUiBuiltInKeywords.callTestCase(com.kms.katalon.core.testcase.TestCaseFactory.findTestCase(Test Cases/Studio Smoke Test Cases/ReadExcel), [:])</message>
  <nestedLevel>1</nestedLevel>
</record>
<record>
  <date>2018-06-22T12:00:48</date>
  <millis>1529649048330</millis>
  <sequence>168</sequence>
  <level>START</level>
  <class>com.kms.katalon.core.logging.KeywordLogger</class>
  <method>startKeyword</method>
  <thread>1</thread>
  <message>Start action : Statement - req_id = common[\&amp;quot;REQID\&amp;quot;]</message>
  <nestedLevel>1</nestedLevel>
  <property name="startLine">25</property>
  <property name="stepIndex">2</property>
</record>
<record>
  <date>2018-06-22T12:00:48</date>
  <millis>1529649048332</millis>
  <sequence>169</sequence>
  <level>END</level>
  <class>com.kms.katalon.core.logging.KeywordLogger</class>
  <method>endKeyword</method>
  <thread>1</thread>
  <message>End action : Statement - req_id = common[\&amp;quot;REQID\&amp;quot;]</message>
  <nestedLevel>1</nestedLevel>
</record>
<record>
  <date>2018-06-22T12:00:48</date>
  <millis>1529649048333</millis>
  <sequence>170</sequence>
  <level>START</level>
  <class>com.kms.katalon.core.logging.KeywordLogger</class>
  <method>startKeyword</method>
  <thread>1</thread>
  <message>Start action : Statement - println(req_id)</message>
  <nestedLevel>1</nestedLevel>
  <property name="startLine">27</property>
  <property name="stepIndex">3</property>
</record>
<record>
  <date>2018-06-22T12:00:48</date>
  <millis>1529649048336</millis>
  <sequence>171</sequence>
  <level>END</level>
  <class>com.kms.katalon.core.logging.KeywordLogger</class>
  <method>endKeyword</method>
  <thread>1</thread>
  <message>End action : Statement - println(req_id)</message>
  <nestedLevel>1</nestedLevel>
</record>
<record>
  <date>2018-06-22T12:00:48</date>
  <millis>1529649048337</millis>
  <sequence>172</sequence>
  <level>START</level>
  <class>com.kms.katalon.core.logging.KeywordLogger</class>
  <method>startKeyword</method>
  <thread>1</thread>
  <message>Start action : Statement - ws_id = common[\&amp;quot;WSID\&amp;quot;]</message>
  <nestedLevel>1</nestedLevel>
  <property name="startLine">29</property>
  <property name="stepIndex">4</property>
</record>
<record>
  <date>2018-06-22T12:00:48</date>
  <millis>1529649048338</millis>
  <sequence>173</sequence>
  <level>END</level>
  <class>com.kms.katalon.core.logging.KeywordLogger</class>
  <method>endKeyword</method>
  <thread>1</thread>
  <message>End action : Statement - ws_id = common[\&amp;quot;WSID\&amp;quot;]</message>
  <nestedLevel>1</nestedLevel>
</record>
<record>
  <date>2018-06-22T12:00:48</date>
  <millis>1529649048339</millis>
  <sequence>174</sequence>
  <level>START</level>
  <class>com.kms.katalon.core.logging.KeywordLogger</class>
  <method>startKeyword</method>
  <thread>1</thread>
  <message>Start action : Statement - println(ws_id)</message>
  <nestedLevel>1</nestedLevel>
  <property name="startLine">31</property>
  <property name="stepIndex">5</property>
</record>
<record>
  <date>2018-06-22T12:00:48</date>
  <millis>1529649048653</millis>
  <sequence>175</sequence>
  <level>END</level>
  <class>com.kms.katalon.core.logging.KeywordLogger</class>
  <method>endKeyword</method>
  <thread>1</thread>
  <message>End action : Statement - println(ws_id)</message>
  <nestedLevel>1</nestedLevel>
</record>
<record>
  <date>2018-06-22T12:00:48</date>
  <millis>1529649048653</millis>
  <sequence>176</sequence>
  <level>START</level>
  <class>com.kms.katalon.core.logging.KeywordLogger</class>
  <method>startKeyword</method>
  <thread>1</thread>
  <message>Start action : openBrowser</message>
  <nestedLevel>1</nestedLevel>
  <property name="startLine">33</property>
  <property name="stepIndex">6</property>
</record>
<record>
  <date>2018-06-22T12:00:49</date>
  <millis>1529649049080</millis>
  <sequence>177</sequence>
  <level>INFO</level>
  <class>com.kms.katalon.core.logging.KeywordLogger</class>
  <method>logMessage</method>
  <thread>1</thread>
  <message>Opening browser</message>
  <nestedLevel>1</nestedLevel>
</record>
<record>
  <date>2018-06-22T12:00:49</date>
  <millis>1529649049091</millis>
  <sequence>178</sequence>
  <level>INFO</level>
  <class>com.kms.katalon.core.logging.KeywordLogger</class>
  <method>logMessage</method>
  <thread>1</thread>
  <message>Starting &amp;apos;Chrome&amp;apos; driver</message>
  <nestedLevel>1</nestedLevel>
</record>
<record>
  <date>2018-06-22T12:00:49</date>
  <millis>1529649049123</millis>
  <sequence>179</sequence>
  <level>INFO</level>
  <class>com.kms.katalon.core.logging.KeywordLogger</class>
  <method>logMessage</method>
  <thread>1</thread>
  <message>Action delay is set to 0 seconds</message>
  <nestedLevel>1</nestedLevel>
</record>
