<?xml version="1.0" encoding="UTF-8" standalone="no"?>
<!DOCTYPE log SYSTEM "logger.dtd">
<log>
<record>
  <date>2018-07-27T12:16:38</date>
  <millis>1532673998272</millis>
  <sequence>0</sequence>
  <level>START</level>
  <class>com.kms.katalon.core.logging.KeywordLogger</class>
  <method>startSuite</method>
  <thread>1</thread>
  <message>Start Test Suite : Test Suites/WebService_Suite</message>
  <nestedLevel>0</nestedLevel>
  <property name="name">WebService_Suite</property>
  <property name="description"></property>
  <property name="id">Test Suites/WebService_Suite</property>
</record>
<record>
  <date>2018-07-27T12:16:38</date>
  <millis>1532673998312</millis>
  <sequence>1</sequence>
  <level>RUN_DATA</level>
  <class>com.kms.katalon.core.logging.KeywordLogger</class>
  <method>logMessage</method>
  <thread>1</thread>
  <message>Logging run data &amp;apos;hostName&amp;apos; with value &amp;apos;arokia.raj - N9449.intellectdesign.com&amp;apos;</message>
  <nestedLevel>0</nestedLevel>
  <property name="hostName">arokia.raj - N9449.intellectdesign.com</property>
</record>
<record>
  <date>2018-07-27T12:16:38</date>
  <millis>1532673998315</millis>
  <sequence>2</sequence>
  <level>RUN_DATA</level>
  <class>com.kms.katalon.core.logging.KeywordLogger</class>
  <method>logMessage</method>
  <thread>1</thread>
  <message>Logging run data &amp;apos;os&amp;apos; with value &amp;apos;Windows 7 64bit&amp;apos;</message>
  <nestedLevel>0</nestedLevel>
  <property name="os">Windows 7 64bit</property>
</record>
<record>
  <date>2018-07-27T12:16:38</date>
  <millis>1532673998315</millis>
  <sequence>3</sequence>
  <level>RUN_DATA</level>
  <class>com.kms.katalon.core.logging.KeywordLogger</class>
  <method>logMessage</method>
  <thread>1</thread>
  <message>Logging run data &amp;apos;hostAddress&amp;apos; with value &amp;apos;172.29.25.83&amp;apos;</message>
  <nestedLevel>0</nestedLevel>
  <property name="hostAddress">172.29.25.83</property>
</record>
<record>
  <date>2018-07-27T12:16:38</date>
  <millis>1532673998317</millis>
  <sequence>4</sequence>
  <level>RUN_DATA</level>
  <class>com.kms.katalon.core.logging.KeywordLogger</class>
  <method>logMessage</method>
  <thread>1</thread>
  <message>Logging run data &amp;apos;katalonVersion&amp;apos; with value &amp;apos;5.4.1.1&amp;apos;</message>
  <nestedLevel>0</nestedLevel>
  <property name="katalonVersion">5.4.1.1</property>
</record>
<record>
  <date>2018-07-27T12:16:38</date>
  <millis>1532673998736</millis>
  <sequence>5</sequence>
  <level>START</level>
  <class>com.kms.katalon.core.logging.KeywordLogger</class>
  <method>startTest</method>
  <thread>1</thread>
  <message>Start Test Case : Test Cases/Smoke Test/New WebService Connection</message>
  <nestedLevel>1</nestedLevel>
  <property name="name">Test Cases/Smoke Test/New WebService Connection</property>
  <property name="description">New_Create New Connection</property>
  <property name="id">Test Cases/Smoke Test/New WebService Connection</property>
  <property name="source">D:\\Sheepa\\Katalon\\Studio Smoke Test\\Studio Smoke Test\\Test Cases\\Smoke Test\\New WebService Connection.tc</property>
  <property name="isOptional">false</property>
</record>
<record>
  <date>2018-07-27T12:16:38</date>
  <millis>1532673998825</millis>
  <sequence>6</sequence>
  <level>INFO</level>
  <class>com.kms.katalon.core.logging.KeywordLogger</class>
  <method>logMessage</method>
  <thread>1</thread>
  <message>Evaluating variables for test case</message>
  <nestedLevel>1</nestedLevel>
</record>
<record>
  <date>2018-07-27T12:16:39</date>
  <millis>1532673999334</millis>
  <sequence>7</sequence>
  <level>START</level>
  <class>com.kms.katalon.core.logging.KeywordLogger</class>
  <method>startKeyword</method>
  <thread>1</thread>
  <message>Start action : openBrowser</message>
  <nestedLevel>1</nestedLevel>
  <property name="startLine">23</property>
  <property name="stepIndex">1</property>
</record>
<record>
  <date>2018-07-27T12:16:39</date>
  <millis>1532673999797</millis>
  <sequence>8</sequence>
  <level>INFO</level>
  <class>com.kms.katalon.core.logging.KeywordLogger</class>
  <method>logMessage</method>
  <thread>1</thread>
  <message>Opening browser</message>
  <nestedLevel>1</nestedLevel>
</record>
<record>
  <date>2018-07-27T12:16:39</date>
  <millis>1532673999803</millis>
  <sequence>9</sequence>
  <level>INFO</level>
  <class>com.kms.katalon.core.logging.KeywordLogger</class>
  <method>logMessage</method>
  <thread>1</thread>
  <message>Starting &amp;apos;Chrome&amp;apos; driver</message>
  <nestedLevel>1</nestedLevel>
</record>
<record>
  <date>2018-07-27T12:16:39</date>
  <millis>1532673999834</millis>
  <sequence>10</sequence>
  <level>INFO</level>
  <class>com.kms.katalon.core.logging.KeywordLogger</class>
  <method>logMessage</method>
  <thread>1</thread>
  <message>Action delay is set to 0 seconds</message>
  <nestedLevel>1</nestedLevel>
</record>
<record>
  <date>2018-07-27T12:16:45</date>
  <millis>1532674005760</millis>
  <sequence>12</sequence>
  <level>RUN_DATA</level>
  <class>com.kms.katalon.core.logging.KeywordLogger</class>
  <method>logMessage</method>
  <thread>1</thread>
  <message>Logging run data &amp;apos;sessionId&amp;apos; with value &amp;apos;ddb6dc208988d94a02604a42a1482a01&amp;apos;</message>
  <nestedLevel>1</nestedLevel>
  <property name="sessionId">ddb6dc208988d94a02604a42a1482a01</property>
</record>
<record>
  <date>2018-07-27T12:16:45</date>
  <millis>1532674005784</millis>
  <sequence>13</sequence>
  <level>RUN_DATA</level>
  <class>com.kms.katalon.core.logging.KeywordLogger</class>
  <method>logMessage</method>
  <thread>1</thread>
  <message>Logging run data &amp;apos;browser&amp;apos; with value &amp;apos;Chrome 67.0.3396.99&amp;apos;</message>
  <nestedLevel>1</nestedLevel>
  <property name="browser">Chrome 67.0.3396.99</property>
</record>
<record>
  <date>2018-07-27T12:16:45</date>
  <millis>1532674005786</millis>
  <sequence>14</sequence>
  <level>RUN_DATA</level>
  <class>com.kms.katalon.core.logging.KeywordLogger</class>
  <method>logMessage</method>
  <thread>1</thread>
  <message>Logging run data &amp;apos;platform&amp;apos; with value &amp;apos;Windows 7&amp;apos;</message>
  <nestedLevel>1</nestedLevel>
  <property name="platform">Windows 7</property>
</record>
<record>
  <date>2018-07-27T12:16:45</date>
  <millis>1532674005788</millis>
  <sequence>15</sequence>
  <level>RUN_DATA</level>
  <class>com.kms.katalon.core.logging.KeywordLogger</class>
  <method>logMessage</method>
  <thread>1</thread>
  <message>Logging run data &amp;apos;seleniumVersion&amp;apos; with value &amp;apos;3.7.1&amp;apos;</message>
  <nestedLevel>1</nestedLevel>
  <property name="seleniumVersion">3.7.1</property>
</record>
<record>
  <date>2018-07-27T12:16:45</date>
  <millis>1532674005788</millis>
  <sequence>16</sequence>
  <level>RUN_DATA</level>
  <class>com.kms.katalon.core.logging.KeywordLogger</class>
  <method>logMessage</method>
  <thread>1</thread>
  <message>Logging run data &amp;apos;proxyInformation&amp;apos; with value &amp;apos;ProxyInformation{proxyOption=NO_PROXY, proxyServerType=HTTP, password=, proxyServerAddress=, proxyServerPort=0}&amp;apos;</message>
  <nestedLevel>1</nestedLevel>
  <property name="proxyInformation">ProxyInformation{proxyOption=NO_PROXY, proxyServerType=HTTP, password=, proxyServerAddress=, proxyServerPort=0}</property>
</record>
<record>
  <date>2018-07-27T12:16:45</date>
  <millis>1532674005788</millis>
  <sequence>17</sequence>
  <level>PASSED</level>
  <class>com.kms.katalon.core.logging.KeywordLogger</class>
  <method>logMessage</method>
  <thread>1</thread>
  <message>Browser is opened with url: &amp;apos;&amp;apos;</message>
  <nestedLevel>1</nestedLevel>
</record>
<record>
  <date>2018-07-27T12:16:45</date>
  <millis>1532674005788</millis>
  <sequence>18</sequence>
  <level>END</level>
  <class>com.kms.katalon.core.logging.KeywordLogger</class>
  <method>endKeyword</method>
  <thread>1</thread>
  <message>End action : openBrowser</message>
  <nestedLevel>1</nestedLevel>
</record>
<record>
  <date>2018-07-27T12:16:45</date>
  <millis>1532674005788</millis>
  <sequence>19</sequence>
  <level>START</level>
  <class>com.kms.katalon.core.logging.KeywordLogger</class>
  <method>startKeyword</method>
  <thread>1</thread>
  <message>Start action : maximizeWindow</message>
  <nestedLevel>1</nestedLevel>
  <property name="startLine">25</property>
  <property name="stepIndex">2</property>
</record>
<record>
  <date>2018-07-27T12:16:45</date>
  <millis>1532674005803</millis>
  <sequence>20</sequence>
  <level>INFO</level>
  <class>com.kms.katalon.core.logging.KeywordLogger</class>
  <method>logMessage</method>
  <thread>1</thread>
  <message>Maximizing current window</message>
  <nestedLevel>1</nestedLevel>
</record>
<record>
  <date>2018-07-27T12:16:46</date>
  <millis>1532674006989</millis>
  <sequence>21</sequence>
  <level>PASSED</level>
  <class>com.kms.katalon.core.logging.KeywordLogger</class>
  <method>logMessage</method>
  <thread>1</thread>
  <message>Current window maximized</message>
  <nestedLevel>1</nestedLevel>
</record>
<record>
  <date>2018-07-27T12:16:46</date>
  <millis>1532674006990</millis>
  <sequence>22</sequence>
  <level>END</level>
  <class>com.kms.katalon.core.logging.KeywordLogger</class>
  <method>endKeyword</method>
  <thread>1</thread>
  <message>End action : maximizeWindow</message>
  <nestedLevel>1</nestedLevel>
</record>
<record>
  <date>2018-07-27T12:16:46</date>
  <millis>1532674006991</millis>
  <sequence>23</sequence>
  <level>START</level>
  <class>com.kms.katalon.core.logging.KeywordLogger</class>
  <method>startKeyword</method>
  <thread>1</thread>
  <message>Start action : navigateToUrl</message>
  <nestedLevel>1</nestedLevel>
  <property name="startLine">27</property>
  <property name="stepIndex">3</property>
</record>
<record>
  <date>2018-07-27T12:16:47</date>
  <millis>1532674007011</millis>
  <sequence>24</sequence>
  <level>INFO</level>
  <class>com.kms.katalon.core.logging.KeywordLogger</class>
  <method>logMessage</method>
  <thread>1</thread>
  <message>Checking url</message>
  <nestedLevel>1</nestedLevel>
</record>
<record>
  <date>2018-07-27T12:16:47</date>
  <millis>1532674007012</millis>
  <sequence>25</sequence>
  <level>INFO</level>
  <class>com.kms.katalon.core.logging.KeywordLogger</class>
  <method>logMessage</method>
  <thread>1</thread>
  <message>Navigating to &amp;apos;http://localhost:8082/expertctstudio/&amp;apos;</message>
  <nestedLevel>1</nestedLevel>
</record>
<record>
  <date>2018-07-27T12:17:08</date>
  <millis>1532674028600</millis>
  <sequence>26</sequence>
  <level>PASSED</level>
  <class>com.kms.katalon.core.logging.KeywordLogger</class>
  <method>logMessage</method>
  <thread>1</thread>
  <message>Navigate to &amp;apos;http://localhost:8082/expertctstudio/&amp;apos; successfully</message>
  <nestedLevel>1</nestedLevel>
</record>
<record>
  <date>2018-07-27T12:17:08</date>
  <millis>1532674028601</millis>
  <sequence>27</sequence>
  <level>END</level>
  <class>com.kms.katalon.core.logging.KeywordLogger</class>
  <method>endKeyword</method>
  <thread>1</thread>
  <message>End action : navigateToUrl</message>
  <nestedLevel>1</nestedLevel>
</record>
<record>
  <date>2018-07-27T12:17:08</date>
  <millis>1532674028602</millis>
  <sequence>28</sequence>
  <level>START</level>
  <class>com.kms.katalon.core.logging.KeywordLogger</class>
  <method>startKeyword</method>
  <thread>1</thread>
  <message>Start action : Statement - java.lang.Thread.sleep(3000)</message>
  <nestedLevel>1</nestedLevel>
  <property name="startLine">29</property>
  <property name="stepIndex">4</property>
</record>
<record>
  <date>2018-07-27T12:17:11</date>
  <millis>1532674031609</millis>
  <sequence>29</sequence>
  <level>END</level>
  <class>com.kms.katalon.core.logging.KeywordLogger</class>
  <method>endKeyword</method>
  <thread>1</thread>
  <message>End action : Statement - java.lang.Thread.sleep(3000)</message>
  <nestedLevel>1</nestedLevel>
</record>
<record>
  <date>2018-07-27T12:17:11</date>
  <millis>1532674031611</millis>
  <sequence>30</sequence>
  <level>START</level>
  <class>com.kms.katalon.core.logging.KeywordLogger</class>
  <method>startKeyword</method>
  <thread>1</thread>
  <message>Start action : setText</message>
  <nestedLevel>1</nestedLevel>
  <property name="startLine">41</property>
  <property name="stepIndex">5</property>
</record>
<record>
  <date>2018-07-27T12:17:11</date>
  <millis>1532674031630</millis>
  <sequence>31</sequence>
  <level>INFO</level>
  <class>com.kms.katalon.core.logging.KeywordLogger</class>
  <method>logMessage</method>
  <thread>1</thread>
  <message>Finding Test Object with id &amp;apos;Object Repository/DB_Connectio/Page_Canvas World/Page_Expert CT Studio/input_loginID&amp;apos;</message>
  <nestedLevel>1</nestedLevel>
</record>
<record>
  <date>2018-07-27T12:17:11</date>
  <millis>1532674031652</millis>
  <sequence>32</sequence>
  <level>INFO</level>
  <class>com.kms.katalon.core.logging.KeywordLogger</class>
  <method>logMessage</method>
  <thread>1</thread>
  <message>Checking object</message>
  <nestedLevel>1</nestedLevel>
</record>
<record>
  <date>2018-07-27T12:17:11</date>
  <millis>1532674031652</millis>
  <sequence>33</sequence>
  <level>INFO</level>
  <class>com.kms.katalon.core.logging.KeywordLogger</class>
  <method>logMessage</method>
  <thread>1</thread>
  <message>Checking text</message>
  <nestedLevel>1</nestedLevel>
</record>
<record>
  <date>2018-07-27T12:17:11</date>
  <millis>1532674031652</millis>
  <sequence>34</sequence>
  <level>INFO</level>
  <class>com.kms.katalon.core.logging.KeywordLogger</class>
  <method>logMessage</method>
  <thread>1</thread>
  <message>Checking timeout</message>
  <nestedLevel>1</nestedLevel>
</record>
<record>
  <date>2018-07-27T12:17:11</date>
  <millis>1532674031668</millis>
  <sequence>35</sequence>
  <level>INFO</level>
  <class>com.kms.katalon.core.logging.KeywordLogger</class>
  <method>logMessage</method>
  <thread>1</thread>
  <message>Finding web element with id: &amp;apos;Object Repository/DB_Connectio/Page_Canvas World/Page_Expert CT Studio/input_loginID&amp;apos; located by &amp;apos;By.xpath: //input[@type = &amp;apos;text&amp;apos; and @name = &amp;apos;loginID&amp;apos; and @id = &amp;apos;loginID&amp;apos; and @placeholder = &amp;apos;Username&amp;apos;]&amp;apos; in &amp;apos;30&amp;apos; second(s)</message>
  <nestedLevel>1</nestedLevel>
</record>
<record>
  <date>2018-07-27T12:17:11</date>
  <millis>1532674031719</millis>
  <sequence>36</sequence>
  <level>INFO</level>
  <class>com.kms.katalon.core.logging.KeywordLogger</class>
  <method>logMessage</method>
  <thread>1</thread>
  <message>Found 1 web elements with id: &amp;apos;Object Repository/DB_Connectio/Page_Canvas World/Page_Expert CT Studio/input_loginID&amp;apos; located by &amp;apos;By.xpath: //input[@type = &amp;apos;text&amp;apos; and @name = &amp;apos;loginID&amp;apos; and @id = &amp;apos;loginID&amp;apos; and @placeholder = &amp;apos;Username&amp;apos;]&amp;apos; in &amp;apos;30&amp;apos; second(s)</message>
  <nestedLevel>1</nestedLevel>
</record>
<record>
  <date>2018-07-27T12:17:11</date>
  <millis>1532674031719</millis>
  <sequence>37</sequence>
  <level>INFO</level>
  <class>com.kms.katalon.core.logging.KeywordLogger</class>
  <method>logMessage</method>
  <thread>1</thread>
  <message>Clearing text of object &amp;apos;Object Repository/DB_Connectio/Page_Canvas World/Page_Expert CT Studio/input_loginID&amp;apos;</message>
  <nestedLevel>1</nestedLevel>
</record>
<record>
  <date>2018-07-27T12:17:11</date>
  <millis>1532674031752</millis>
  <sequence>38</sequence>
  <level>INFO</level>
  <class>com.kms.katalon.core.logging.KeywordLogger</class>
  <method>logMessage</method>
  <thread>1</thread>
  <message>Checking timeout</message>
  <nestedLevel>1</nestedLevel>
</record>
<record>
  <date>2018-07-27T12:17:11</date>
  <millis>1532674031752</millis>
  <sequence>39</sequence>
  <level>INFO</level>
  <class>com.kms.katalon.core.logging.KeywordLogger</class>
  <method>logMessage</method>
  <thread>1</thread>
  <message>Finding web element with id: &amp;apos;Object Repository/DB_Connectio/Page_Canvas World/Page_Expert CT Studio/input_loginID&amp;apos; located by &amp;apos;By.xpath: //input[@type = &amp;apos;text&amp;apos; and @name = &amp;apos;loginID&amp;apos; and @id = &amp;apos;loginID&amp;apos; and @placeholder = &amp;apos;Username&amp;apos;]&amp;apos; in &amp;apos;30&amp;apos; second(s)</message>
  <nestedLevel>1</nestedLevel>
</record>
<record>
  <date>2018-07-27T12:17:11</date>
  <millis>1532674031785</millis>
  <sequence>40</sequence>
  <level>INFO</level>
  <class>com.kms.katalon.core.logging.KeywordLogger</class>
  <method>logMessage</method>
  <thread>1</thread>
  <message>Found 1 web elements with id: &amp;apos;Object Repository/DB_Connectio/Page_Canvas World/Page_Expert CT Studio/input_loginID&amp;apos; located by &amp;apos;By.xpath: //input[@type = &amp;apos;text&amp;apos; and @name = &amp;apos;loginID&amp;apos; and @id = &amp;apos;loginID&amp;apos; and @placeholder = &amp;apos;Username&amp;apos;]&amp;apos; in &amp;apos;30&amp;apos; second(s)</message>
  <nestedLevel>1</nestedLevel>
</record>
<record>
  <date>2018-07-27T12:17:11</date>
  <millis>1532674031785</millis>
  <sequence>41</sequence>
  <level>INFO</level>
  <class>com.kms.katalon.core.logging.KeywordLogger</class>
  <method>logMessage</method>
  <thread>1</thread>
  <message>Setting text of object &amp;apos;Object Repository/DB_Connectio/Page_Canvas World/Page_Expert CT Studio/input_loginID&amp;apos; to value &amp;apos;CTSTUD1&amp;apos;</message>
  <nestedLevel>1</nestedLevel>
</record>
<record>
  <date>2018-07-27T12:17:11</date>
  <millis>1532674031908</millis>
  <sequence>42</sequence>
  <level>PASSED</level>
  <class>com.kms.katalon.core.logging.KeywordLogger</class>
  <method>logMessage</method>
  <thread>1</thread>
  <message>Text &amp;apos;CTSTUD1&amp;apos; is set on object &amp;apos;Object Repository/DB_Connectio/Page_Canvas World/Page_Expert CT Studio/input_loginID&amp;apos;</message>
  <nestedLevel>1</nestedLevel>
</record>
<record>
  <date>2018-07-27T12:17:11</date>
  <millis>1532674031909</millis>
  <sequence>43</sequence>
  <level>END</level>
  <class>com.kms.katalon.core.logging.KeywordLogger</class>
  <method>endKeyword</method>
  <thread>1</thread>
  <message>End action : setText</message>
  <nestedLevel>1</nestedLevel>
</record>
<record>
  <date>2018-07-27T12:17:11</date>
  <millis>1532674031910</millis>
  <sequence>44</sequence>
  <level>START</level>
  <class>com.kms.katalon.core.logging.KeywordLogger</class>
  <method>startKeyword</method>
  <thread>1</thread>
  <message>Start action : setText</message>
  <nestedLevel>1</nestedLevel>
  <property name="startLine">43</property>
  <property name="stepIndex">6</property>
</record>
<record>
  <date>2018-07-27T12:17:11</date>
  <millis>1532674031911</millis>
  <sequence>45</sequence>
  <level>INFO</level>
  <class>com.kms.katalon.core.logging.KeywordLogger</class>
  <method>logMessage</method>
  <thread>1</thread>
  <message>Finding Test Object with id &amp;apos;Object Repository/DB_Connectio/Page_Canvas World/Page_Expert CT Studio/input_loginPSW&amp;apos;</message>
  <nestedLevel>1</nestedLevel>
</record>
<record>
  <date>2018-07-27T12:17:11</date>
  <millis>1532674031926</millis>
  <sequence>46</sequence>
  <level>INFO</level>
  <class>com.kms.katalon.core.logging.KeywordLogger</class>
  <method>logMessage</method>
  <thread>1</thread>
  <message>Checking object</message>
  <nestedLevel>1</nestedLevel>
</record>
<record>
  <date>2018-07-27T12:17:11</date>
  <millis>1532674031926</millis>
  <sequence>47</sequence>
  <level>INFO</level>
  <class>com.kms.katalon.core.logging.KeywordLogger</class>
  <method>logMessage</method>
  <thread>1</thread>
  <message>Checking text</message>
  <nestedLevel>1</nestedLevel>
</record>
<record>
  <date>2018-07-27T12:17:11</date>
  <millis>1532674031927</millis>
  <sequence>48</sequence>
  <level>INFO</level>
  <class>com.kms.katalon.core.logging.KeywordLogger</class>
  <method>logMessage</method>
  <thread>1</thread>
  <message>Checking timeout</message>
  <nestedLevel>1</nestedLevel>
</record>
<record>
  <date>2018-07-27T12:17:11</date>
  <millis>1532674031929</millis>
  <sequence>49</sequence>
  <level>INFO</level>
  <class>com.kms.katalon.core.logging.KeywordLogger</class>
  <method>logMessage</method>
  <thread>1</thread>
  <message>Finding web element with id: &amp;apos;Object Repository/DB_Connectio/Page_Canvas World/Page_Expert CT Studio/input_loginPSW&amp;apos; located by &amp;apos;By.xpath: //input[@type = &amp;apos;password&amp;apos; and @name = &amp;apos;loginPSW&amp;apos; and @id = &amp;apos;loginPSW&amp;apos; and @placeholder = &amp;apos;Password&amp;apos;]&amp;apos; in &amp;apos;30&amp;apos; second(s)</message>
  <nestedLevel>1</nestedLevel>
</record>
<record>
  <date>2018-07-27T12:17:11</date>
  <millis>1532674031952</millis>
  <sequence>50</sequence>
  <level>INFO</level>
  <class>com.kms.katalon.core.logging.KeywordLogger</class>
  <method>logMessage</method>
  <thread>1</thread>
  <message>Found 1 web elements with id: &amp;apos;Object Repository/DB_Connectio/Page_Canvas World/Page_Expert CT Studio/input_loginPSW&amp;apos; located by &amp;apos;By.xpath: //input[@type = &amp;apos;password&amp;apos; and @name = &amp;apos;loginPSW&amp;apos; and @id = &amp;apos;loginPSW&amp;apos; and @placeholder = &amp;apos;Password&amp;apos;]&amp;apos; in &amp;apos;30&amp;apos; second(s)</message>
  <nestedLevel>1</nestedLevel>
</record>
<record>
  <date>2018-07-27T12:17:11</date>
  <millis>1532674031952</millis>
  <sequence>51</sequence>
  <level>INFO</level>
  <class>com.kms.katalon.core.logging.KeywordLogger</class>
  <method>logMessage</method>
  <thread>1</thread>
  <message>Clearing text of object &amp;apos;Object Repository/DB_Connectio/Page_Canvas World/Page_Expert CT Studio/input_loginPSW&amp;apos;</message>
  <nestedLevel>1</nestedLevel>
</record>
<record>
  <date>2018-07-27T12:17:12</date>
  <millis>1532674032002</millis>
  <sequence>52</sequence>
  <level>INFO</level>
  <class>com.kms.katalon.core.logging.KeywordLogger</class>
  <method>logMessage</method>
  <thread>1</thread>
  <message>Checking timeout</message>
  <nestedLevel>1</nestedLevel>
</record>
<record>
  <date>2018-07-27T12:17:12</date>
  <millis>1532674032002</millis>
  <sequence>53</sequence>
  <level>INFO</level>
  <class>com.kms.katalon.core.logging.KeywordLogger</class>
  <method>logMessage</method>
  <thread>1</thread>
  <message>Finding web element with id: &amp;apos;Object Repository/DB_Connectio/Page_Canvas World/Page_Expert CT Studio/input_loginPSW&amp;apos; located by &amp;apos;By.xpath: //input[@type = &amp;apos;password&amp;apos; and @name = &amp;apos;loginPSW&amp;apos; and @id = &amp;apos;loginPSW&amp;apos; and @placeholder = &amp;apos;Password&amp;apos;]&amp;apos; in &amp;apos;30&amp;apos; second(s)</message>
  <nestedLevel>1</nestedLevel>
</record>
<record>
  <date>2018-07-27T12:17:12</date>
  <millis>1532674032040</millis>
  <sequence>54</sequence>
  <level>INFO</level>
  <class>com.kms.katalon.core.logging.KeywordLogger</class>
  <method>logMessage</method>
  <thread>1</thread>
  <message>Found 1 web elements with id: &amp;apos;Object Repository/DB_Connectio/Page_Canvas World/Page_Expert CT Studio/input_loginPSW&amp;apos; located by &amp;apos;By.xpath: //input[@type = &amp;apos;password&amp;apos; and @name = &amp;apos;loginPSW&amp;apos; and @id = &amp;apos;loginPSW&amp;apos; and @placeholder = &amp;apos;Password&amp;apos;]&amp;apos; in &amp;apos;30&amp;apos; second(s)</message>
  <nestedLevel>1</nestedLevel>
</record>
<record>
  <date>2018-07-27T12:17:12</date>
  <millis>1532674032041</millis>
  <sequence>55</sequence>
  <level>INFO</level>
  <class>com.kms.katalon.core.logging.KeywordLogger</class>
  <method>logMessage</method>
  <thread>1</thread>
  <message>Setting text of object &amp;apos;Object Repository/DB_Connectio/Page_Canvas World/Page_Expert CT Studio/input_loginPSW&amp;apos; to value &amp;apos;TEST123&amp;apos;</message>
  <nestedLevel>1</nestedLevel>
</record>
<record>
  <date>2018-07-27T12:17:12</date>
  <millis>1532674032151</millis>
  <sequence>56</sequence>
  <level>PASSED</level>
  <class>com.kms.katalon.core.logging.KeywordLogger</class>
  <method>logMessage</method>
  <thread>1</thread>
  <message>Text &amp;apos;TEST123&amp;apos; is set on object &amp;apos;Object Repository/DB_Connectio/Page_Canvas World/Page_Expert CT Studio/input_loginPSW&amp;apos;</message>
  <nestedLevel>1</nestedLevel>
</record>
<record>
  <date>2018-07-27T12:17:12</date>
  <millis>1532674032152</millis>
  <sequence>57</sequence>
  <level>END</level>
  <class>com.kms.katalon.core.logging.KeywordLogger</class>
  <method>endKeyword</method>
  <thread>1</thread>
  <message>End action : setText</message>
  <nestedLevel>1</nestedLevel>
</record>
<record>
  <date>2018-07-27T12:17:12</date>
  <millis>1532674032153</millis>
  <sequence>58</sequence>
  <level>START</level>
  <class>com.kms.katalon.core.logging.KeywordLogger</class>
  <method>startKeyword</method>
  <thread>1</thread>
  <message>Start action : click</message>
  <nestedLevel>1</nestedLevel>
  <property name="startLine">45</property>
  <property name="stepIndex">7</property>
</record>
<record>
  <date>2018-07-27T12:17:12</date>
  <millis>1532674032154</millis>
  <sequence>59</sequence>
  <level>INFO</level>
  <class>com.kms.katalon.core.logging.KeywordLogger</class>
  <method>logMessage</method>
  <thread>1</thread>
  <message>Finding Test Object with id &amp;apos;Object Repository/DB_Connectio/Page_Canvas World/Page_Expert CT Studio/input_commit&amp;apos;</message>
  <nestedLevel>1</nestedLevel>
</record>
<record>
  <date>2018-07-27T12:17:12</date>
  <millis>1532674032176</millis>
  <sequence>60</sequence>
  <level>INFO</level>
  <class>com.kms.katalon.core.logging.KeywordLogger</class>
  <method>logMessage</method>
  <thread>1</thread>
  <message>Checking object</message>
  <nestedLevel>1</nestedLevel>
</record>
<record>
  <date>2018-07-27T12:17:12</date>
  <millis>1532674032176</millis>
  <sequence>61</sequence>
  <level>INFO</level>
  <class>com.kms.katalon.core.logging.KeywordLogger</class>
  <method>logMessage</method>
  <thread>1</thread>
  <message>Checking timeout</message>
  <nestedLevel>1</nestedLevel>
</record>
<record>
  <date>2018-07-27T12:17:12</date>
  <millis>1532674032177</millis>
  <sequence>62</sequence>
  <level>INFO</level>
  <class>com.kms.katalon.core.logging.KeywordLogger</class>
  <method>logMessage</method>
  <thread>1</thread>
  <message>Finding web element with id: &amp;apos;Object Repository/DB_Connectio/Page_Canvas World/Page_Expert CT Studio/input_commit&amp;apos; located by &amp;apos;By.xpath: //input[@type = &amp;apos;submit&amp;apos; and @name = &amp;apos;commit&amp;apos;]&amp;apos; in &amp;apos;30&amp;apos; second(s)</message>
  <nestedLevel>1</nestedLevel>
</record>
<record>
  <date>2018-07-27T12:17:12</date>
  <millis>1532674032211</millis>
  <sequence>63</sequence>
  <level>INFO</level>
  <class>com.kms.katalon.core.logging.KeywordLogger</class>
  <method>logMessage</method>
  <thread>1</thread>
  <message>Found 1 web elements with id: &amp;apos;Object Repository/DB_Connectio/Page_Canvas World/Page_Expert CT Studio/input_commit&amp;apos; located by &amp;apos;By.xpath: //input[@type = &amp;apos;submit&amp;apos; and @name = &amp;apos;commit&amp;apos;]&amp;apos; in &amp;apos;30&amp;apos; second(s)</message>
  <nestedLevel>1</nestedLevel>
</record>
<record>
  <date>2018-07-27T12:17:12</date>
  <millis>1532674032211</millis>
  <sequence>64</sequence>
  <level>INFO</level>
  <class>com.kms.katalon.core.logging.KeywordLogger</class>
  <method>logMessage</method>
  <thread>1</thread>
  <message>Clicking on object: &amp;apos;Object Repository/DB_Connectio/Page_Canvas World/Page_Expert CT Studio/input_commit&amp;apos;</message>
  <nestedLevel>1</nestedLevel>
</record>
<record>
  <date>2018-07-27T12:17:14</date>
  <millis>1532674034473</millis>
  <sequence>65</sequence>
  <level>PASSED</level>
  <class>com.kms.katalon.core.logging.KeywordLogger</class>
  <method>logMessage</method>
  <thread>1</thread>
  <message>Object: &amp;apos;Object Repository/DB_Connectio/Page_Canvas World/Page_Expert CT Studio/input_commit&amp;apos; is clicked on</message>
  <nestedLevel>1</nestedLevel>
</record>
<record>
  <date>2018-07-27T12:17:14</date>
  <millis>1532674034474</millis>
  <sequence>66</sequence>
  <level>END</level>
  <class>com.kms.katalon.core.logging.KeywordLogger</class>
  <method>endKeyword</method>
  <thread>1</thread>
  <message>End action : click</message>
  <nestedLevel>1</nestedLevel>
</record>
<record>
  <date>2018-07-27T12:17:14</date>
  <millis>1532674034475</millis>
  <sequence>67</sequence>
  <level>START</level>
  <class>com.kms.katalon.core.logging.KeywordLogger</class>
  <method>startKeyword</method>
  <thread>1</thread>
  <message>Start action : Statement - returnVal_View = delete()</message>
  <nestedLevel>1</nestedLevel>
  <property name="startLine">47</property>
  <property name="stepIndex">8</property>
</record>
<record>
  <date>2018-07-27T12:17:14</date>
  <millis>1532674034476</millis>
  <sequence>68</sequence>
  <level>END</level>
  <class>com.kms.katalon.core.logging.KeywordLogger</class>
  <method>endKeyword</method>
  <thread>1</thread>
  <message>End action : Statement - returnVal_View = delete()</message>
  <nestedLevel>1</nestedLevel>
</record>
<record>
  <date>2018-07-27T12:17:14</date>
  <millis>1532674034476</millis>
  <sequence>69</sequence>
  <level>START</level>
  <class>com.kms.katalon.core.logging.KeywordLogger</class>
  <method>startKeyword</method>
  <thread>1</thread>
  <message>Start action : Statement - selectconn = \&amp;quot;(//span[contains(text(),&amp;apos;\&amp;quot; + com.kms.katalon.core.testdata.TestDataFactory.findTestData(Database).getValue(\&amp;quot;Connection_Name\&amp;quot;, 3) + \&amp;quot;&amp;apos;)])[1]\&amp;quot;</message>
  <nestedLevel>1</nestedLevel>
  <property name="startLine">165</property>
  <property name="stepIndex">1</property>
</record>
<record>
  <date>2018-07-27T12:17:14</date>
  <millis>1532674034485</millis>
  <sequence>70</sequence>
  <level>INFO</level>
  <class>com.kms.katalon.core.logging.KeywordLogger</class>
  <method>logMessage</method>
  <thread>1</thread>
  <message>Checking test data id</message>
  <nestedLevel>1</nestedLevel>
</record>
<record>
  <date>2018-07-27T12:17:14</date>
  <millis>1532674034486</millis>
  <sequence>71</sequence>
  <level>INFO</level>
  <class>com.kms.katalon.core.logging.KeywordLogger</class>
  <method>logMessage</method>
  <thread>1</thread>
  <message>Finding test data with id &amp;apos;Data Files/Database&amp;apos;</message>
  <nestedLevel>1</nestedLevel>
</record>
<record>
  <date>2018-07-27T12:17:14</date>
  <millis>1532674034494</millis>
  <sequence>72</sequence>
  <level>INFO</level>
  <class>com.kms.katalon.core.logging.KeywordLogger</class>
  <method>logMessage</method>
  <thread>1</thread>
  <message>Test data is excel file, reading excel file</message>
  <nestedLevel>1</nestedLevel>
</record>
<record>
  <date>2018-07-27T12:17:14</date>
  <millis>1532674034496</millis>
  <sequence>73</sequence>
  <level>INFO</level>
  <class>com.kms.katalon.core.logging.KeywordLogger</class>
  <method>logMessage</method>
  <thread>1</thread>
  <message>Reading excel file with source file &amp;apos;C:\\Users\\arokia.raj\\Desktop\\Database.xls&amp;apos; and sheet name &amp;apos;Login&amp;apos;</message>
  <nestedLevel>1</nestedLevel>
</record>
<record>
  <date>2018-07-27T12:17:15</date>
  <millis>1532674035166</millis>
  <sequence>74</sequence>
  <level>END</level>
  <class>com.kms.katalon.core.logging.KeywordLogger</class>
  <method>endKeyword</method>
  <thread>1</thread>
  <message>End action : Statement - selectconn = \&amp;quot;(//span[contains(text(),&amp;apos;\&amp;quot; + com.kms.katalon.core.testdata.TestDataFactory.findTestData(Database).getValue(\&amp;quot;Connection_Name\&amp;quot;, 3) + \&amp;quot;&amp;apos;)])[1]\&amp;quot;</message>
  <nestedLevel>1</nestedLevel>
</record>
<record>
  <date>2018-07-27T12:17:15</date>
  <millis>1532674035166</millis>
  <sequence>75</sequence>
  <level>START</level>
  <class>com.kms.katalon.core.logging.KeywordLogger</class>
  <method>startKeyword</method>
  <thread>1</thread>
  <message>Start action : Statement - println(selectconn)</message>
  <nestedLevel>1</nestedLevel>
  <property name="startLine">167</property>
  <property name="stepIndex">2</property>
</record>
<record>
  <date>2018-07-27T12:17:15</date>
  <millis>1532674035174</millis>
  <sequence>76</sequence>
  <level>END</level>
  <class>com.kms.katalon.core.logging.KeywordLogger</class>
  <method>endKeyword</method>
  <thread>1</thread>
  <message>End action : Statement - println(selectconn)</message>
  <nestedLevel>1</nestedLevel>
</record>
<record>
  <date>2018-07-27T12:17:15</date>
  <millis>1532674035175</millis>
  <sequence>77</sequence>
  <level>START</level>
  <class>com.kms.katalon.core.logging.KeywordLogger</class>
  <method>startKeyword</method>
  <thread>1</thread>
  <message>Start action : Statement - dynamicObject = new com.kms.katalon.core.testobject.TestObject(selectconn).addProperty(\&amp;quot;xpath\&amp;quot;, EQUALS, selectconn, true)</message>
  <nestedLevel>1</nestedLevel>
  <property name="startLine">169</property>
  <property name="stepIndex">3</property>
</record>
<record>
  <date>2018-07-27T12:17:15</date>
  <millis>1532674035246</millis>
  <sequence>78</sequence>
  <level>END</level>
  <class>com.kms.katalon.core.logging.KeywordLogger</class>
  <method>endKeyword</method>
  <thread>1</thread>
  <message>End action : Statement - dynamicObject = new com.kms.katalon.core.testobject.TestObject(selectconn).addProperty(\&amp;quot;xpath\&amp;quot;, EQUALS, selectconn, true)</message>
  <nestedLevel>1</nestedLevel>
</record>
<record>
  <date>2018-07-27T12:17:15</date>
  <millis>1532674035247</millis>
  <sequence>79</sequence>
  <level>START</level>
  <class>com.kms.katalon.core.logging.KeywordLogger</class>
  <method>startKeyword</method>
  <thread>1</thread>
  <message>Start action : delay</message>
  <nestedLevel>1</nestedLevel>
  <property name="startLine">172</property>
  <property name="stepIndex">4</property>
</record>
<record>
  <date>2018-07-27T12:17:15</date>
  <millis>1532674035290</millis>
  <sequence>80</sequence>
  <level>INFO</level>
  <class>com.kms.katalon.core.logging.KeywordLogger</class>
  <method>logMessage</method>
  <thread>1</thread>
  <message>Delaying browser in 8 second(s)</message>
  <nestedLevel>1</nestedLevel>
</record>
<record>
  <date>2018-07-27T12:17:23</date>
  <millis>1532674043292</millis>
  <sequence>81</sequence>
  <level>PASSED</level>
  <class>com.kms.katalon.core.logging.KeywordLogger</class>
  <method>logMessage</method>
  <thread>1</thread>
  <message>Delayed 8 second(s)</message>
  <nestedLevel>1</nestedLevel>
</record>
<record>
  <date>2018-07-27T12:17:23</date>
  <millis>1532674043293</millis>
  <sequence>82</sequence>
  <level>END</level>
  <class>com.kms.katalon.core.logging.KeywordLogger</class>
  <method>endKeyword</method>
  <thread>1</thread>
  <message>End action : delay</message>
  <nestedLevel>1</nestedLevel>
</record>
<record>
  <date>2018-07-27T12:17:23</date>
  <millis>1532674043294</millis>
  <sequence>83</sequence>
  <level>START</level>
  <class>com.kms.katalon.core.logging.KeywordLogger</class>
  <method>startKeyword</method>
  <thread>1</thread>
  <message>Start action : Statement - present = com.kms.katalon.core.webui.keyword.WebUiBuiltInKeywords.verifyElementNotPresent(dynamicObject, 4, CONTINUE_ON_FAILURE)</message>
  <nestedLevel>1</nestedLevel>
  <property name="startLine">174</property>
  <property name="stepIndex">5</property>
</record>
<record>
  <date>2018-07-27T12:17:23</date>
  <millis>1532674043319</millis>
  <sequence>84</sequence>
  <level>INFO</level>
  <class>com.kms.katalon.core.logging.KeywordLogger</class>
  <method>logMessage</method>
  <thread>1</thread>
  <message>Checking object</message>
  <nestedLevel>1</nestedLevel>
</record>
<record>
  <date>2018-07-27T12:17:23</date>
  <millis>1532674043320</millis>
  <sequence>85</sequence>
  <level>INFO</level>
  <class>com.kms.katalon.core.logging.KeywordLogger</class>
  <method>logMessage</method>
  <thread>1</thread>
  <message>Checking timeout</message>
  <nestedLevel>1</nestedLevel>
</record>
<record>
  <date>2018-07-27T12:17:23</date>
  <millis>1532674043321</millis>
  <sequence>86</sequence>
  <level>INFO</level>
  <class>com.kms.katalon.core.logging.KeywordLogger</class>
  <method>logMessage</method>
  <thread>1</thread>
  <message>Finding web element with id: &amp;apos;(//span[contains(text(),&amp;apos;AUTO_WS&amp;apos;)])[1]&amp;apos; located by &amp;apos;By.xpath: (//span[contains(text(),&amp;apos;AUTO_WS&amp;apos;)])[1]&amp;apos; in &amp;apos;4&amp;apos; second(s)</message>
  <nestedLevel>1</nestedLevel>
</record>
<record>
  <date>2018-07-27T12:17:23</date>
  <millis>1532674043459</millis>
  <sequence>87</sequence>
  <level>PASSED</level>
  <class>com.kms.katalon.core.logging.KeywordLogger</class>
  <method>logMessage</method>
  <thread>1</thread>
  <message>Web element with id: &amp;apos;(//span[contains(text(),&amp;apos;AUTO_WS&amp;apos;)])[1]&amp;apos; located by &amp;apos;By.xpath: (//span[contains(text(),&amp;apos;AUTO_WS&amp;apos;)])[1]&amp;apos; is not present after &amp;apos;4&amp;apos; second(s)</message>
  <nestedLevel>1</nestedLevel>
</record>
<record>
  <date>2018-07-27T12:17:23</date>
  <millis>1532674043475</millis>
  <sequence>88</sequence>
  <level>END</level>
  <class>com.kms.katalon.core.logging.KeywordLogger</class>
  <method>endKeyword</method>
  <thread>1</thread>
  <message>End action : Statement - present = com.kms.katalon.core.webui.keyword.WebUiBuiltInKeywords.verifyElementNotPresent(dynamicObject, 4, CONTINUE_ON_FAILURE)</message>
  <nestedLevel>1</nestedLevel>
</record>
<record>
  <date>2018-07-27T12:17:23</date>
  <millis>1532674043475</millis>
  <sequence>89</sequence>
  <level>START</level>
  <class>com.kms.katalon.core.logging.KeywordLogger</class>
  <method>startKeyword</method>
  <thread>1</thread>
  <message>Start action : Statement - If (java.lang.String.valueOf(present) == \&amp;quot;false\&amp;quot;)</message>
  <nestedLevel>1</nestedLevel>
  <property name="startLine">176</property>
  <property name="stepIndex">6</property>
</record>
<record>
  <date>2018-07-27T12:17:23</date>
  <millis>1532674043475</millis>
  <sequence>90</sequence>
  <level>END</level>
  <class>com.kms.katalon.core.logging.KeywordLogger</class>
  <method>endKeyword</method>
  <thread>1</thread>
  <message>End action : Statement - If (java.lang.String.valueOf(present) == \&amp;quot;false\&amp;quot;)</message>
  <nestedLevel>1</nestedLevel>
</record>
<record>
  <date>2018-07-27T12:17:23</date>
  <millis>1532674043475</millis>
  <sequence>91</sequence>
  <level>START</level>
  <class>com.kms.katalon.core.logging.KeywordLogger</class>
  <method>startKeyword</method>
  <thread>1</thread>
  <message>Start action : Statement - Else</message>
  <nestedLevel>1</nestedLevel>
  <property name="startLine">192</property>
  <property name="stepIndex">7</property>
</record>
<record>
  <date>2018-07-27T12:17:23</date>
  <millis>1532674043475</millis>
  <sequence>92</sequence>
  <level>START</level>
  <class>com.kms.katalon.core.logging.KeywordLogger</class>
  <method>startKeyword</method>
  <thread>1</thread>
  <message>Start action : Statement - println(\&amp;quot;No View exist\&amp;quot;)</message>
  <nestedLevel>2</nestedLevel>
  <property name="startLine">193</property>
  <property name="stepIndex">1</property>
</record>
<record>
  <date>2018-07-27T12:17:23</date>
  <millis>1532674043475</millis>
  <sequence>93</sequence>
  <level>END</level>
  <class>com.kms.katalon.core.logging.KeywordLogger</class>
  <method>endKeyword</method>
  <thread>1</thread>
  <message>End action : Statement - println(\&amp;quot;No View exist\&amp;quot;)</message>
  <nestedLevel>2</nestedLevel>
</record>
<record>
  <date>2018-07-27T12:17:23</date>
  <millis>1532674043475</millis>
  <sequence>94</sequence>
  <level>END</level>
  <class>com.kms.katalon.core.logging.KeywordLogger</class>
  <method>endKeyword</method>
  <thread>1</thread>
  <message>End action : Statement - Else</message>
  <nestedLevel>1</nestedLevel>
</record>
<record>
  <date>2018-07-27T12:17:23</date>
  <millis>1532674043475</millis>
  <sequence>95</sequence>
  <level>START</level>
  <class>com.kms.katalon.core.logging.KeywordLogger</class>
  <method>startKeyword</method>
  <thread>1</thread>
  <message>Start action : Statement - return done</message>
  <nestedLevel>1</nestedLevel>
  <property name="startLine">196</property>
  <property name="stepIndex">8</property>
</record>
<record>
  <date>2018-07-27T12:17:23</date>
  <millis>1532674043475</millis>
  <sequence>96</sequence>
  <level>END</level>
  <class>com.kms.katalon.core.logging.KeywordLogger</class>
  <method>endKeyword</method>
  <thread>1</thread>
  <message>End action : Statement - return done</message>
  <nestedLevel>1</nestedLevel>
</record>
<record>
  <date>2018-07-27T12:17:23</date>
  <millis>1532674043475</millis>
  <sequence>97</sequence>
  <level>START</level>
  <class>com.kms.katalon.core.logging.KeywordLogger</class>
  <method>startKeyword</method>
  <thread>1</thread>
  <message>Start action : Statement - println(\&amp;quot;View \&amp;quot; + returnVal_View)</message>
  <nestedLevel>1</nestedLevel>
  <property name="startLine">49</property>
  <property name="stepIndex">9</property>
</record>
<record>
  <date>2018-07-27T12:17:23</date>
  <millis>1532674043475</millis>
  <sequence>98</sequence>
  <level>END</level>
  <class>com.kms.katalon.core.logging.KeywordLogger</class>
  <method>endKeyword</method>
  <thread>1</thread>
  <message>End action : Statement - println(\&amp;quot;View \&amp;quot; + returnVal_View)</message>
  <nestedLevel>1</nestedLevel>
</record>
<record>
  <date>2018-07-27T12:17:23</date>
  <millis>1532674043475</millis>
  <sequence>99</sequence>
  <level>START</level>
  <class>com.kms.katalon.core.logging.KeywordLogger</class>
  <method>startKeyword</method>
  <thread>1</thread>
  <message>Start action : delay</message>
  <nestedLevel>1</nestedLevel>
  <property name="startLine">51</property>
  <property name="stepIndex">10</property>
</record>
<record>
  <date>2018-07-27T12:17:23</date>
  <millis>1532674043475</millis>
  <sequence>100</sequence>
  <level>INFO</level>
  <class>com.kms.katalon.core.logging.KeywordLogger</class>
  <method>logMessage</method>
  <thread>1</thread>
  <message>Delaying browser in 5 second(s)</message>
  <nestedLevel>1</nestedLevel>
</record>
<record>
  <date>2018-07-27T12:17:28</date>
  <millis>1532674048475</millis>
  <sequence>101</sequence>
  <level>PASSED</level>
  <class>com.kms.katalon.core.logging.KeywordLogger</class>
  <method>logMessage</method>
  <thread>1</thread>
  <message>Delayed 5 second(s)</message>
  <nestedLevel>1</nestedLevel>
</record>
<record>
  <date>2018-07-27T12:17:28</date>
  <millis>1532674048476</millis>
  <sequence>102</sequence>
  <level>END</level>
  <class>com.kms.katalon.core.logging.KeywordLogger</class>
  <method>endKeyword</method>
  <thread>1</thread>
  <message>End action : delay</message>
  <nestedLevel>1</nestedLevel>
</record>
<record>
  <date>2018-07-27T12:17:28</date>
  <millis>1532674048476</millis>
  <sequence>103</sequence>
  <level>START</level>
  <class>com.kms.katalon.core.logging.KeywordLogger</class>
  <method>startKeyword</method>
  <thread>1</thread>
  <message>Start action : click</message>
  <nestedLevel>1</nestedLevel>
  <property name="startLine">53</property>
  <property name="stepIndex">11</property>
</record>
<record>
  <date>2018-07-27T12:17:28</date>
  <millis>1532674048477</millis>
  <sequence>104</sequence>
  <level>INFO</level>
  <class>com.kms.katalon.core.logging.KeywordLogger</class>
  <method>logMessage</method>
  <thread>1</thread>
  <message>Finding Test Object with id &amp;apos;Object Repository/DB_Connectio/Page_Canvas World/span_Connection&amp;apos;</message>
  <nestedLevel>1</nestedLevel>
</record>
<record>
  <date>2018-07-27T12:17:28</date>
  <millis>1532674048484</millis>
  <sequence>105</sequence>
  <level>INFO</level>
  <class>com.kms.katalon.core.logging.KeywordLogger</class>
  <method>logMessage</method>
  <thread>1</thread>
  <message>Checking object</message>
  <nestedLevel>1</nestedLevel>
</record>
<record>
  <date>2018-07-27T12:17:28</date>
  <millis>1532674048484</millis>
  <sequence>106</sequence>
  <level>INFO</level>
  <class>com.kms.katalon.core.logging.KeywordLogger</class>
  <method>logMessage</method>
  <thread>1</thread>
  <message>Checking timeout</message>
  <nestedLevel>1</nestedLevel>
</record>
<record>
  <date>2018-07-27T12:17:28</date>
  <millis>1532674048484</millis>
  <sequence>107</sequence>
  <level>INFO</level>
  <class>com.kms.katalon.core.logging.KeywordLogger</class>
  <method>logMessage</method>
  <thread>1</thread>
  <message>Finding web element with id: &amp;apos;Object Repository/DB_Connectio/Page_Canvas World/span_Connection&amp;apos; located by &amp;apos;By.xpath: //span[contains(text(),&amp;apos;Create&amp;apos;)]&amp;apos; in &amp;apos;30&amp;apos; second(s)</message>
  <nestedLevel>1</nestedLevel>
</record>
<record>
  <date>2018-07-27T12:17:28</date>
  <millis>1532674048532</millis>
  <sequence>108</sequence>
  <level>INFO</level>
  <class>com.kms.katalon.core.logging.KeywordLogger</class>
  <method>logMessage</method>
  <thread>1</thread>
  <message>Found 1 web elements with id: &amp;apos;Object Repository/DB_Connectio/Page_Canvas World/span_Connection&amp;apos; located by &amp;apos;By.xpath: //span[contains(text(),&amp;apos;Create&amp;apos;)]&amp;apos; in &amp;apos;30&amp;apos; second(s)</message>
  <nestedLevel>1</nestedLevel>
</record>
<record>
  <date>2018-07-27T12:17:28</date>
  <millis>1532674048532</millis>
  <sequence>109</sequence>
  <level>INFO</level>
  <class>com.kms.katalon.core.logging.KeywordLogger</class>
  <method>logMessage</method>
  <thread>1</thread>
  <message>Clicking on object: &amp;apos;Object Repository/DB_Connectio/Page_Canvas World/span_Connection&amp;apos;</message>
  <nestedLevel>1</nestedLevel>
</record>
<record>
  <date>2018-07-27T12:17:28</date>
  <millis>1532674048658</millis>
  <sequence>110</sequence>
  <level>PASSED</level>
  <class>com.kms.katalon.core.logging.KeywordLogger</class>
  <method>logMessage</method>
  <thread>1</thread>
  <message>Object: &amp;apos;Object Repository/DB_Connectio/Page_Canvas World/span_Connection&amp;apos; is clicked on</message>
  <nestedLevel>1</nestedLevel>
</record>
<record>
  <date>2018-07-27T12:17:28</date>
  <millis>1532674048659</millis>
  <sequence>111</sequence>
  <level>END</level>
  <class>com.kms.katalon.core.logging.KeywordLogger</class>
  <method>endKeyword</method>
  <thread>1</thread>
  <message>End action : click</message>
  <nestedLevel>1</nestedLevel>
</record>
<record>
  <date>2018-07-27T12:17:28</date>
  <millis>1532674048660</millis>
  <sequence>112</sequence>
  <level>START</level>
  <class>com.kms.katalon.core.logging.KeywordLogger</class>
  <method>startKeyword</method>
  <thread>1</thread>
  <message>Start action : click</message>
  <nestedLevel>1</nestedLevel>
  <property name="startLine">55</property>
  <property name="stepIndex">12</property>
</record>
<record>
  <date>2018-07-27T12:17:28</date>
  <millis>1532674048664</millis>
  <sequence>113</sequence>
  <level>INFO</level>
  <class>com.kms.katalon.core.logging.KeywordLogger</class>
  <method>logMessage</method>
  <thread>1</thread>
  <message>Finding Test Object with id &amp;apos;Object Repository/DB_Connectio/Page_Canvas World/span_Create_Connection&amp;apos;</message>
  <nestedLevel>1</nestedLevel>
</record>
<record>
  <date>2018-07-27T12:17:28</date>
  <millis>1532674048675</millis>
  <sequence>114</sequence>
  <level>INFO</level>
  <class>com.kms.katalon.core.logging.KeywordLogger</class>
  <method>logMessage</method>
  <thread>1</thread>
  <message>Checking object</message>
  <nestedLevel>1</nestedLevel>
</record>
<record>
  <date>2018-07-27T12:17:28</date>
  <millis>1532674048677</millis>
  <sequence>115</sequence>
  <level>INFO</level>
  <class>com.kms.katalon.core.logging.KeywordLogger</class>
  <method>logMessage</method>
  <thread>1</thread>
  <message>Checking timeout</message>
  <nestedLevel>1</nestedLevel>
</record>
<record>
  <date>2018-07-27T12:17:28</date>
  <millis>1532674048677</millis>
  <sequence>116</sequence>
  <level>INFO</level>
  <class>com.kms.katalon.core.logging.KeywordLogger</class>
  <method>logMessage</method>
  <thread>1</thread>
  <message>Finding web element with id: &amp;apos;Object Repository/DB_Connectio/Page_Canvas World/span_Create_Connection&amp;apos; located by &amp;apos;By.xpath: //span[@class=&amp;apos;workspace_label workspace_label-CREATE_NEW_DSCONNECTION&amp;apos;]&amp;apos; in &amp;apos;30&amp;apos; second(s)</message>
  <nestedLevel>1</nestedLevel>
</record>
<record>
  <date>2018-07-27T12:17:28</date>
  <millis>1532674048747</millis>
  <sequence>117</sequence>
  <level>INFO</level>
  <class>com.kms.katalon.core.logging.KeywordLogger</class>
  <method>logMessage</method>
  <thread>1</thread>
  <message>Found 1 web elements with id: &amp;apos;Object Repository/DB_Connectio/Page_Canvas World/span_Create_Connection&amp;apos; located by &amp;apos;By.xpath: //span[@class=&amp;apos;workspace_label workspace_label-CREATE_NEW_DSCONNECTION&amp;apos;]&amp;apos; in &amp;apos;30&amp;apos; second(s)</message>
  <nestedLevel>1</nestedLevel>
</record>
<record>
  <date>2018-07-27T12:17:28</date>
  <millis>1532674048748</millis>
  <sequence>118</sequence>
  <level>INFO</level>
  <class>com.kms.katalon.core.logging.KeywordLogger</class>
  <method>logMessage</method>
  <thread>1</thread>
  <message>Clicking on object: &amp;apos;Object Repository/DB_Connectio/Page_Canvas World/span_Create_Connection&amp;apos;</message>
  <nestedLevel>1</nestedLevel>
</record>
<record>
  <date>2018-07-27T12:17:28</date>
  <millis>1532674048966</millis>
  <sequence>119</sequence>
  <level>PASSED</level>
  <class>com.kms.katalon.core.logging.KeywordLogger</class>
  <method>logMessage</method>
  <thread>1</thread>
  <message>Object: &amp;apos;Object Repository/DB_Connectio/Page_Canvas World/span_Create_Connection&amp;apos; is clicked on</message>
  <nestedLevel>1</nestedLevel>
</record>
<record>
  <date>2018-07-27T12:17:28</date>
  <millis>1532674048967</millis>
  <sequence>120</sequence>
  <level>END</level>
  <class>com.kms.katalon.core.logging.KeywordLogger</class>
  <method>endKeyword</method>
  <thread>1</thread>
  <message>End action : click</message>
  <nestedLevel>1</nestedLevel>
</record>
<record>
  <date>2018-07-27T12:17:28</date>
  <millis>1532674048969</millis>
  <sequence>121</sequence>
  <level>START</level>
  <class>com.kms.katalon.core.logging.KeywordLogger</class>
  <method>startKeyword</method>
  <thread>1</thread>
  <message>Start action : delay</message>
  <nestedLevel>1</nestedLevel>
  <property name="startLine">57</property>
  <property name="stepIndex">13</property>
</record>
<record>
  <date>2018-07-27T12:17:28</date>
  <millis>1532674048970</millis>
  <sequence>122</sequence>
  <level>INFO</level>
  <class>com.kms.katalon.core.logging.KeywordLogger</class>
  <method>logMessage</method>
  <thread>1</thread>
  <message>Delaying browser in 5 second(s)</message>
  <nestedLevel>1</nestedLevel>
</record>
<record>
  <date>2018-07-27T12:17:33</date>
  <millis>1532674053971</millis>
  <sequence>123</sequence>
  <level>PASSED</level>
  <class>com.kms.katalon.core.logging.KeywordLogger</class>
  <method>logMessage</method>
  <thread>1</thread>
  <message>Delayed 5 second(s)</message>
  <nestedLevel>1</nestedLevel>
</record>
<record>
  <date>2018-07-27T12:17:33</date>
  <millis>1532674053972</millis>
  <sequence>124</sequence>
  <level>END</level>
  <class>com.kms.katalon.core.logging.KeywordLogger</class>
  <method>endKeyword</method>
  <thread>1</thread>
  <message>End action : delay</message>
  <nestedLevel>1</nestedLevel>
</record>
<record>
  <date>2018-07-27T12:17:33</date>
  <millis>1532674053972</millis>
  <sequence>125</sequence>
  <level>START</level>
  <class>com.kms.katalon.core.logging.KeywordLogger</class>
  <method>startKeyword</method>
  <thread>1</thread>
  <message>Start action : setText</message>
  <nestedLevel>1</nestedLevel>
  <property name="startLine">59</property>
  <property name="stepIndex">14</property>
</record>
<record>
  <date>2018-07-27T12:17:33</date>
  <millis>1532674053973</millis>
  <sequence>126</sequence>
  <level>INFO</level>
  <class>com.kms.katalon.core.logging.KeywordLogger</class>
  <method>logMessage</method>
  <thread>1</thread>
  <message>Finding Test Object with id &amp;apos;Object Repository/DB_Connectio/Page_Canvas World/input_CONNECTION_NAME&amp;apos;</message>
  <nestedLevel>1</nestedLevel>
</record>
<record>
  <date>2018-07-27T12:17:33</date>
  <millis>1532674053995</millis>
  <sequence>127</sequence>
  <level>INFO</level>
  <class>com.kms.katalon.core.logging.KeywordLogger</class>
  <method>logMessage</method>
  <thread>1</thread>
  <message>Checking test data id</message>
  <nestedLevel>1</nestedLevel>
</record>
<record>
  <date>2018-07-27T12:17:33</date>
  <millis>1532674053995</millis>
  <sequence>128</sequence>
  <level>INFO</level>
  <class>com.kms.katalon.core.logging.KeywordLogger</class>
  <method>logMessage</method>
  <thread>1</thread>
  <message>Finding test data with id &amp;apos;Data Files/Database&amp;apos;</message>
  <nestedLevel>1</nestedLevel>
</record>
<record>
  <date>2018-07-27T12:17:34</date>
  <millis>1532674054013</millis>
  <sequence>129</sequence>
  <level>INFO</level>
  <class>com.kms.katalon.core.logging.KeywordLogger</class>
  <method>logMessage</method>
  <thread>1</thread>
  <message>Test data is excel file, reading excel file</message>
  <nestedLevel>1</nestedLevel>
</record>
<record>
  <date>2018-07-27T12:17:34</date>
  <millis>1532674054014</millis>
  <sequence>130</sequence>
  <level>INFO</level>
  <class>com.kms.katalon.core.logging.KeywordLogger</class>
  <method>logMessage</method>
  <thread>1</thread>
  <message>Reading excel file with source file &amp;apos;C:\\Users\\arokia.raj\\Desktop\\Database.xls&amp;apos; and sheet name &amp;apos;Login&amp;apos;</message>
  <nestedLevel>1</nestedLevel>
</record>
<record>
  <date>2018-07-27T12:17:34</date>
  <millis>1532674054028</millis>
  <sequence>131</sequence>
  <level>INFO</level>
  <class>com.kms.katalon.core.logging.KeywordLogger</class>
  <method>logMessage</method>
  <thread>1</thread>
  <message>Checking object</message>
  <nestedLevel>1</nestedLevel>
</record>
<record>
  <date>2018-07-27T12:17:34</date>
  <millis>1532674054029</millis>
  <sequence>132</sequence>
  <level>INFO</level>
  <class>com.kms.katalon.core.logging.KeywordLogger</class>
  <method>logMessage</method>
  <thread>1</thread>
  <message>Checking text</message>
  <nestedLevel>1</nestedLevel>
</record>
<record>
  <date>2018-07-27T12:17:34</date>
  <millis>1532674054029</millis>
  <sequence>133</sequence>
  <level>INFO</level>
  <class>com.kms.katalon.core.logging.KeywordLogger</class>
  <method>logMessage</method>
  <thread>1</thread>
  <message>Checking timeout</message>
  <nestedLevel>1</nestedLevel>
</record>
<record>
  <date>2018-07-27T12:17:34</date>
  <millis>1532674054030</millis>
  <sequence>134</sequence>
  <level>INFO</level>
  <class>com.kms.katalon.core.logging.KeywordLogger</class>
  <method>logMessage</method>
  <thread>1</thread>
  <message>Finding web element with id: &amp;apos;Object Repository/DB_Connectio/Page_Canvas World/input_CONNECTION_NAME&amp;apos; located by &amp;apos;By.xpath: //input[@id = &amp;apos;NEW_DS_CONNECTION_FORM-CONNECTION_NAME&amp;apos; and @type = &amp;apos;TEXT&amp;apos; and @name = &amp;apos;CONNECTION_NAME&amp;apos;]&amp;apos; in &amp;apos;30&amp;apos; second(s)</message>
  <nestedLevel>1</nestedLevel>
</record>
<record>
  <date>2018-07-27T12:17:34</date>
  <millis>1532674054063</millis>
  <sequence>135</sequence>
  <level>INFO</level>
  <class>com.kms.katalon.core.logging.KeywordLogger</class>
  <method>logMessage</method>
  <thread>1</thread>
  <message>Found 1 web elements with id: &amp;apos;Object Repository/DB_Connectio/Page_Canvas World/input_CONNECTION_NAME&amp;apos; located by &amp;apos;By.xpath: //input[@id = &amp;apos;NEW_DS_CONNECTION_FORM-CONNECTION_NAME&amp;apos; and @type = &amp;apos;TEXT&amp;apos; and @name = &amp;apos;CONNECTION_NAME&amp;apos;]&amp;apos; in &amp;apos;30&amp;apos; second(s)</message>
  <nestedLevel>1</nestedLevel>
</record>
<record>
  <date>2018-07-27T12:17:34</date>
  <millis>1532674054063</millis>
  <sequence>136</sequence>
  <level>INFO</level>
  <class>com.kms.katalon.core.logging.KeywordLogger</class>
  <method>logMessage</method>
  <thread>1</thread>
  <message>Clearing text of object &amp;apos;Object Repository/DB_Connectio/Page_Canvas World/input_CONNECTION_NAME&amp;apos;</message>
  <nestedLevel>1</nestedLevel>
</record>
<record>
  <date>2018-07-27T12:17:34</date>
  <millis>1532674054127</millis>
  <sequence>137</sequence>
  <level>INFO</level>
  <class>com.kms.katalon.core.logging.KeywordLogger</class>
  <method>logMessage</method>
  <thread>1</thread>
  <message>Checking timeout</message>
  <nestedLevel>1</nestedLevel>
</record>
<record>
  <date>2018-07-27T12:17:34</date>
  <millis>1532674054127</millis>
  <sequence>138</sequence>
  <level>INFO</level>
  <class>com.kms.katalon.core.logging.KeywordLogger</class>
  <method>logMessage</method>
  <thread>1</thread>
  <message>Finding web element with id: &amp;apos;Object Repository/DB_Connectio/Page_Canvas World/input_CONNECTION_NAME&amp;apos; located by &amp;apos;By.xpath: //input[@id = &amp;apos;NEW_DS_CONNECTION_FORM-CONNECTION_NAME&amp;apos; and @type = &amp;apos;TEXT&amp;apos; and @name = &amp;apos;CONNECTION_NAME&amp;apos;]&amp;apos; in &amp;apos;30&amp;apos; second(s)</message>
  <nestedLevel>1</nestedLevel>
</record>
<record>
  <date>2018-07-27T12:17:34</date>
  <millis>1532674054202</millis>
  <sequence>139</sequence>
  <level>INFO</level>
  <class>com.kms.katalon.core.logging.KeywordLogger</class>
  <method>logMessage</method>
  <thread>1</thread>
  <message>Found 1 web elements with id: &amp;apos;Object Repository/DB_Connectio/Page_Canvas World/input_CONNECTION_NAME&amp;apos; located by &amp;apos;By.xpath: //input[@id = &amp;apos;NEW_DS_CONNECTION_FORM-CONNECTION_NAME&amp;apos; and @type = &amp;apos;TEXT&amp;apos; and @name = &amp;apos;CONNECTION_NAME&amp;apos;]&amp;apos; in &amp;apos;30&amp;apos; second(s)</message>
  <nestedLevel>1</nestedLevel>
</record>
<record>
  <date>2018-07-27T12:17:34</date>
  <millis>1532674054204</millis>
  <sequence>140</sequence>
  <level>INFO</level>
  <class>com.kms.katalon.core.logging.KeywordLogger</class>
  <method>logMessage</method>
  <thread>1</thread>
  <message>Setting text of object &amp;apos;Object Repository/DB_Connectio/Page_Canvas World/input_CONNECTION_NAME&amp;apos; to value &amp;apos;AUTO_WS&amp;apos;</message>
  <nestedLevel>1</nestedLevel>
</record>
<record>
  <date>2018-07-27T12:17:34</date>
  <millis>1532674054513</millis>
  <sequence>141</sequence>
  <level>PASSED</level>
  <class>com.kms.katalon.core.logging.KeywordLogger</class>
  <method>logMessage</method>
  <thread>1</thread>
  <message>Text &amp;apos;AUTO_WS&amp;apos; is set on object &amp;apos;Object Repository/DB_Connectio/Page_Canvas World/input_CONNECTION_NAME&amp;apos;</message>
  <nestedLevel>1</nestedLevel>
</record>
<record>
  <date>2018-07-27T12:17:34</date>
  <millis>1532674054514</millis>
  <sequence>142</sequence>
  <level>END</level>
  <class>com.kms.katalon.core.logging.KeywordLogger</class>
  <method>endKeyword</method>
  <thread>1</thread>
  <message>End action : setText</message>
  <nestedLevel>1</nestedLevel>
</record>
<record>
  <date>2018-07-27T12:17:34</date>
  <millis>1532674054515</millis>
  <sequence>143</sequence>
  <level>START</level>
  <class>com.kms.katalon.core.logging.KeywordLogger</class>
  <method>startKeyword</method>
  <thread>1</thread>
  <message>Start action : click</message>
  <nestedLevel>1</nestedLevel>
  <property name="startLine">62</property>
  <property name="stepIndex">15</property>
</record>
<record>
  <date>2018-07-27T12:17:34</date>
  <millis>1532674054515</millis>
  <sequence>144</sequence>
  <level>INFO</level>
  <class>com.kms.katalon.core.logging.KeywordLogger</class>
  <method>logMessage</method>
  <thread>1</thread>
  <message>Finding Test Object with id &amp;apos;Object Repository/New_DataSource/click_webservice&amp;apos;</message>
  <nestedLevel>1</nestedLevel>
</record>
<record>
  <date>2018-07-27T12:17:34</date>
  <millis>1532674054535</millis>
  <sequence>145</sequence>
  <level>INFO</level>
  <class>com.kms.katalon.core.logging.KeywordLogger</class>
  <method>logMessage</method>
  <thread>1</thread>
  <message>Checking object</message>
  <nestedLevel>1</nestedLevel>
</record>
<record>
  <date>2018-07-27T12:17:34</date>
  <millis>1532674054536</millis>
  <sequence>146</sequence>
  <level>INFO</level>
  <class>com.kms.katalon.core.logging.KeywordLogger</class>
  <method>logMessage</method>
  <thread>1</thread>
  <message>Checking timeout</message>
  <nestedLevel>1</nestedLevel>
</record>
<record>
  <date>2018-07-27T12:17:34</date>
  <millis>1532674054536</millis>
  <sequence>147</sequence>
  <level>INFO</level>
  <class>com.kms.katalon.core.logging.KeywordLogger</class>
  <method>logMessage</method>
  <thread>1</thread>
  <message>Finding web element with id: &amp;apos;Object Repository/New_DataSource/click_webservice&amp;apos; located by &amp;apos;By.xpath: //input[@id=&amp;apos;NEW_DS_CONNECTION_FORM-BASE_CONNECTION_TYPE-1&amp;apos;]&amp;apos; in &amp;apos;30&amp;apos; second(s)</message>
  <nestedLevel>1</nestedLevel>
</record>
<record>
  <date>2018-07-27T12:17:34</date>
  <millis>1532674054576</millis>
  <sequence>148</sequence>
  <level>INFO</level>
  <class>com.kms.katalon.core.logging.KeywordLogger</class>
  <method>logMessage</method>
  <thread>1</thread>
  <message>Found 1 web elements with id: &amp;apos;Object Repository/New_DataSource/click_webservice&amp;apos; located by &amp;apos;By.xpath: //input[@id=&amp;apos;NEW_DS_CONNECTION_FORM-BASE_CONNECTION_TYPE-1&amp;apos;]&amp;apos; in &amp;apos;30&amp;apos; second(s)</message>
  <nestedLevel>1</nestedLevel>
</record>
<record>
  <date>2018-07-27T12:17:34</date>
  <millis>1532674054576</millis>
  <sequence>149</sequence>
  <level>INFO</level>
  <class>com.kms.katalon.core.logging.KeywordLogger</class>
  <method>logMessage</method>
  <thread>1</thread>
  <message>Clicking on object: &amp;apos;Object Repository/New_DataSource/click_webservice&amp;apos;</message>
  <nestedLevel>1</nestedLevel>
</record>
<record>
  <date>2018-07-27T12:17:34</date>
  <millis>1532674054714</millis>
  <sequence>150</sequence>
  <level>PASSED</level>
  <class>com.kms.katalon.core.logging.KeywordLogger</class>
  <method>logMessage</method>
  <thread>1</thread>
  <message>Object: &amp;apos;Object Repository/New_DataSource/click_webservice&amp;apos; is clicked on</message>
  <nestedLevel>1</nestedLevel>
</record>
<record>
  <date>2018-07-27T12:17:34</date>
  <millis>1532674054715</millis>
  <sequence>151</sequence>
  <level>END</level>
  <class>com.kms.katalon.core.logging.KeywordLogger</class>
  <method>endKeyword</method>
  <thread>1</thread>
  <message>End action : click</message>
  <nestedLevel>1</nestedLevel>
</record>
<record>
  <date>2018-07-27T12:17:34</date>
  <millis>1532674054715</millis>
  <sequence>152</sequence>
  <level>START</level>
  <class>com.kms.katalon.core.logging.KeywordLogger</class>
  <method>startKeyword</method>
  <thread>1</thread>
  <message>Start action : delay</message>
  <nestedLevel>1</nestedLevel>
  <property name="startLine">64</property>
  <property name="stepIndex">16</property>
</record>
<record>
  <date>2018-07-27T12:17:34</date>
  <millis>1532674054718</millis>
  <sequence>153</sequence>
  <level>INFO</level>
  <class>com.kms.katalon.core.logging.KeywordLogger</class>
  <method>logMessage</method>
  <thread>1</thread>
  <message>Delaying browser in 3 second(s)</message>
  <nestedLevel>1</nestedLevel>
</record>
<record>
  <date>2018-07-27T12:17:37</date>
  <millis>1532674057718</millis>
  <sequence>154</sequence>
  <level>PASSED</level>
  <class>com.kms.katalon.core.logging.KeywordLogger</class>
  <method>logMessage</method>
  <thread>1</thread>
  <message>Delayed 3 second(s)</message>
  <nestedLevel>1</nestedLevel>
</record>
<record>
  <date>2018-07-27T12:17:37</date>
  <millis>1532674057718</millis>
  <sequence>155</sequence>
  <level>END</level>
  <class>com.kms.katalon.core.logging.KeywordLogger</class>
  <method>endKeyword</method>
  <thread>1</thread>
  <message>End action : delay</message>
  <nestedLevel>1</nestedLevel>
</record>
<record>
  <date>2018-07-27T12:17:37</date>
  <millis>1532674057719</millis>
  <sequence>156</sequence>
  <level>START</level>
  <class>com.kms.katalon.core.logging.KeywordLogger</class>
  <method>startKeyword</method>
  <thread>1</thread>
  <message>Start action : setText</message>
  <nestedLevel>1</nestedLevel>
  <property name="startLine">66</property>
  <property name="stepIndex">17</property>
</record>
<record>
  <date>2018-07-27T12:17:37</date>
  <millis>1532674057720</millis>
  <sequence>157</sequence>
  <level>INFO</level>
  <class>com.kms.katalon.core.logging.KeywordLogger</class>
  <method>logMessage</method>
  <thread>1</thread>
  <message>Finding Test Object with id &amp;apos;Object Repository/New_DataSource/enter_domain_name&amp;apos;</message>
  <nestedLevel>1</nestedLevel>
</record>
<record>
  <date>2018-07-27T12:17:37</date>
  <millis>1532674057753</millis>
  <sequence>158</sequence>
  <level>INFO</level>
  <class>com.kms.katalon.core.logging.KeywordLogger</class>
  <method>logMessage</method>
  <thread>1</thread>
  <message>Checking test data id</message>
  <nestedLevel>1</nestedLevel>
</record>
<record>
  <date>2018-07-27T12:17:37</date>
  <millis>1532674057753</millis>
  <sequence>159</sequence>
  <level>INFO</level>
  <class>com.kms.katalon.core.logging.KeywordLogger</class>
  <method>logMessage</method>
  <thread>1</thread>
  <message>Finding test data with id &amp;apos;Data Files/Database&amp;apos;</message>
  <nestedLevel>1</nestedLevel>
</record>
<record>
  <date>2018-07-27T12:17:37</date>
  <millis>1532674057753</millis>
  <sequence>160</sequence>
  <level>INFO</level>
  <class>com.kms.katalon.core.logging.KeywordLogger</class>
  <method>logMessage</method>
  <thread>1</thread>
  <message>Test data is excel file, reading excel file</message>
  <nestedLevel>1</nestedLevel>
</record>
<record>
  <date>2018-07-27T12:17:37</date>
  <millis>1532674057753</millis>
  <sequence>161</sequence>
  <level>INFO</level>
  <class>com.kms.katalon.core.logging.KeywordLogger</class>
  <method>logMessage</method>
  <thread>1</thread>
  <message>Reading excel file with source file &amp;apos;C:\\Users\\arokia.raj\\Desktop\\Database.xls&amp;apos; and sheet name &amp;apos;Login&amp;apos;</message>
  <nestedLevel>1</nestedLevel>
</record>
<record>
  <date>2018-07-27T12:17:37</date>
  <millis>1532674057768</millis>
  <sequence>162</sequence>
  <level>INFO</level>
  <class>com.kms.katalon.core.logging.KeywordLogger</class>
  <method>logMessage</method>
  <thread>1</thread>
  <message>Checking object</message>
  <nestedLevel>1</nestedLevel>
</record>
<record>
  <date>2018-07-27T12:17:37</date>
  <millis>1532674057768</millis>
  <sequence>163</sequence>
  <level>INFO</level>
  <class>com.kms.katalon.core.logging.KeywordLogger</class>
  <method>logMessage</method>
  <thread>1</thread>
  <message>Checking text</message>
  <nestedLevel>1</nestedLevel>
</record>
<record>
  <date>2018-07-27T12:17:37</date>
  <millis>1532674057768</millis>
  <sequence>164</sequence>
  <level>INFO</level>
  <class>com.kms.katalon.core.logging.KeywordLogger</class>
  <method>logMessage</method>
  <thread>1</thread>
  <message>Checking timeout</message>
  <nestedLevel>1</nestedLevel>
</record>
<record>
  <date>2018-07-27T12:17:37</date>
  <millis>1532674057768</millis>
  <sequence>165</sequence>
  <level>INFO</level>
  <class>com.kms.katalon.core.logging.KeywordLogger</class>
  <method>logMessage</method>
  <thread>1</thread>
  <message>Finding web element with id: &amp;apos;Object Repository/New_DataSource/enter_domain_name&amp;apos; located by &amp;apos;By.xpath: //input[@id=&amp;apos;NEW_DS_CONNECTION_FORM-WS_URL&amp;apos;]&amp;apos; in &amp;apos;30&amp;apos; second(s)</message>
  <nestedLevel>1</nestedLevel>
</record>
<record>
  <date>2018-07-27T12:17:37</date>
  <millis>1532674057817</millis>
  <sequence>166</sequence>
  <level>INFO</level>
  <class>com.kms.katalon.core.logging.KeywordLogger</class>
  <method>logMessage</method>
  <thread>1</thread>
  <message>Found 1 web elements with id: &amp;apos;Object Repository/New_DataSource/enter_domain_name&amp;apos; located by &amp;apos;By.xpath: //input[@id=&amp;apos;NEW_DS_CONNECTION_FORM-WS_URL&amp;apos;]&amp;apos; in &amp;apos;30&amp;apos; second(s)</message>
  <nestedLevel>1</nestedLevel>
</record>
<record>
  <date>2018-07-27T12:17:37</date>
  <millis>1532674057817</millis>
  <sequence>167</sequence>
  <level>INFO</level>
  <class>com.kms.katalon.core.logging.KeywordLogger</class>
  <method>logMessage</method>
  <thread>1</thread>
  <message>Clearing text of object &amp;apos;Object Repository/New_DataSource/enter_domain_name&amp;apos;</message>
  <nestedLevel>1</nestedLevel>
</record>
<record>
  <date>2018-07-27T12:17:37</date>
  <millis>1532674057866</millis>
  <sequence>168</sequence>
  <level>INFO</level>
  <class>com.kms.katalon.core.logging.KeywordLogger</class>
  <method>logMessage</method>
  <thread>1</thread>
  <message>Checking timeout</message>
  <nestedLevel>1</nestedLevel>
</record>
<record>
  <date>2018-07-27T12:17:37</date>
  <millis>1532674057866</millis>
  <sequence>169</sequence>
  <level>INFO</level>
  <class>com.kms.katalon.core.logging.KeywordLogger</class>
  <method>logMessage</method>
  <thread>1</thread>
  <message>Finding web element with id: &amp;apos;Object Repository/New_DataSource/enter_domain_name&amp;apos; located by &amp;apos;By.xpath: //input[@id=&amp;apos;NEW_DS_CONNECTION_FORM-WS_URL&amp;apos;]&amp;apos; in &amp;apos;30&amp;apos; second(s)</message>
  <nestedLevel>1</nestedLevel>
</record>
<record>
  <date>2018-07-27T12:17:37</date>
  <millis>1532674057955</millis>
  <sequence>170</sequence>
  <level>INFO</level>
  <class>com.kms.katalon.core.logging.KeywordLogger</class>
  <method>logMessage</method>
  <thread>1</thread>
  <message>Found 1 web elements with id: &amp;apos;Object Repository/New_DataSource/enter_domain_name&amp;apos; located by &amp;apos;By.xpath: //input[@id=&amp;apos;NEW_DS_CONNECTION_FORM-WS_URL&amp;apos;]&amp;apos; in &amp;apos;30&amp;apos; second(s)</message>
  <nestedLevel>1</nestedLevel>
</record>
<record>
  <date>2018-07-27T12:17:37</date>
  <millis>1532674057957</millis>
  <sequence>171</sequence>
  <level>INFO</level>
  <class>com.kms.katalon.core.logging.KeywordLogger</class>
  <method>logMessage</method>
  <thread>1</thread>
  <message>Setting text of object &amp;apos;Object Repository/New_DataSource/enter_domain_name&amp;apos; to value &amp;apos;http://services.groupkt.com/&amp;apos;</message>
  <nestedLevel>1</nestedLevel>
</record>
<record>
  <date>2018-07-27T12:17:38</date>
  <millis>1532674058441</millis>
  <sequence>172</sequence>
  <level>PASSED</level>
  <class>com.kms.katalon.core.logging.KeywordLogger</class>
  <method>logMessage</method>
  <thread>1</thread>
  <message>Text &amp;apos;http://services.groupkt.com/&amp;apos; is set on object &amp;apos;Object Repository/New_DataSource/enter_domain_name&amp;apos;</message>
  <nestedLevel>1</nestedLevel>
</record>
<record>
  <date>2018-07-27T12:17:38</date>
  <millis>1532674058442</millis>
  <sequence>173</sequence>
  <level>END</level>
  <class>com.kms.katalon.core.logging.KeywordLogger</class>
  <method>endKeyword</method>
  <thread>1</thread>
  <message>End action : setText</message>
  <nestedLevel>1</nestedLevel>
</record>
<record>
  <date>2018-07-27T12:17:38</date>
  <millis>1532674058442</millis>
  <sequence>174</sequence>
  <level>START</level>
  <class>com.kms.katalon.core.logging.KeywordLogger</class>
  <method>startKeyword</method>
  <thread>1</thread>
  <message>Start action : delay</message>
  <nestedLevel>1</nestedLevel>
  <property name="startLine">68</property>
  <property name="stepIndex">18</property>
</record>
<record>
  <date>2018-07-27T12:17:38</date>
  <millis>1532674058443</millis>
  <sequence>175</sequence>
  <level>INFO</level>
  <class>com.kms.katalon.core.logging.KeywordLogger</class>
  <method>logMessage</method>
  <thread>1</thread>
  <message>Delaying browser in 2 second(s)</message>
  <nestedLevel>1</nestedLevel>
</record>
<record>
  <date>2018-07-27T12:17:40</date>
  <millis>1532674060444</millis>
  <sequence>176</sequence>
  <level>PASSED</level>
  <class>com.kms.katalon.core.logging.KeywordLogger</class>
  <method>logMessage</method>
  <thread>1</thread>
  <message>Delayed 2 second(s)</message>
  <nestedLevel>1</nestedLevel>
</record>
<record>
  <date>2018-07-27T12:17:40</date>
  <millis>1532674060445</millis>
  <sequence>177</sequence>
  <level>END</level>
  <class>com.kms.katalon.core.logging.KeywordLogger</class>
  <method>endKeyword</method>
  <thread>1</thread>
  <message>End action : delay</message>
  <nestedLevel>1</nestedLevel>
</record>
<record>
  <date>2018-07-27T12:17:40</date>
  <millis>1532674060446</millis>
  <sequence>178</sequence>
  <level>START</level>
  <class>com.kms.katalon.core.logging.KeywordLogger</class>
  <method>startKeyword</method>
  <thread>1</thread>
  <message>Start action : selectOptionByValue</message>
  <nestedLevel>1</nestedLevel>
  <property name="startLine">70</property>
  <property name="stepIndex">19</property>
</record>
<record>
  <date>2018-07-27T12:17:40</date>
  <millis>1532674060449</millis>
  <sequence>179</sequence>
  <level>NOT_RUN</level>
  <class>com.kms.katalon.core.logging.KeywordLogger</class>
  <method>logMessage</method>
  <thread>1</thread>
  <message>NOT_RUN: selectOptionByValue</message>
  <nestedLevel>1</nestedLevel>
</record>
<record>
  <date>2018-07-27T12:17:40</date>
  <millis>1532674060451</millis>
  <sequence>180</sequence>
  <level>END</level>
  <class>com.kms.katalon.core.logging.KeywordLogger</class>
  <method>endKeyword</method>
  <thread>1</thread>
  <message>End action : selectOptionByValue</message>
  <nestedLevel>1</nestedLevel>
</record>
<record>
  <date>2018-07-27T12:17:40</date>
  <millis>1532674060451</millis>
  <sequence>181</sequence>
  <level>START</level>
  <class>com.kms.katalon.core.logging.KeywordLogger</class>
  <method>startKeyword</method>
  <thread>1</thread>
  <message>Start action : delay</message>
  <nestedLevel>1</nestedLevel>
  <property name="startLine">73</property>
  <property name="stepIndex">20</property>
</record>
<record>
  <date>2018-07-27T12:17:40</date>
  <millis>1532674060453</millis>
  <sequence>182</sequence>
  <level>NOT_RUN</level>
  <class>com.kms.katalon.core.logging.KeywordLogger</class>
  <method>logMessage</method>
  <thread>1</thread>
  <message>NOT_RUN: delay</message>
  <nestedLevel>1</nestedLevel>
</record>
<record>
  <date>2018-07-27T12:17:40</date>
  <millis>1532674060454</millis>
  <sequence>183</sequence>
  <level>END</level>
  <class>com.kms.katalon.core.logging.KeywordLogger</class>
  <method>endKeyword</method>
  <thread>1</thread>
  <message>End action : delay</message>
  <nestedLevel>1</nestedLevel>
</record>
<record>
  <date>2018-07-27T12:17:40</date>
  <millis>1532674060455</millis>
  <sequence>184</sequence>
  <level>START</level>
  <class>com.kms.katalon.core.logging.KeywordLogger</class>
  <method>startKeyword</method>
  <thread>1</thread>
  <message>Start action : click</message>
  <nestedLevel>1</nestedLevel>
  <property name="startLine">75</property>
  <property name="stepIndex">21</property>
</record>
<record>
  <date>2018-07-27T12:17:40</date>
  <millis>1532674060456</millis>
  <sequence>185</sequence>
  <level>INFO</level>
  <class>com.kms.katalon.core.logging.KeywordLogger</class>
  <method>logMessage</method>
  <thread>1</thread>
  <message>Finding Test Object with id &amp;apos;Object Repository/New_DataSource/click_save&amp;apos;</message>
  <nestedLevel>1</nestedLevel>
</record>
<record>
  <date>2018-07-27T12:17:40</date>
  <millis>1532674060463</millis>
  <sequence>186</sequence>
  <level>INFO</level>
  <class>com.kms.katalon.core.logging.KeywordLogger</class>
  <method>logMessage</method>
  <thread>1</thread>
  <message>Checking object</message>
  <nestedLevel>1</nestedLevel>
</record>
<record>
  <date>2018-07-27T12:17:40</date>
  <millis>1532674060464</millis>
  <sequence>187</sequence>
  <level>INFO</level>
  <class>com.kms.katalon.core.logging.KeywordLogger</class>
  <method>logMessage</method>
  <thread>1</thread>
  <message>Checking timeout</message>
  <nestedLevel>1</nestedLevel>
</record>
<record>
  <date>2018-07-27T12:17:40</date>
  <millis>1532674060465</millis>
  <sequence>188</sequence>
  <level>INFO</level>
  <class>com.kms.katalon.core.logging.KeywordLogger</class>
  <method>logMessage</method>
  <thread>1</thread>
  <message>Finding web element with id: &amp;apos;Object Repository/New_DataSource/click_save&amp;apos; located by &amp;apos;By.xpath: //a[contains(text(),&amp;apos;Save&amp;apos;)]&amp;apos; in &amp;apos;30&amp;apos; second(s)</message>
  <nestedLevel>1</nestedLevel>
</record>
<record>
  <date>2018-07-27T12:17:40</date>
  <millis>1532674060493</millis>
  <sequence>189</sequence>
  <level>INFO</level>
  <class>com.kms.katalon.core.logging.KeywordLogger</class>
  <method>logMessage</method>
  <thread>1</thread>
  <message>Found 1 web elements with id: &amp;apos;Object Repository/New_DataSource/click_save&amp;apos; located by &amp;apos;By.xpath: //a[contains(text(),&amp;apos;Save&amp;apos;)]&amp;apos; in &amp;apos;30&amp;apos; second(s)</message>
  <nestedLevel>1</nestedLevel>
</record>
<record>
  <date>2018-07-27T12:17:40</date>
  <millis>1532674060493</millis>
  <sequence>190</sequence>
  <level>INFO</level>
  <class>com.kms.katalon.core.logging.KeywordLogger</class>
  <method>logMessage</method>
  <thread>1</thread>
  <message>Clicking on object: &amp;apos;Object Repository/New_DataSource/click_save&amp;apos;</message>
  <nestedLevel>1</nestedLevel>
</record>
<record>
  <date>2018-07-27T12:17:40</date>
  <millis>1532674060718</millis>
  <sequence>191</sequence>
  <level>PASSED</level>
  <class>com.kms.katalon.core.logging.KeywordLogger</class>
  <method>logMessage</method>
  <thread>1</thread>
  <message>Object: &amp;apos;Object Repository/New_DataSource/click_save&amp;apos; is clicked on</message>
  <nestedLevel>1</nestedLevel>
</record>
<record>
  <date>2018-07-27T12:17:40</date>
  <millis>1532674060719</millis>
  <sequence>192</sequence>
  <level>END</level>
  <class>com.kms.katalon.core.logging.KeywordLogger</class>
  <method>endKeyword</method>
  <thread>1</thread>
  <message>End action : click</message>
  <nestedLevel>1</nestedLevel>
</record>
<record>
  <date>2018-07-27T12:17:40</date>
  <millis>1532674060721</millis>
  <sequence>193</sequence>
  <level>START</level>
  <class>com.kms.katalon.core.logging.KeywordLogger</class>
  <method>startKeyword</method>
  <thread>1</thread>
  <message>Start action : delay</message>
  <nestedLevel>1</nestedLevel>
  <property name="startLine">77</property>
  <property name="stepIndex">22</property>
</record>
<record>
  <date>2018-07-27T12:17:40</date>
  <millis>1532674060722</millis>
  <sequence>194</sequence>
  <level>INFO</level>
  <class>com.kms.katalon.core.logging.KeywordLogger</class>
  <method>logMessage</method>
  <thread>1</thread>
  <message>Delaying browser in 3 second(s)</message>
  <nestedLevel>1</nestedLevel>
</record>
<record>
  <date>2018-07-27T12:17:43</date>
  <millis>1532674063723</millis>
  <sequence>195</sequence>
  <level>PASSED</level>
  <class>com.kms.katalon.core.logging.KeywordLogger</class>
  <method>logMessage</method>
  <thread>1</thread>
  <message>Delayed 3 second(s)</message>
  <nestedLevel>1</nestedLevel>
</record>
<record>
  <date>2018-07-27T12:17:43</date>
  <millis>1532674063724</millis>
  <sequence>196</sequence>
  <level>END</level>
  <class>com.kms.katalon.core.logging.KeywordLogger</class>
  <method>endKeyword</method>
  <thread>1</thread>
  <message>End action : delay</message>
  <nestedLevel>1</nestedLevel>
</record>
<record>
  <date>2018-07-27T12:17:43</date>
  <millis>1532674063724</millis>
  <sequence>197</sequence>
  <level>START</level>
  <class>com.kms.katalon.core.logging.KeywordLogger</class>
  <method>startKeyword</method>
  <thread>1</thread>
  <message>Start action : click</message>
  <nestedLevel>1</nestedLevel>
  <property name="startLine">79</property>
  <property name="stepIndex">23</property>
</record>
<record>
  <date>2018-07-27T12:17:43</date>
  <millis>1532674063725</millis>
  <sequence>198</sequence>
  <level>INFO</level>
  <class>com.kms.katalon.core.logging.KeywordLogger</class>
  <method>logMessage</method>
  <thread>1</thread>
  <message>Finding Test Object with id &amp;apos;Object Repository/New_DataSource/click_ok&amp;apos;</message>
  <nestedLevel>1</nestedLevel>
</record>
<record>
  <date>2018-07-27T12:17:43</date>
  <millis>1532674063726</millis>
  <sequence>199</sequence>
  <level>INFO</level>
  <class>com.kms.katalon.core.logging.KeywordLogger</class>
  <method>logMessage</method>
  <thread>1</thread>
  <message>Checking object</message>
  <nestedLevel>1</nestedLevel>
</record>
<record>
  <date>2018-07-27T12:17:43</date>
  <millis>1532674063726</millis>
  <sequence>200</sequence>
  <level>INFO</level>
  <class>com.kms.katalon.core.logging.KeywordLogger</class>
  <method>logMessage</method>
  <thread>1</thread>
  <message>Checking timeout</message>
  <nestedLevel>1</nestedLevel>
</record>
<record>
  <date>2018-07-27T12:17:43</date>
  <millis>1532674063726</millis>
  <sequence>201</sequence>
  <level>INFO</level>
  <class>com.kms.katalon.core.logging.KeywordLogger</class>
  <method>logMessage</method>
  <thread>1</thread>
  <message>Finding web element with id: &amp;apos;Object Repository/New_DataSource/click_ok&amp;apos; located by &amp;apos;By.xpath: //a[contains(text(),&amp;apos;Ok&amp;apos;)]&amp;apos; in &amp;apos;30&amp;apos; second(s)</message>
  <nestedLevel>1</nestedLevel>
</record>
<record>
  <date>2018-07-27T12:17:43</date>
  <millis>1532674063774</millis>
  <sequence>202</sequence>
  <level>INFO</level>
  <class>com.kms.katalon.core.logging.KeywordLogger</class>
  <method>logMessage</method>
  <thread>1</thread>
  <message>Found 1 web elements with id: &amp;apos;Object Repository/New_DataSource/click_ok&amp;apos; located by &amp;apos;By.xpath: //a[contains(text(),&amp;apos;Ok&amp;apos;)]&amp;apos; in &amp;apos;30&amp;apos; second(s)</message>
  <nestedLevel>1</nestedLevel>
</record>
<record>
  <date>2018-07-27T12:17:43</date>
  <millis>1532674063774</millis>
  <sequence>203</sequence>
  <level>INFO</level>
  <class>com.kms.katalon.core.logging.KeywordLogger</class>
  <method>logMessage</method>
  <thread>1</thread>
  <message>Clicking on object: &amp;apos;Object Repository/New_DataSource/click_ok&amp;apos;</message>
  <nestedLevel>1</nestedLevel>
</record>
<record>
  <date>2018-07-27T12:17:43</date>
  <millis>1532674063885</millis>
  <sequence>204</sequence>
  <level>PASSED</level>
  <class>com.kms.katalon.core.logging.KeywordLogger</class>
  <method>logMessage</method>
  <thread>1</thread>
  <message>Object: &amp;apos;Object Repository/New_DataSource/click_ok&amp;apos; is clicked on</message>
  <nestedLevel>1</nestedLevel>
</record>
<record>
  <date>2018-07-27T12:17:43</date>
  <millis>1532674063887</millis>
  <sequence>205</sequence>
  <level>END</level>
  <class>com.kms.katalon.core.logging.KeywordLogger</class>
  <method>endKeyword</method>
  <thread>1</thread>
  <message>End action : click</message>
  <nestedLevel>1</nestedLevel>
</record>
<record>
  <date>2018-07-27T12:17:43</date>
  <millis>1532674063887</millis>
  <sequence>206</sequence>
  <level>START</level>
  <class>com.kms.katalon.core.logging.KeywordLogger</class>
  <method>startKeyword</method>
  <thread>1</thread>
  <message>Start action : delay</message>
  <nestedLevel>1</nestedLevel>
  <property name="startLine">81</property>
  <property name="stepIndex">24</property>
</record>
<record>
  <date>2018-07-27T12:17:43</date>
  <millis>1532674063888</millis>
  <sequence>207</sequence>
  <level>INFO</level>
  <class>com.kms.katalon.core.logging.KeywordLogger</class>
  <method>logMessage</method>
  <thread>1</thread>
  <message>Delaying browser in 3 second(s)</message>
  <nestedLevel>1</nestedLevel>
</record>
<record>
  <date>2018-07-27T12:17:46</date>
  <millis>1532674066890</millis>
  <sequence>208</sequence>
  <level>PASSED</level>
  <class>com.kms.katalon.core.logging.KeywordLogger</class>
  <method>logMessage</method>
  <thread>1</thread>
  <message>Delayed 3 second(s)</message>
  <nestedLevel>1</nestedLevel>
</record>
<record>
  <date>2018-07-27T12:17:46</date>
  <millis>1532674066892</millis>
  <sequence>209</sequence>
  <level>END</level>
  <class>com.kms.katalon.core.logging.KeywordLogger</class>
  <method>endKeyword</method>
  <thread>1</thread>
  <message>End action : delay</message>
  <nestedLevel>1</nestedLevel>
</record>
<record>
  <date>2018-07-27T12:17:46</date>
  <millis>1532674066892</millis>
  <sequence>210</sequence>
  <level>START</level>
  <class>com.kms.katalon.core.logging.KeywordLogger</class>
  <method>startKeyword</method>
  <thread>1</thread>
  <message>Start action : Statement - dataSource = \&amp;quot;(//span[contains(text(),&amp;apos;\&amp;quot; + com.kms.katalon.core.testdata.TestDataFactory.findTestData(Database).getValue(\&amp;quot;Connection_Name\&amp;quot;, 3) + \&amp;quot;&amp;apos;)])[1]\&amp;quot;</message>
  <nestedLevel>1</nestedLevel>
  <property name="startLine">83</property>
  <property name="stepIndex">25</property>
</record>
<record>
  <date>2018-07-27T12:17:46</date>
  <millis>1532674066894</millis>
  <sequence>211</sequence>
  <level>INFO</level>
  <class>com.kms.katalon.core.logging.KeywordLogger</class>
  <method>logMessage</method>
  <thread>1</thread>
  <message>Checking test data id</message>
  <nestedLevel>1</nestedLevel>
</record>
<record>
  <date>2018-07-27T12:17:46</date>
  <millis>1532674066897</millis>
  <sequence>212</sequence>
  <level>INFO</level>
  <class>com.kms.katalon.core.logging.KeywordLogger</class>
  <method>logMessage</method>
  <thread>1</thread>
  <message>Finding test data with id &amp;apos;Data Files/Database&amp;apos;</message>
  <nestedLevel>1</nestedLevel>
</record>
<record>
  <date>2018-07-27T12:17:46</date>
  <millis>1532674066908</millis>
  <sequence>213</sequence>
  <level>INFO</level>
  <class>com.kms.katalon.core.logging.KeywordLogger</class>
  <method>logMessage</method>
  <thread>1</thread>
  <message>Test data is excel file, reading excel file</message>
  <nestedLevel>1</nestedLevel>
</record>
<record>
  <date>2018-07-27T12:17:46</date>
  <millis>1532674066909</millis>
  <sequence>214</sequence>
  <level>INFO</level>
  <class>com.kms.katalon.core.logging.KeywordLogger</class>
  <method>logMessage</method>
  <thread>1</thread>
  <message>Reading excel file with source file &amp;apos;C:\\Users\\arokia.raj\\Desktop\\Database.xls&amp;apos; and sheet name &amp;apos;Login&amp;apos;</message>
  <nestedLevel>1</nestedLevel>
</record>
<record>
  <date>2018-07-27T12:17:46</date>
  <millis>1532674066919</millis>
  <sequence>215</sequence>
  <level>END</level>
  <class>com.kms.katalon.core.logging.KeywordLogger</class>
  <method>endKeyword</method>
  <thread>1</thread>
  <message>End action : Statement - dataSource = \&amp;quot;(//span[contains(text(),&amp;apos;\&amp;quot; + com.kms.katalon.core.testdata.TestDataFactory.findTestData(Database).getValue(\&amp;quot;Connection_Name\&amp;quot;, 3) + \&amp;quot;&amp;apos;)])[1]\&amp;quot;</message>
  <nestedLevel>1</nestedLevel>
</record>
<record>
  <date>2018-07-27T12:17:46</date>
  <millis>1532674066919</millis>
  <sequence>216</sequence>
  <level>START</level>
  <class>com.kms.katalon.core.logging.KeywordLogger</class>
  <method>startKeyword</method>
  <thread>1</thread>
  <message>Start action : Statement - println(dataSource)</message>
  <nestedLevel>1</nestedLevel>
  <property name="startLine">85</property>
  <property name="stepIndex">26</property>
</record>
<record>
  <date>2018-07-27T12:17:46</date>
  <millis>1532674066919</millis>
  <sequence>217</sequence>
  <level>END</level>
  <class>com.kms.katalon.core.logging.KeywordLogger</class>
  <method>endKeyword</method>
  <thread>1</thread>
  <message>End action : Statement - println(dataSource)</message>
  <nestedLevel>1</nestedLevel>
</record>
<record>
  <date>2018-07-27T12:17:46</date>
  <millis>1532674066919</millis>
  <sequence>218</sequence>
  <level>START</level>
  <class>com.kms.katalon.core.logging.KeywordLogger</class>
  <method>startKeyword</method>
  <thread>1</thread>
  <message>Start action : Statement - dynamicObject = new com.kms.katalon.core.testobject.TestObject(dataSource).addProperty(\&amp;quot;xpath\&amp;quot;, EQUALS, dataSource, true)</message>
  <nestedLevel>1</nestedLevel>
  <property name="startLine">87</property>
  <property name="stepIndex">27</property>
</record>
<record>
  <date>2018-07-27T12:17:46</date>
  <millis>1532674066919</millis>
  <sequence>219</sequence>
  <level>END</level>
  <class>com.kms.katalon.core.logging.KeywordLogger</class>
  <method>endKeyword</method>
  <thread>1</thread>
  <message>End action : Statement - dynamicObject = new com.kms.katalon.core.testobject.TestObject(dataSource).addProperty(\&amp;quot;xpath\&amp;quot;, EQUALS, dataSource, true)</message>
  <nestedLevel>1</nestedLevel>
</record>
<record>
  <date>2018-07-27T12:17:46</date>
  <millis>1532674066919</millis>
  <sequence>220</sequence>
  <level>START</level>
  <class>com.kms.katalon.core.logging.KeywordLogger</class>
  <method>startKeyword</method>
  <thread>1</thread>
  <message>Start action : waitForElementVisible</message>
  <nestedLevel>1</nestedLevel>
  <property name="startLine">90</property>
  <property name="stepIndex">28</property>
</record>
<record>
  <date>2018-07-27T12:17:46</date>
  <millis>1532674066950</millis>
  <sequence>221</sequence>
  <level>INFO</level>
  <class>com.kms.katalon.core.logging.KeywordLogger</class>
  <method>logMessage</method>
  <thread>1</thread>
  <message>Checking object</message>
  <nestedLevel>1</nestedLevel>
</record>
<record>
  <date>2018-07-27T12:17:46</date>
  <millis>1532674066950</millis>
  <sequence>222</sequence>
  <level>INFO</level>
  <class>com.kms.katalon.core.logging.KeywordLogger</class>
  <method>logMessage</method>
  <thread>1</thread>
  <message>Checking timeout</message>
  <nestedLevel>1</nestedLevel>
</record>
<record>
  <date>2018-07-27T12:17:46</date>
  <millis>1532674066950</millis>
  <sequence>223</sequence>
  <level>INFO</level>
  <class>com.kms.katalon.core.logging.KeywordLogger</class>
  <method>logMessage</method>
  <thread>1</thread>
  <message>Checking timeout</message>
  <nestedLevel>1</nestedLevel>
</record>
<record>
  <date>2018-07-27T12:17:46</date>
  <millis>1532674066950</millis>
  <sequence>224</sequence>
  <level>INFO</level>
  <class>com.kms.katalon.core.logging.KeywordLogger</class>
  <method>logMessage</method>
  <thread>1</thread>
  <message>Finding web element with id: &amp;apos;(//span[contains(text(),&amp;apos;AUTO_WS&amp;apos;)])[1]&amp;apos; located by &amp;apos;By.xpath: (//span[contains(text(),&amp;apos;AUTO_WS&amp;apos;)])[1]&amp;apos; in &amp;apos;3&amp;apos; second(s)</message>
  <nestedLevel>1</nestedLevel>
</record>
