<?xml version="1.0" encoding="UTF-8" standalone="no"?>
<!DOCTYPE log SYSTEM "logger.dtd">
<log>
<record>
  <date>2018-07-09T10:02:27</date>
  <millis>1531110747351</millis>
  <sequence>0</sequence>
  <level>START</level>
  <class>com.kms.katalon.core.logging.KeywordLogger</class>
  <method>startSuite</method>
  <thread>1</thread>
  <message>Start Test Suite : Test Suites/Request_Moduler</message>
  <nestedLevel>0</nestedLevel>
  <property name="name">Request_Moduler</property>
  <property name="description"></property>
  <property name="id">Test Suites/Request_Moduler</property>
</record>
<record>
  <date>2018-07-09T10:02:27</date>
  <millis>1531110747393</millis>
  <sequence>1</sequence>
  <level>RUN_DATA</level>
  <class>com.kms.katalon.core.logging.KeywordLogger</class>
  <method>logMessage</method>
  <thread>1</thread>
  <message>Logging run data &amp;apos;hostName&amp;apos; with value &amp;apos;arokia.raj - N9449.intellectdesign.com&amp;apos;</message>
  <nestedLevel>0</nestedLevel>
  <property name="hostName">arokia.raj - N9449.intellectdesign.com</property>
</record>
<record>
  <date>2018-07-09T10:02:27</date>
  <millis>1531110747396</millis>
  <sequence>2</sequence>
  <level>RUN_DATA</level>
  <class>com.kms.katalon.core.logging.KeywordLogger</class>
  <method>logMessage</method>
  <thread>1</thread>
  <message>Logging run data &amp;apos;os&amp;apos; with value &amp;apos;Windows 7 64bit&amp;apos;</message>
  <nestedLevel>0</nestedLevel>
  <property name="os">Windows 7 64bit</property>
</record>
<record>
  <date>2018-07-09T10:02:27</date>
  <millis>1531110747397</millis>
  <sequence>3</sequence>
  <level>RUN_DATA</level>
  <class>com.kms.katalon.core.logging.KeywordLogger</class>
  <method>logMessage</method>
  <thread>1</thread>
  <message>Logging run data &amp;apos;hostAddress&amp;apos; with value &amp;apos;172.29.24.220&amp;apos;</message>
  <nestedLevel>0</nestedLevel>
  <property name="hostAddress">172.29.24.220</property>
</record>
<record>
  <date>2018-07-09T10:02:27</date>
  <millis>1531110747400</millis>
  <sequence>4</sequence>
  <level>RUN_DATA</level>
  <class>com.kms.katalon.core.logging.KeywordLogger</class>
  <method>logMessage</method>
  <thread>1</thread>
  <message>Logging run data &amp;apos;katalonVersion&amp;apos; with value &amp;apos;5.4.1.1&amp;apos;</message>
  <nestedLevel>0</nestedLevel>
  <property name="katalonVersion">5.4.1.1</property>
</record>
<record>
  <date>2018-07-09T10:02:27</date>
  <millis>1531110747935</millis>
  <sequence>5</sequence>
  <level>START</level>
  <class>com.kms.katalon.core.logging.KeywordLogger</class>
  <method>startTest</method>
  <thread>1</thread>
  <message>Start Test Case : Test Cases/Studio Smoke Test Cases/Common Functions</message>
  <nestedLevel>1</nestedLevel>
  <property name="name">Test Cases/Studio Smoke Test Cases/Common Functions</property>
  <property name="description"></property>
  <property name="id">Test Cases/Studio Smoke Test Cases/Common Functions</property>
  <property name="source">D:\\Sheepa\\Katalon\\Studio Smoke Test\\Studio Smoke Test\\Test Cases\\Studio Smoke Test Cases\\Common Functions.tc</property>
  <property name="isOptional">false</property>
</record>
<record>
  <date>2018-07-09T10:02:28</date>
  <millis>1531110748004</millis>
  <sequence>6</sequence>
  <level>INFO</level>
  <class>com.kms.katalon.core.logging.KeywordLogger</class>
  <method>logMessage</method>
  <thread>1</thread>
  <message>Evaluating variables for test case</message>
  <nestedLevel>1</nestedLevel>
</record>
<record>
  <date>2018-07-09T10:02:28</date>
  <millis>1531110748748</millis>
  <sequence>7</sequence>
  <level>START</level>
  <class>com.kms.katalon.core.logging.KeywordLogger</class>
  <method>startKeyword</method>
  <thread>1</thread>
  <message>Start action : Statement - digi = generateRandomInt(9999999)</message>
  <nestedLevel>1</nestedLevel>
  <property name="startLine">39</property>
  <property name="stepIndex">1</property>
</record>
<record>
  <date>2018-07-09T10:02:28</date>
  <millis>1531110748751</millis>
  <sequence>8</sequence>
  <level>END</level>
  <class>com.kms.katalon.core.logging.KeywordLogger</class>
  <method>endKeyword</method>
  <thread>1</thread>
  <message>End action : Statement - digi = generateRandomInt(9999999)</message>
  <nestedLevel>1</nestedLevel>
</record>
<record>
  <date>2018-07-09T10:02:28</date>
  <millis>1531110748753</millis>
  <sequence>9</sequence>
  <level>START</level>
  <class>com.kms.katalon.core.logging.KeywordLogger</class>
  <method>startKeyword</method>
  <thread>1</thread>
  <message>Start action : Statement - random = new java.util.Random()</message>
  <nestedLevel>1</nestedLevel>
  <property name="startLine">30</property>
  <property name="stepIndex">1</property>
</record>
<record>
  <date>2018-07-09T10:02:28</date>
  <millis>1531110748763</millis>
  <sequence>10</sequence>
  <level>END</level>
  <class>com.kms.katalon.core.logging.KeywordLogger</class>
  <method>endKeyword</method>
  <thread>1</thread>
  <message>End action : Statement - random = new java.util.Random()</message>
  <nestedLevel>1</nestedLevel>
</record>
<record>
  <date>2018-07-09T10:02:28</date>
  <millis>1531110748763</millis>
  <sequence>11</sequence>
  <level>START</level>
  <class>com.kms.katalon.core.logging.KeywordLogger</class>
  <method>startKeyword</method>
  <thread>1</thread>
  <message>Start action : Statement - return random.nextInt(upperRange)</message>
  <nestedLevel>1</nestedLevel>
  <property name="startLine">31</property>
  <property name="stepIndex">2</property>
</record>
<record>
  <date>2018-07-09T10:02:28</date>
  <millis>1531110748766</millis>
  <sequence>12</sequence>
  <level>END</level>
  <class>com.kms.katalon.core.logging.KeywordLogger</class>
  <method>endKeyword</method>
  <thread>1</thread>
  <message>End action : Statement - return random.nextInt(upperRange)</message>
  <nestedLevel>1</nestedLevel>
</record>
<record>
  <date>2018-07-09T10:02:28</date>
  <millis>1531110748770</millis>
  <sequence>13</sequence>
  <level>START</level>
  <class>com.kms.katalon.core.logging.KeywordLogger</class>
  <method>startKeyword</method>
  <thread>1</thread>
  <message>Start action : Statement - acc = generateRandomInt(999999999)</message>
  <nestedLevel>1</nestedLevel>
  <property name="startLine">40</property>
  <property name="stepIndex">2</property>
</record>
<record>
  <date>2018-07-09T10:02:28</date>
  <millis>1531110748772</millis>
  <sequence>14</sequence>
  <level>END</level>
  <class>com.kms.katalon.core.logging.KeywordLogger</class>
  <method>endKeyword</method>
  <thread>1</thread>
  <message>End action : Statement - acc = generateRandomInt(999999999)</message>
  <nestedLevel>1</nestedLevel>
</record>
<record>
  <date>2018-07-09T10:02:28</date>
  <millis>1531110748774</millis>
  <sequence>15</sequence>
  <level>START</level>
  <class>com.kms.katalon.core.logging.KeywordLogger</class>
  <method>startKeyword</method>
  <thread>1</thread>
  <message>Start action : Statement - random = new java.util.Random()</message>
  <nestedLevel>1</nestedLevel>
  <property name="startLine">30</property>
  <property name="stepIndex">1</property>
</record>
<record>
  <date>2018-07-09T10:02:28</date>
  <millis>1531110748776</millis>
  <sequence>16</sequence>
  <level>END</level>
  <class>com.kms.katalon.core.logging.KeywordLogger</class>
  <method>endKeyword</method>
  <thread>1</thread>
  <message>End action : Statement - random = new java.util.Random()</message>
  <nestedLevel>1</nestedLevel>
</record>
<record>
  <date>2018-07-09T10:02:28</date>
  <millis>1531110748777</millis>
  <sequence>17</sequence>
  <level>START</level>
  <class>com.kms.katalon.core.logging.KeywordLogger</class>
  <method>startKeyword</method>
  <thread>1</thread>
  <message>Start action : Statement - return random.nextInt(upperRange)</message>
  <nestedLevel>1</nestedLevel>
  <property name="startLine">31</property>
  <property name="stepIndex">2</property>
</record>
<record>
  <date>2018-07-09T10:02:28</date>
  <millis>1531110748798</millis>
  <sequence>18</sequence>
  <level>END</level>
  <class>com.kms.katalon.core.logging.KeywordLogger</class>
  <method>endKeyword</method>
  <thread>1</thread>
  <message>End action : Statement - return random.nextInt(upperRange)</message>
  <nestedLevel>1</nestedLevel>
</record>
<record>
  <date>2018-07-09T10:02:28</date>
  <millis>1531110748800</millis>
  <sequence>19</sequence>
  <level>START</level>
  <class>com.kms.katalon.core.logging.KeywordLogger</class>
  <method>startKeyword</method>
  <thread>1</thread>
  <message>Start action : Statement - accNo = java.lang.String.valueOf(acc)</message>
  <nestedLevel>1</nestedLevel>
  <property name="startLine">43</property>
  <property name="stepIndex">3</property>
</record>
<record>
  <date>2018-07-09T10:02:28</date>
  <millis>1531110748803</millis>
  <sequence>20</sequence>
  <level>END</level>
  <class>com.kms.katalon.core.logging.KeywordLogger</class>
  <method>endKeyword</method>
  <thread>1</thread>
  <message>End action : Statement - accNo = java.lang.String.valueOf(acc)</message>
  <nestedLevel>1</nestedLevel>
</record>
<record>
  <date>2018-07-09T10:02:28</date>
  <millis>1531110748805</millis>
  <sequence>21</sequence>
  <level>START</level>
  <class>com.kms.katalon.core.logging.KeywordLogger</class>
  <method>startKeyword</method>
  <thread>1</thread>
  <message>Start action : Statement - println(accNo)</message>
  <nestedLevel>1</nestedLevel>
  <property name="startLine">44</property>
  <property name="stepIndex">4</property>
</record>
<record>
  <date>2018-07-09T10:02:28</date>
  <millis>1531110748823</millis>
  <sequence>22</sequence>
  <level>END</level>
  <class>com.kms.katalon.core.logging.KeywordLogger</class>
  <method>endKeyword</method>
  <thread>1</thread>
  <message>End action : Statement - println(accNo)</message>
  <nestedLevel>1</nestedLevel>
</record>
<record>
  <date>2018-07-09T10:02:28</date>
  <millis>1531110748826</millis>
  <sequence>23</sequence>
  <level>START</level>
  <class>com.kms.katalon.core.logging.KeywordLogger</class>
  <method>startKeyword</method>
  <thread>1</thread>
  <message>Start action : Statement - form_id = \&amp;quot;F\&amp;quot; + digi</message>
  <nestedLevel>1</nestedLevel>
  <property name="startLine">46</property>
  <property name="stepIndex">5</property>
</record>
<record>
  <date>2018-07-09T10:02:28</date>
  <millis>1531110748831</millis>
  <sequence>24</sequence>
  <level>END</level>
  <class>com.kms.katalon.core.logging.KeywordLogger</class>
  <method>endKeyword</method>
  <thread>1</thread>
  <message>End action : Statement - form_id = \&amp;quot;F\&amp;quot; + digi</message>
  <nestedLevel>1</nestedLevel>
</record>
<record>
  <date>2018-07-09T10:02:28</date>
  <millis>1531110748833</millis>
  <sequence>25</sequence>
  <level>START</level>
  <class>com.kms.katalon.core.logging.KeywordLogger</class>
  <method>startKeyword</method>
  <thread>1</thread>
  <message>Start action : Statement - println(form_id)</message>
  <nestedLevel>1</nestedLevel>
  <property name="startLine">47</property>
  <property name="stepIndex">6</property>
</record>
<record>
  <date>2018-07-09T10:02:28</date>
  <millis>1531110748838</millis>
  <sequence>26</sequence>
  <level>END</level>
  <class>com.kms.katalon.core.logging.KeywordLogger</class>
  <method>endKeyword</method>
  <thread>1</thread>
  <message>End action : Statement - println(form_id)</message>
  <nestedLevel>1</nestedLevel>
</record>
<record>
  <date>2018-07-09T10:02:28</date>
  <millis>1531110748839</millis>
  <sequence>27</sequence>
  <level>START</level>
  <class>com.kms.katalon.core.logging.KeywordLogger</class>
  <method>startKeyword</method>
  <thread>1</thread>
  <message>Start action : Statement - view_id = \&amp;quot;AV\&amp;quot; + digi</message>
  <nestedLevel>1</nestedLevel>
  <property name="startLine">51</property>
  <property name="stepIndex">7</property>
</record>
<record>
  <date>2018-07-09T10:02:28</date>
  <millis>1531110748841</millis>
  <sequence>28</sequence>
  <level>END</level>
  <class>com.kms.katalon.core.logging.KeywordLogger</class>
  <method>endKeyword</method>
  <thread>1</thread>
  <message>End action : Statement - view_id = \&amp;quot;AV\&amp;quot; + digi</message>
  <nestedLevel>1</nestedLevel>
</record>
<record>
  <date>2018-07-09T10:02:28</date>
  <millis>1531110748842</millis>
  <sequence>29</sequence>
  <level>START</level>
  <class>com.kms.katalon.core.logging.KeywordLogger</class>
  <method>startKeyword</method>
  <thread>1</thread>
  <message>Start action : Statement - println(view_id)</message>
  <nestedLevel>1</nestedLevel>
  <property name="startLine">52</property>
  <property name="stepIndex">8</property>
</record>
<record>
  <date>2018-07-09T10:02:28</date>
  <millis>1531110748844</millis>
  <sequence>30</sequence>
  <level>END</level>
  <class>com.kms.katalon.core.logging.KeywordLogger</class>
  <method>endKeyword</method>
  <thread>1</thread>
  <message>End action : Statement - println(view_id)</message>
  <nestedLevel>1</nestedLevel>
</record>
<record>
  <date>2018-07-09T10:02:28</date>
  <millis>1531110748845</millis>
  <sequence>31</sequence>
  <level>START</level>
  <class>com.kms.katalon.core.logging.KeywordLogger</class>
  <method>startKeyword</method>
  <thread>1</thread>
  <message>Start action : Statement - app_id = \&amp;quot;AA\&amp;quot; + digi</message>
  <nestedLevel>1</nestedLevel>
  <property name="startLine">54</property>
  <property name="stepIndex">9</property>
</record>
<record>
  <date>2018-07-09T10:02:28</date>
  <millis>1531110748847</millis>
  <sequence>32</sequence>
  <level>END</level>
  <class>com.kms.katalon.core.logging.KeywordLogger</class>
  <method>endKeyword</method>
  <thread>1</thread>
  <message>End action : Statement - app_id = \&amp;quot;AA\&amp;quot; + digi</message>
  <nestedLevel>1</nestedLevel>
</record>
<record>
  <date>2018-07-09T10:02:28</date>
  <millis>1531110748848</millis>
  <sequence>33</sequence>
  <level>START</level>
  <class>com.kms.katalon.core.logging.KeywordLogger</class>
  <method>startKeyword</method>
  <thread>1</thread>
  <message>Start action : Statement - println(app_id)</message>
  <nestedLevel>1</nestedLevel>
  <property name="startLine">55</property>
  <property name="stepIndex">10</property>
</record>
<record>
  <date>2018-07-09T10:02:28</date>
  <millis>1531110748851</millis>
  <sequence>34</sequence>
  <level>END</level>
  <class>com.kms.katalon.core.logging.KeywordLogger</class>
  <method>endKeyword</method>
  <thread>1</thread>
  <message>End action : Statement - println(app_id)</message>
  <nestedLevel>1</nestedLevel>
</record>
<record>
  <date>2018-07-09T10:02:28</date>
  <millis>1531110748860</millis>
  <sequence>35</sequence>
  <level>START</level>
  <class>com.kms.katalon.core.logging.KeywordLogger</class>
  <method>startKeyword</method>
  <thread>1</thread>
  <message>Start action : Statement - subWS_id = \&amp;quot;ASUB\&amp;quot; + digi</message>
  <nestedLevel>1</nestedLevel>
  <property name="startLine">57</property>
  <property name="stepIndex">11</property>
</record>
<record>
  <date>2018-07-09T10:02:28</date>
  <millis>1531110748863</millis>
  <sequence>36</sequence>
  <level>END</level>
  <class>com.kms.katalon.core.logging.KeywordLogger</class>
  <method>endKeyword</method>
  <thread>1</thread>
  <message>End action : Statement - subWS_id = \&amp;quot;ASUB\&amp;quot; + digi</message>
  <nestedLevel>1</nestedLevel>
</record>
<record>
  <date>2018-07-09T10:02:28</date>
  <millis>1531110748864</millis>
  <sequence>37</sequence>
  <level>START</level>
  <class>com.kms.katalon.core.logging.KeywordLogger</class>
  <method>startKeyword</method>
  <thread>1</thread>
  <message>Start action : Statement - println(subWS_id)</message>
  <nestedLevel>1</nestedLevel>
  <property name="startLine">58</property>
  <property name="stepIndex">12</property>
</record>
<record>
  <date>2018-07-09T10:02:28</date>
  <millis>1531110748866</millis>
  <sequence>38</sequence>
  <level>END</level>
  <class>com.kms.katalon.core.logging.KeywordLogger</class>
  <method>endKeyword</method>
  <thread>1</thread>
  <message>End action : Statement - println(subWS_id)</message>
  <nestedLevel>1</nestedLevel>
</record>
<record>
  <date>2018-07-09T10:02:28</date>
  <millis>1531110748866</millis>
  <sequence>39</sequence>
  <level>START</level>
  <class>com.kms.katalon.core.logging.KeywordLogger</class>
  <method>startKeyword</method>
  <thread>1</thread>
  <message>Start action : Statement - WS_id = \&amp;quot;AWS\&amp;quot; + digi</message>
  <nestedLevel>1</nestedLevel>
  <property name="startLine">60</property>
  <property name="stepIndex">13</property>
</record>
<record>
  <date>2018-07-09T10:02:28</date>
  <millis>1531110748869</millis>
  <sequence>40</sequence>
  <level>END</level>
  <class>com.kms.katalon.core.logging.KeywordLogger</class>
  <method>endKeyword</method>
  <thread>1</thread>
  <message>End action : Statement - WS_id = \&amp;quot;AWS\&amp;quot; + digi</message>
  <nestedLevel>1</nestedLevel>
</record>
<record>
  <date>2018-07-09T10:02:28</date>
  <millis>1531110748870</millis>
  <sequence>41</sequence>
  <level>START</level>
  <class>com.kms.katalon.core.logging.KeywordLogger</class>
  <method>startKeyword</method>
  <thread>1</thread>
  <message>Start action : Statement - println(WS_id)</message>
  <nestedLevel>1</nestedLevel>
  <property name="startLine">61</property>
  <property name="stepIndex">14</property>
</record>
<record>
  <date>2018-07-09T10:02:28</date>
  <millis>1531110748872</millis>
  <sequence>42</sequence>
  <level>END</level>
  <class>com.kms.katalon.core.logging.KeywordLogger</class>
  <method>endKeyword</method>
  <thread>1</thread>
  <message>End action : Statement - println(WS_id)</message>
  <nestedLevel>1</nestedLevel>
</record>
<record>
  <date>2018-07-09T10:02:28</date>
  <millis>1531110748873</millis>
  <sequence>43</sequence>
  <level>START</level>
  <class>com.kms.katalon.core.logging.KeywordLogger</class>
  <method>startKeyword</method>
  <thread>1</thread>
  <message>Start action : Statement - req_id = \&amp;quot;AR\&amp;quot; + digi</message>
  <nestedLevel>1</nestedLevel>
  <property name="startLine">63</property>
  <property name="stepIndex">15</property>
</record>
<record>
  <date>2018-07-09T10:02:28</date>
  <millis>1531110748874</millis>
  <sequence>44</sequence>
  <level>END</level>
  <class>com.kms.katalon.core.logging.KeywordLogger</class>
  <method>endKeyword</method>
  <thread>1</thread>
  <message>End action : Statement - req_id = \&amp;quot;AR\&amp;quot; + digi</message>
  <nestedLevel>1</nestedLevel>
</record>
<record>
  <date>2018-07-09T10:02:28</date>
  <millis>1531110748875</millis>
  <sequence>45</sequence>
  <level>START</level>
  <class>com.kms.katalon.core.logging.KeywordLogger</class>
  <method>startKeyword</method>
  <thread>1</thread>
  <message>Start action : Statement - println(req_id)</message>
  <nestedLevel>1</nestedLevel>
  <property name="startLine">64</property>
  <property name="stepIndex">16</property>
</record>
<record>
  <date>2018-07-09T10:02:28</date>
  <millis>1531110748876</millis>
  <sequence>46</sequence>
  <level>END</level>
  <class>com.kms.katalon.core.logging.KeywordLogger</class>
  <method>endKeyword</method>
  <thread>1</thread>
  <message>End action : Statement - println(req_id)</message>
  <nestedLevel>1</nestedLevel>
</record>
<record>
  <date>2018-07-09T10:02:28</date>
  <millis>1531110748883</millis>
  <sequence>47</sequence>
  <level>START</level>
  <class>com.kms.katalon.core.logging.KeywordLogger</class>
  <method>startKeyword</method>
  <thread>1</thread>
  <message>Start action : Statement - filePath = \&amp;quot;D:\\Sheepa\\Katalon\\Studio Smoke Test\\Studio Smoke Test\\Data Files\\Data Input.xls\&amp;quot;</message>
  <nestedLevel>1</nestedLevel>
  <property name="startLine">88</property>
  <property name="stepIndex">17</property>
</record>
<record>
  <date>2018-07-09T10:02:28</date>
  <millis>1531110748885</millis>
  <sequence>48</sequence>
  <level>END</level>
  <class>com.kms.katalon.core.logging.KeywordLogger</class>
  <method>endKeyword</method>
  <thread>1</thread>
  <message>End action : Statement - filePath = \&amp;quot;D:\\Sheepa\\Katalon\\Studio Smoke Test\\Studio Smoke Test\\Data Files\\Data Input.xls\&amp;quot;</message>
  <nestedLevel>1</nestedLevel>
</record>
<record>
  <date>2018-07-09T10:02:28</date>
  <millis>1531110748886</millis>
  <sequence>49</sequence>
  <level>START</level>
  <class>com.kms.katalon.core.logging.KeywordLogger</class>
  <method>startKeyword</method>
  <thread>1</thread>
  <message>Start action : Statement - file = new java.io.File(filePath)</message>
  <nestedLevel>1</nestedLevel>
  <property name="startLine">89</property>
  <property name="stepIndex">18</property>
</record>
<record>
  <date>2018-07-09T10:02:28</date>
  <millis>1531110748892</millis>
  <sequence>50</sequence>
  <level>END</level>
  <class>com.kms.katalon.core.logging.KeywordLogger</class>
  <method>endKeyword</method>
  <thread>1</thread>
  <message>End action : Statement - file = new java.io.File(filePath)</message>
  <nestedLevel>1</nestedLevel>
</record>
<record>
  <date>2018-07-09T10:02:28</date>
  <millis>1531110748893</millis>
  <sequence>51</sequence>
  <level>START</level>
  <class>com.kms.katalon.core.logging.KeywordLogger</class>
  <method>startKeyword</method>
  <thread>1</thread>
  <message>Start action : Statement - fis = new java.io.FileInputStream(file)</message>
  <nestedLevel>1</nestedLevel>
  <property name="startLine">90</property>
  <property name="stepIndex">19</property>
</record>
<record>
  <date>2018-07-09T10:02:28</date>
  <millis>1531110748902</millis>
  <sequence>52</sequence>
  <level>END</level>
  <class>com.kms.katalon.core.logging.KeywordLogger</class>
  <method>endKeyword</method>
  <thread>1</thread>
  <message>End action : Statement - fis = new java.io.FileInputStream(file)</message>
  <nestedLevel>1</nestedLevel>
</record>
<record>
  <date>2018-07-09T10:02:28</date>
  <millis>1531110748903</millis>
  <sequence>53</sequence>
  <level>START</level>
  <class>com.kms.katalon.core.logging.KeywordLogger</class>
  <method>startKeyword</method>
  <thread>1</thread>
  <message>Start action : Statement - fileOut = new java.io.FileOutputStream(filePath)</message>
  <nestedLevel>1</nestedLevel>
  <property name="startLine">91</property>
  <property name="stepIndex">20</property>
</record>
<record>
  <date>2018-07-09T10:02:28</date>
  <millis>1531110748913</millis>
  <sequence>54</sequence>
  <level>END</level>
  <class>com.kms.katalon.core.logging.KeywordLogger</class>
  <method>endKeyword</method>
  <thread>1</thread>
  <message>End action : Statement - fileOut = new java.io.FileOutputStream(filePath)</message>
  <nestedLevel>1</nestedLevel>
</record>
<record>
  <date>2018-07-09T10:02:28</date>
  <millis>1531110748914</millis>
  <sequence>55</sequence>
  <level>START</level>
  <class>com.kms.katalon.core.logging.KeywordLogger</class>
  <method>startKeyword</method>
  <thread>1</thread>
  <message>Start action : Statement - workbook = new org.apache.poi.hssf.usermodel.HSSFWorkbook()</message>
  <nestedLevel>1</nestedLevel>
  <property name="startLine">93</property>
  <property name="stepIndex">21</property>
</record>
<record>
  <date>2018-07-09T10:02:29</date>
  <millis>1531110749070</millis>
  <sequence>56</sequence>
  <level>END</level>
  <class>com.kms.katalon.core.logging.KeywordLogger</class>
  <method>endKeyword</method>
  <thread>1</thread>
  <message>End action : Statement - workbook = new org.apache.poi.hssf.usermodel.HSSFWorkbook()</message>
  <nestedLevel>1</nestedLevel>
</record>
<record>
  <date>2018-07-09T10:02:29</date>
  <millis>1531110749072</millis>
  <sequence>57</sequence>
  <level>START</level>
  <class>com.kms.katalon.core.logging.KeywordLogger</class>
  <method>startKeyword</method>
  <thread>1</thread>
  <message>Start action : Statement - st = workbook.createSheet(\&amp;quot;POI Worksheet\&amp;quot;)</message>
  <nestedLevel>1</nestedLevel>
  <property name="startLine">94</property>
  <property name="stepIndex">22</property>
</record>
<record>
  <date>2018-07-09T10:02:29</date>
  <millis>1531110749407</millis>
  <sequence>58</sequence>
  <level>END</level>
  <class>com.kms.katalon.core.logging.KeywordLogger</class>
  <method>endKeyword</method>
  <thread>1</thread>
  <message>End action : Statement - st = workbook.createSheet(\&amp;quot;POI Worksheet\&amp;quot;)</message>
  <nestedLevel>1</nestedLevel>
</record>
<record>
  <date>2018-07-09T10:02:29</date>
  <millis>1531110749408</millis>
  <sequence>59</sequence>
  <level>START</level>
  <class>com.kms.katalon.core.logging.KeywordLogger</class>
  <method>startKeyword</method>
  <thread>1</thread>
  <message>Start action : Statement - row = st.createRow(0)</message>
  <nestedLevel>1</nestedLevel>
  <property name="startLine">95</property>
  <property name="stepIndex">23</property>
</record>
<record>
  <date>2018-07-09T10:02:29</date>
  <millis>1531110749436</millis>
  <sequence>60</sequence>
  <level>END</level>
  <class>com.kms.katalon.core.logging.KeywordLogger</class>
  <method>endKeyword</method>
  <thread>1</thread>
  <message>End action : Statement - row = st.createRow(0)</message>
  <nestedLevel>1</nestedLevel>
</record>
<record>
  <date>2018-07-09T10:02:29</date>
  <millis>1531110749439</millis>
  <sequence>61</sequence>
  <level>START</level>
  <class>com.kms.katalon.core.logging.KeywordLogger</class>
  <method>startKeyword</method>
  <thread>1</thread>
  <message>Start action : Statement - cell0 = row.createCell(0)</message>
  <nestedLevel>1</nestedLevel>
  <property name="startLine">96</property>
  <property name="stepIndex">24</property>
</record>
<record>
  <date>2018-07-09T10:02:29</date>
  <millis>1531110749451</millis>
  <sequence>62</sequence>
  <level>END</level>
  <class>com.kms.katalon.core.logging.KeywordLogger</class>
  <method>endKeyword</method>
  <thread>1</thread>
  <message>End action : Statement - cell0 = row.createCell(0)</message>
  <nestedLevel>1</nestedLevel>
</record>
<record>
  <date>2018-07-09T10:02:29</date>
  <millis>1531110749452</millis>
  <sequence>63</sequence>
  <level>START</level>
  <class>com.kms.katalon.core.logging.KeywordLogger</class>
  <method>startKeyword</method>
  <thread>1</thread>
  <message>Start action : Statement - cell0.setCellValue(\&amp;quot;FormID\&amp;quot;)</message>
  <nestedLevel>1</nestedLevel>
  <property name="startLine">97</property>
  <property name="stepIndex">25</property>
</record>
<record>
  <date>2018-07-09T10:02:29</date>
  <millis>1531110749462</millis>
  <sequence>64</sequence>
  <level>END</level>
  <class>com.kms.katalon.core.logging.KeywordLogger</class>
  <method>endKeyword</method>
  <thread>1</thread>
  <message>End action : Statement - cell0.setCellValue(\&amp;quot;FormID\&amp;quot;)</message>
  <nestedLevel>1</nestedLevel>
</record>
<record>
  <date>2018-07-09T10:02:29</date>
  <millis>1531110749463</millis>
  <sequence>65</sequence>
  <level>START</level>
  <class>com.kms.katalon.core.logging.KeywordLogger</class>
  <method>startKeyword</method>
  <thread>1</thread>
  <message>Start action : Statement - cell1 = row.createCell(1)</message>
  <nestedLevel>1</nestedLevel>
  <property name="startLine">98</property>
  <property name="stepIndex">26</property>
</record>
<record>
  <date>2018-07-09T10:02:29</date>
  <millis>1531110749464</millis>
  <sequence>66</sequence>
  <level>END</level>
  <class>com.kms.katalon.core.logging.KeywordLogger</class>
  <method>endKeyword</method>
  <thread>1</thread>
  <message>End action : Statement - cell1 = row.createCell(1)</message>
  <nestedLevel>1</nestedLevel>
</record>
<record>
  <date>2018-07-09T10:02:29</date>
  <millis>1531110749464</millis>
  <sequence>67</sequence>
  <level>START</level>
  <class>com.kms.katalon.core.logging.KeywordLogger</class>
  <method>startKeyword</method>
  <thread>1</thread>
  <message>Start action : Statement - cell1.setCellValue(\&amp;quot;ViewID\&amp;quot;)</message>
  <nestedLevel>1</nestedLevel>
  <property name="startLine">99</property>
  <property name="stepIndex">27</property>
</record>
<record>
  <date>2018-07-09T10:02:29</date>
  <millis>1531110749466</millis>
  <sequence>68</sequence>
  <level>END</level>
  <class>com.kms.katalon.core.logging.KeywordLogger</class>
  <method>endKeyword</method>
  <thread>1</thread>
  <message>End action : Statement - cell1.setCellValue(\&amp;quot;ViewID\&amp;quot;)</message>
  <nestedLevel>1</nestedLevel>
</record>
<record>
  <date>2018-07-09T10:02:29</date>
  <millis>1531110749466</millis>
  <sequence>69</sequence>
  <level>START</level>
  <class>com.kms.katalon.core.logging.KeywordLogger</class>
  <method>startKeyword</method>
  <thread>1</thread>
  <message>Start action : Statement - cell2 = row.createCell(2)</message>
  <nestedLevel>1</nestedLevel>
  <property name="startLine">100</property>
  <property name="stepIndex">28</property>
</record>
<record>
  <date>2018-07-09T10:02:29</date>
  <millis>1531110749468</millis>
  <sequence>70</sequence>
  <level>END</level>
  <class>com.kms.katalon.core.logging.KeywordLogger</class>
  <method>endKeyword</method>
  <thread>1</thread>
  <message>End action : Statement - cell2 = row.createCell(2)</message>
  <nestedLevel>1</nestedLevel>
</record>
<record>
  <date>2018-07-09T10:02:29</date>
  <millis>1531110749468</millis>
  <sequence>71</sequence>
  <level>START</level>
  <class>com.kms.katalon.core.logging.KeywordLogger</class>
  <method>startKeyword</method>
  <thread>1</thread>
  <message>Start action : Statement - cell2.setCellValue(\&amp;quot;AppID\&amp;quot;)</message>
  <nestedLevel>1</nestedLevel>
  <property name="startLine">101</property>
  <property name="stepIndex">29</property>
</record>
<record>
  <date>2018-07-09T10:02:29</date>
  <millis>1531110749469</millis>
  <sequence>72</sequence>
  <level>END</level>
  <class>com.kms.katalon.core.logging.KeywordLogger</class>
  <method>endKeyword</method>
  <thread>1</thread>
  <message>End action : Statement - cell2.setCellValue(\&amp;quot;AppID\&amp;quot;)</message>
  <nestedLevel>1</nestedLevel>
</record>
<record>
  <date>2018-07-09T10:02:29</date>
  <millis>1531110749470</millis>
  <sequence>73</sequence>
  <level>START</level>
  <class>com.kms.katalon.core.logging.KeywordLogger</class>
  <method>startKeyword</method>
  <thread>1</thread>
  <message>Start action : Statement - cell3 = row.createCell(3)</message>
  <nestedLevel>1</nestedLevel>
  <property name="startLine">102</property>
  <property name="stepIndex">30</property>
</record>
<record>
  <date>2018-07-09T10:02:29</date>
  <millis>1531110749472</millis>
  <sequence>74</sequence>
  <level>END</level>
  <class>com.kms.katalon.core.logging.KeywordLogger</class>
  <method>endKeyword</method>
  <thread>1</thread>
  <message>End action : Statement - cell3 = row.createCell(3)</message>
  <nestedLevel>1</nestedLevel>
</record>
<record>
  <date>2018-07-09T10:02:29</date>
  <millis>1531110749472</millis>
  <sequence>75</sequence>
  <level>START</level>
  <class>com.kms.katalon.core.logging.KeywordLogger</class>
  <method>startKeyword</method>
  <thread>1</thread>
  <message>Start action : Statement - cell3.setCellValue(\&amp;quot;SubWSID\&amp;quot;)</message>
  <nestedLevel>1</nestedLevel>
  <property name="startLine">103</property>
  <property name="stepIndex">31</property>
</record>
<record>
  <date>2018-07-09T10:02:29</date>
  <millis>1531110749474</millis>
  <sequence>76</sequence>
  <level>END</level>
  <class>com.kms.katalon.core.logging.KeywordLogger</class>
  <method>endKeyword</method>
  <thread>1</thread>
  <message>End action : Statement - cell3.setCellValue(\&amp;quot;SubWSID\&amp;quot;)</message>
  <nestedLevel>1</nestedLevel>
</record>
<record>
  <date>2018-07-09T10:02:29</date>
  <millis>1531110749474</millis>
  <sequence>77</sequence>
  <level>START</level>
  <class>com.kms.katalon.core.logging.KeywordLogger</class>
  <method>startKeyword</method>
  <thread>1</thread>
  <message>Start action : Statement - cell4 = row.createCell(4)</message>
  <nestedLevel>1</nestedLevel>
  <property name="startLine">104</property>
  <property name="stepIndex">32</property>
</record>
<record>
  <date>2018-07-09T10:02:29</date>
  <millis>1531110749476</millis>
  <sequence>78</sequence>
  <level>END</level>
  <class>com.kms.katalon.core.logging.KeywordLogger</class>
  <method>endKeyword</method>
  <thread>1</thread>
  <message>End action : Statement - cell4 = row.createCell(4)</message>
  <nestedLevel>1</nestedLevel>
</record>
<record>
  <date>2018-07-09T10:02:29</date>
  <millis>1531110749476</millis>
  <sequence>79</sequence>
  <level>START</level>
  <class>com.kms.katalon.core.logging.KeywordLogger</class>
  <method>startKeyword</method>
  <thread>1</thread>
  <message>Start action : Statement - cell4.setCellValue(\&amp;quot;WSID\&amp;quot;)</message>
  <nestedLevel>1</nestedLevel>
  <property name="startLine">105</property>
  <property name="stepIndex">33</property>
</record>
<record>
  <date>2018-07-09T10:02:29</date>
  <millis>1531110749478</millis>
  <sequence>80</sequence>
  <level>END</level>
  <class>com.kms.katalon.core.logging.KeywordLogger</class>
  <method>endKeyword</method>
  <thread>1</thread>
  <message>End action : Statement - cell4.setCellValue(\&amp;quot;WSID\&amp;quot;)</message>
  <nestedLevel>1</nestedLevel>
</record>
<record>
  <date>2018-07-09T10:02:29</date>
  <millis>1531110749479</millis>
  <sequence>81</sequence>
  <level>START</level>
  <class>com.kms.katalon.core.logging.KeywordLogger</class>
  <method>startKeyword</method>
  <thread>1</thread>
  <message>Start action : Statement - cell5 = row.createCell(5)</message>
  <nestedLevel>1</nestedLevel>
  <property name="startLine">106</property>
  <property name="stepIndex">34</property>
</record>
<record>
  <date>2018-07-09T10:02:29</date>
  <millis>1531110749480</millis>
  <sequence>82</sequence>
  <level>END</level>
  <class>com.kms.katalon.core.logging.KeywordLogger</class>
  <method>endKeyword</method>
  <thread>1</thread>
  <message>End action : Statement - cell5 = row.createCell(5)</message>
  <nestedLevel>1</nestedLevel>
</record>
<record>
  <date>2018-07-09T10:02:29</date>
  <millis>1531110749481</millis>
  <sequence>83</sequence>
  <level>START</level>
  <class>com.kms.katalon.core.logging.KeywordLogger</class>
  <method>startKeyword</method>
  <thread>1</thread>
  <message>Start action : Statement - cell5.setCellValue(\&amp;quot;ReqMod_id\&amp;quot;)</message>
  <nestedLevel>1</nestedLevel>
  <property name="startLine">107</property>
  <property name="stepIndex">35</property>
</record>
<record>
  <date>2018-07-09T10:02:29</date>
  <millis>1531110749482</millis>
  <sequence>84</sequence>
  <level>END</level>
  <class>com.kms.katalon.core.logging.KeywordLogger</class>
  <method>endKeyword</method>
  <thread>1</thread>
  <message>End action : Statement - cell5.setCellValue(\&amp;quot;ReqMod_id\&amp;quot;)</message>
  <nestedLevel>1</nestedLevel>
</record>
<record>
  <date>2018-07-09T10:02:29</date>
  <millis>1531110749484</millis>
  <sequence>85</sequence>
  <level>START</level>
  <class>com.kms.katalon.core.logging.KeywordLogger</class>
  <method>startKeyword</method>
  <thread>1</thread>
  <message>Start action : Statement - cell6 = row.createCell(6)</message>
  <nestedLevel>1</nestedLevel>
  <property name="startLine">108</property>
  <property name="stepIndex">36</property>
</record>
<record>
  <date>2018-07-09T10:02:29</date>
  <millis>1531110749488</millis>
  <sequence>86</sequence>
  <level>END</level>
  <class>com.kms.katalon.core.logging.KeywordLogger</class>
  <method>endKeyword</method>
  <thread>1</thread>
  <message>End action : Statement - cell6 = row.createCell(6)</message>
  <nestedLevel>1</nestedLevel>
</record>
<record>
  <date>2018-07-09T10:02:29</date>
  <millis>1531110749489</millis>
  <sequence>87</sequence>
  <level>START</level>
  <class>com.kms.katalon.core.logging.KeywordLogger</class>
  <method>startKeyword</method>
  <thread>1</thread>
  <message>Start action : Statement - cell6.setCellValue(\&amp;quot;Acc_No\&amp;quot;)</message>
  <nestedLevel>1</nestedLevel>
  <property name="startLine">109</property>
  <property name="stepIndex">37</property>
</record>
<record>
  <date>2018-07-09T10:02:29</date>
  <millis>1531110749490</millis>
  <sequence>88</sequence>
  <level>END</level>
  <class>com.kms.katalon.core.logging.KeywordLogger</class>
  <method>endKeyword</method>
  <thread>1</thread>
  <message>End action : Statement - cell6.setCellValue(\&amp;quot;Acc_No\&amp;quot;)</message>
  <nestedLevel>1</nestedLevel>
</record>
<record>
  <date>2018-07-09T10:02:29</date>
  <millis>1531110749490</millis>
  <sequence>89</sequence>
  <level>START</level>
  <class>com.kms.katalon.core.logging.KeywordLogger</class>
  <method>startKeyword</method>
  <thread>1</thread>
  <message>Start action : Statement - row1 = st.createRow(1)</message>
  <nestedLevel>1</nestedLevel>
  <property name="startLine">111</property>
  <property name="stepIndex">38</property>
</record>
<record>
  <date>2018-07-09T10:02:29</date>
  <millis>1531110749492</millis>
  <sequence>90</sequence>
  <level>END</level>
  <class>com.kms.katalon.core.logging.KeywordLogger</class>
  <method>endKeyword</method>
  <thread>1</thread>
  <message>End action : Statement - row1 = st.createRow(1)</message>
  <nestedLevel>1</nestedLevel>
</record>
<record>
  <date>2018-07-09T10:02:29</date>
  <millis>1531110749493</millis>
  <sequence>91</sequence>
  <level>START</level>
  <class>com.kms.katalon.core.logging.KeywordLogger</class>
  <method>startKeyword</method>
  <thread>1</thread>
  <message>Start action : Statement - cell01 = row1.createCell(0)</message>
  <nestedLevel>1</nestedLevel>
  <property name="startLine">112</property>
  <property name="stepIndex">39</property>
</record>
<record>
  <date>2018-07-09T10:02:29</date>
  <millis>1531110749495</millis>
  <sequence>92</sequence>
  <level>END</level>
  <class>com.kms.katalon.core.logging.KeywordLogger</class>
  <method>endKeyword</method>
  <thread>1</thread>
  <message>End action : Statement - cell01 = row1.createCell(0)</message>
  <nestedLevel>1</nestedLevel>
</record>
<record>
  <date>2018-07-09T10:02:29</date>
  <millis>1531110749496</millis>
  <sequence>93</sequence>
  <level>START</level>
  <class>com.kms.katalon.core.logging.KeywordLogger</class>
  <method>startKeyword</method>
  <thread>1</thread>
  <message>Start action : Statement - cell01.setCellValue(form_id)</message>
  <nestedLevel>1</nestedLevel>
  <property name="startLine">113</property>
  <property name="stepIndex">40</property>
</record>
<record>
  <date>2018-07-09T10:02:29</date>
  <millis>1531110749497</millis>
  <sequence>94</sequence>
  <level>END</level>
  <class>com.kms.katalon.core.logging.KeywordLogger</class>
  <method>endKeyword</method>
  <thread>1</thread>
  <message>End action : Statement - cell01.setCellValue(form_id)</message>
  <nestedLevel>1</nestedLevel>
</record>
<record>
  <date>2018-07-09T10:02:29</date>
  <millis>1531110749498</millis>
  <sequence>95</sequence>
  <level>START</level>
  <class>com.kms.katalon.core.logging.KeywordLogger</class>
  <method>startKeyword</method>
  <thread>1</thread>
  <message>Start action : Statement - cell11 = row1.createCell(1)</message>
  <nestedLevel>1</nestedLevel>
  <property name="startLine">114</property>
  <property name="stepIndex">41</property>
</record>
<record>
  <date>2018-07-09T10:02:29</date>
  <millis>1531110749499</millis>
  <sequence>96</sequence>
  <level>END</level>
  <class>com.kms.katalon.core.logging.KeywordLogger</class>
  <method>endKeyword</method>
  <thread>1</thread>
  <message>End action : Statement - cell11 = row1.createCell(1)</message>
  <nestedLevel>1</nestedLevel>
</record>
<record>
  <date>2018-07-09T10:02:29</date>
  <millis>1531110749500</millis>
  <sequence>97</sequence>
  <level>START</level>
  <class>com.kms.katalon.core.logging.KeywordLogger</class>
  <method>startKeyword</method>
  <thread>1</thread>
  <message>Start action : Statement - cell11.setCellValue(view_id)</message>
  <nestedLevel>1</nestedLevel>
  <property name="startLine">115</property>
  <property name="stepIndex">42</property>
</record>
<record>
  <date>2018-07-09T10:02:29</date>
  <millis>1531110749501</millis>
  <sequence>98</sequence>
  <level>END</level>
  <class>com.kms.katalon.core.logging.KeywordLogger</class>
  <method>endKeyword</method>
  <thread>1</thread>
  <message>End action : Statement - cell11.setCellValue(view_id)</message>
  <nestedLevel>1</nestedLevel>
</record>
<record>
  <date>2018-07-09T10:02:29</date>
  <millis>1531110749502</millis>
  <sequence>99</sequence>
  <level>START</level>
  <class>com.kms.katalon.core.logging.KeywordLogger</class>
  <method>startKeyword</method>
  <thread>1</thread>
  <message>Start action : Statement - cell21 = row1.createCell(2)</message>
  <nestedLevel>1</nestedLevel>
  <property name="startLine">116</property>
  <property name="stepIndex">43</property>
</record>
<record>
  <date>2018-07-09T10:02:29</date>
  <millis>1531110749503</millis>
  <sequence>100</sequence>
  <level>END</level>
  <class>com.kms.katalon.core.logging.KeywordLogger</class>
  <method>endKeyword</method>
  <thread>1</thread>
  <message>End action : Statement - cell21 = row1.createCell(2)</message>
  <nestedLevel>1</nestedLevel>
</record>
<record>
  <date>2018-07-09T10:02:29</date>
  <millis>1531110749503</millis>
  <sequence>101</sequence>
  <level>START</level>
  <class>com.kms.katalon.core.logging.KeywordLogger</class>
  <method>startKeyword</method>
  <thread>1</thread>
  <message>Start action : Statement - cell21.setCellValue(app_id)</message>
  <nestedLevel>1</nestedLevel>
  <property name="startLine">117</property>
  <property name="stepIndex">44</property>
</record>
<record>
  <date>2018-07-09T10:02:29</date>
  <millis>1531110749506</millis>
  <sequence>102</sequence>
  <level>END</level>
  <class>com.kms.katalon.core.logging.KeywordLogger</class>
  <method>endKeyword</method>
  <thread>1</thread>
  <message>End action : Statement - cell21.setCellValue(app_id)</message>
  <nestedLevel>1</nestedLevel>
</record>
<record>
  <date>2018-07-09T10:02:29</date>
  <millis>1531110749507</millis>
  <sequence>103</sequence>
  <level>START</level>
  <class>com.kms.katalon.core.logging.KeywordLogger</class>
  <method>startKeyword</method>
  <thread>1</thread>
  <message>Start action : Statement - cell31 = row1.createCell(3)</message>
  <nestedLevel>1</nestedLevel>
  <property name="startLine">118</property>
  <property name="stepIndex">45</property>
</record>
<record>
  <date>2018-07-09T10:02:29</date>
  <millis>1531110749509</millis>
  <sequence>104</sequence>
  <level>END</level>
  <class>com.kms.katalon.core.logging.KeywordLogger</class>
  <method>endKeyword</method>
  <thread>1</thread>
  <message>End action : Statement - cell31 = row1.createCell(3)</message>
  <nestedLevel>1</nestedLevel>
</record>
<record>
  <date>2018-07-09T10:02:29</date>
  <millis>1531110749510</millis>
  <sequence>105</sequence>
  <level>START</level>
  <class>com.kms.katalon.core.logging.KeywordLogger</class>
  <method>startKeyword</method>
  <thread>1</thread>
  <message>Start action : Statement - cell31.setCellValue(subWS_id)</message>
  <nestedLevel>1</nestedLevel>
  <property name="startLine">119</property>
  <property name="stepIndex">46</property>
</record>
<record>
  <date>2018-07-09T10:02:29</date>
  <millis>1531110749516</millis>
  <sequence>106</sequence>
  <level>END</level>
  <class>com.kms.katalon.core.logging.KeywordLogger</class>
  <method>endKeyword</method>
  <thread>1</thread>
  <message>End action : Statement - cell31.setCellValue(subWS_id)</message>
  <nestedLevel>1</nestedLevel>
</record>
<record>
  <date>2018-07-09T10:02:29</date>
  <millis>1531110749519</millis>
  <sequence>107</sequence>
  <level>START</level>
  <class>com.kms.katalon.core.logging.KeywordLogger</class>
  <method>startKeyword</method>
  <thread>1</thread>
  <message>Start action : Statement - cell41 = row1.createCell(4)</message>
  <nestedLevel>1</nestedLevel>
  <property name="startLine">120</property>
  <property name="stepIndex">47</property>
</record>
<record>
  <date>2018-07-09T10:02:29</date>
  <millis>1531110749520</millis>
  <sequence>108</sequence>
  <level>END</level>
  <class>com.kms.katalon.core.logging.KeywordLogger</class>
  <method>endKeyword</method>
  <thread>1</thread>
  <message>End action : Statement - cell41 = row1.createCell(4)</message>
  <nestedLevel>1</nestedLevel>
</record>
<record>
  <date>2018-07-09T10:02:29</date>
  <millis>1531110749521</millis>
  <sequence>109</sequence>
  <level>START</level>
  <class>com.kms.katalon.core.logging.KeywordLogger</class>
  <method>startKeyword</method>
  <thread>1</thread>
  <message>Start action : Statement - cell41.setCellValue(WS_id)</message>
  <nestedLevel>1</nestedLevel>
  <property name="startLine">121</property>
  <property name="stepIndex">48</property>
</record>
<record>
  <date>2018-07-09T10:02:29</date>
  <millis>1531110749523</millis>
  <sequence>110</sequence>
  <level>END</level>
  <class>com.kms.katalon.core.logging.KeywordLogger</class>
  <method>endKeyword</method>
  <thread>1</thread>
  <message>End action : Statement - cell41.setCellValue(WS_id)</message>
  <nestedLevel>1</nestedLevel>
</record>
<record>
  <date>2018-07-09T10:02:29</date>
  <millis>1531110749523</millis>
  <sequence>111</sequence>
  <level>START</level>
  <class>com.kms.katalon.core.logging.KeywordLogger</class>
  <method>startKeyword</method>
  <thread>1</thread>
  <message>Start action : Statement - cell51 = row1.createCell(5)</message>
  <nestedLevel>1</nestedLevel>
  <property name="startLine">122</property>
  <property name="stepIndex">49</property>
</record>
<record>
  <date>2018-07-09T10:02:29</date>
  <millis>1531110749524</millis>
  <sequence>112</sequence>
  <level>END</level>
  <class>com.kms.katalon.core.logging.KeywordLogger</class>
  <method>endKeyword</method>
  <thread>1</thread>
  <message>End action : Statement - cell51 = row1.createCell(5)</message>
  <nestedLevel>1</nestedLevel>
</record>
<record>
  <date>2018-07-09T10:02:29</date>
  <millis>1531110749525</millis>
  <sequence>113</sequence>
  <level>START</level>
  <class>com.kms.katalon.core.logging.KeywordLogger</class>
  <method>startKeyword</method>
  <thread>1</thread>
  <message>Start action : Statement - cell51.setCellValue(req_id)</message>
  <nestedLevel>1</nestedLevel>
  <property name="startLine">123</property>
  <property name="stepIndex">50</property>
</record>
<record>
  <date>2018-07-09T10:02:29</date>
  <millis>1531110749532</millis>
  <sequence>114</sequence>
  <level>END</level>
  <class>com.kms.katalon.core.logging.KeywordLogger</class>
  <method>endKeyword</method>
  <thread>1</thread>
  <message>End action : Statement - cell51.setCellValue(req_id)</message>
  <nestedLevel>1</nestedLevel>
</record>
<record>
  <date>2018-07-09T10:02:29</date>
  <millis>1531110749533</millis>
  <sequence>115</sequence>
  <level>START</level>
  <class>com.kms.katalon.core.logging.KeywordLogger</class>
  <method>startKeyword</method>
  <thread>1</thread>
  <message>Start action : Statement - cell61 = row1.createCell(6)</message>
  <nestedLevel>1</nestedLevel>
  <property name="startLine">124</property>
  <property name="stepIndex">51</property>
</record>
<record>
  <date>2018-07-09T10:02:29</date>
  <millis>1531110749534</millis>
  <sequence>116</sequence>
  <level>END</level>
  <class>com.kms.katalon.core.logging.KeywordLogger</class>
  <method>endKeyword</method>
  <thread>1</thread>
  <message>End action : Statement - cell61 = row1.createCell(6)</message>
  <nestedLevel>1</nestedLevel>
</record>
<record>
  <date>2018-07-09T10:02:29</date>
  <millis>1531110749535</millis>
  <sequence>117</sequence>
  <level>START</level>
  <class>com.kms.katalon.core.logging.KeywordLogger</class>
  <method>startKeyword</method>
  <thread>1</thread>
  <message>Start action : Statement - cell61.setCellValue(accNo)</message>
  <nestedLevel>1</nestedLevel>
  <property name="startLine">125</property>
  <property name="stepIndex">52</property>
</record>
<record>
  <date>2018-07-09T10:02:29</date>
  <millis>1531110749715</millis>
  <sequence>118</sequence>
  <level>END</level>
  <class>com.kms.katalon.core.logging.KeywordLogger</class>
  <method>endKeyword</method>
  <thread>1</thread>
  <message>End action : Statement - cell61.setCellValue(accNo)</message>
  <nestedLevel>1</nestedLevel>
</record>
<record>
  <date>2018-07-09T10:02:29</date>
  <millis>1531110749717</millis>
  <sequence>119</sequence>
  <level>START</level>
  <class>com.kms.katalon.core.logging.KeywordLogger</class>
  <method>startKeyword</method>
  <thread>1</thread>
  <message>Start action : Statement - workbook.write(fileOut)</message>
  <nestedLevel>1</nestedLevel>
  <property name="startLine">127</property>
  <property name="stepIndex">53</property>
</record>
<record>
  <date>2018-07-09T10:02:29</date>
  <millis>1531110749790</millis>
  <sequence>120</sequence>
  <level>END</level>
  <class>com.kms.katalon.core.logging.KeywordLogger</class>
  <method>endKeyword</method>
  <thread>1</thread>
  <message>End action : Statement - workbook.write(fileOut)</message>
  <nestedLevel>1</nestedLevel>
</record>
<record>
  <date>2018-07-09T10:02:29</date>
  <millis>1531110749792</millis>
  <sequence>121</sequence>
  <level>START</level>
  <class>com.kms.katalon.core.logging.KeywordLogger</class>
  <method>startKeyword</method>
  <thread>1</thread>
  <message>Start action : Statement - f_id = row1.getCell(0)</message>
  <nestedLevel>1</nestedLevel>
  <property name="startLine">129</property>
  <property name="stepIndex">54</property>
</record>
<record>
  <date>2018-07-09T10:02:29</date>
  <millis>1531110749798</millis>
  <sequence>122</sequence>
  <level>END</level>
  <class>com.kms.katalon.core.logging.KeywordLogger</class>
  <method>endKeyword</method>
  <thread>1</thread>
  <message>End action : Statement - f_id = row1.getCell(0)</message>
  <nestedLevel>1</nestedLevel>
</record>
<record>
  <date>2018-07-09T10:02:29</date>
  <millis>1531110749798</millis>
  <sequence>123</sequence>
  <level>START</level>
  <class>com.kms.katalon.core.logging.KeywordLogger</class>
  <method>startKeyword</method>
  <thread>1</thread>
  <message>Start action : Statement - println(f_id)</message>
  <nestedLevel>1</nestedLevel>
  <property name="startLine">130</property>
  <property name="stepIndex">55</property>
</record>
<record>
  <date>2018-07-09T10:02:29</date>
  <millis>1531110749800</millis>
  <sequence>124</sequence>
  <level>END</level>
  <class>com.kms.katalon.core.logging.KeywordLogger</class>
  <method>endKeyword</method>
  <thread>1</thread>
  <message>End action : Statement - println(f_id)</message>
  <nestedLevel>1</nestedLevel>
</record>
<record>
  <date>2018-07-09T10:02:29</date>
  <millis>1531110749801</millis>
  <sequence>125</sequence>
  <level>START</level>
  <class>com.kms.katalon.core.logging.KeywordLogger</class>
  <method>startKeyword</method>
  <thread>1</thread>
  <message>Start action : Statement - Map_TC1 = [:]</message>
  <nestedLevel>1</nestedLevel>
  <property name="startLine">132</property>
  <property name="stepIndex">56</property>
</record>
<record>
  <date>2018-07-09T10:02:29</date>
  <millis>1531110749803</millis>
  <sequence>126</sequence>
  <level>END</level>
  <class>com.kms.katalon.core.logging.KeywordLogger</class>
  <method>endKeyword</method>
  <thread>1</thread>
  <message>End action : Statement - Map_TC1 = [:]</message>
  <nestedLevel>1</nestedLevel>
</record>
<record>
  <date>2018-07-09T10:02:29</date>
  <millis>1531110749806</millis>
  <sequence>127</sequence>
  <level>START</level>
  <class>com.kms.katalon.core.logging.KeywordLogger</class>
  <method>startKeyword</method>
  <thread>1</thread>
  <message>Start action : Statement - Map_TC1.put(\&amp;quot;formID\&amp;quot;, f_id)</message>
  <nestedLevel>1</nestedLevel>
  <property name="startLine">133</property>
  <property name="stepIndex">57</property>
</record>
<record>
  <date>2018-07-09T10:02:29</date>
  <millis>1531110749828</millis>
  <sequence>128</sequence>
  <level>END</level>
  <class>com.kms.katalon.core.logging.KeywordLogger</class>
  <method>endKeyword</method>
  <thread>1</thread>
  <message>End action : Statement - Map_TC1.put(\&amp;quot;formID\&amp;quot;, f_id)</message>
  <nestedLevel>1</nestedLevel>
</record>
<record>
  <date>2018-07-09T10:02:29</date>
  <millis>1531110749829</millis>
  <sequence>129</sequence>
  <level>START</level>
  <class>com.kms.katalon.core.logging.KeywordLogger</class>
  <method>startKeyword</method>
  <thread>1</thread>
  <message>Start action : Statement - Map_TC1.put(\&amp;quot;viewID\&amp;quot;, row1.getCell(1))</message>
  <nestedLevel>1</nestedLevel>
  <property name="startLine">134</property>
  <property name="stepIndex">58</property>
</record>
<record>
  <date>2018-07-09T10:02:29</date>
  <millis>1531110749831</millis>
  <sequence>130</sequence>
  <level>END</level>
  <class>com.kms.katalon.core.logging.KeywordLogger</class>
  <method>endKeyword</method>
  <thread>1</thread>
  <message>End action : Statement - Map_TC1.put(\&amp;quot;viewID\&amp;quot;, row1.getCell(1))</message>
  <nestedLevel>1</nestedLevel>
</record>
<record>
  <date>2018-07-09T10:02:29</date>
  <millis>1531110749831</millis>
  <sequence>131</sequence>
  <level>START</level>
  <class>com.kms.katalon.core.logging.KeywordLogger</class>
  <method>startKeyword</method>
  <thread>1</thread>
  <message>Start action : Statement - Map_TC1.put(\&amp;quot;appID\&amp;quot;, row1.getCell(2))</message>
  <nestedLevel>1</nestedLevel>
  <property name="startLine">135</property>
  <property name="stepIndex">59</property>
</record>
<record>
  <date>2018-07-09T10:02:29</date>
  <millis>1531110749832</millis>
  <sequence>132</sequence>
  <level>END</level>
  <class>com.kms.katalon.core.logging.KeywordLogger</class>
  <method>endKeyword</method>
  <thread>1</thread>
  <message>End action : Statement - Map_TC1.put(\&amp;quot;appID\&amp;quot;, row1.getCell(2))</message>
  <nestedLevel>1</nestedLevel>
</record>
<record>
  <date>2018-07-09T10:02:29</date>
  <millis>1531110749833</millis>
  <sequence>133</sequence>
  <level>START</level>
  <class>com.kms.katalon.core.logging.KeywordLogger</class>
  <method>startKeyword</method>
  <thread>1</thread>
  <message>Start action : Statement - Map_TC1.put(\&amp;quot;subWSID\&amp;quot;, row1.getCell(3))</message>
  <nestedLevel>1</nestedLevel>
  <property name="startLine">136</property>
  <property name="stepIndex">60</property>
</record>
<record>
  <date>2018-07-09T10:02:29</date>
  <millis>1531110749834</millis>
  <sequence>134</sequence>
  <level>END</level>
  <class>com.kms.katalon.core.logging.KeywordLogger</class>
  <method>endKeyword</method>
  <thread>1</thread>
  <message>End action : Statement - Map_TC1.put(\&amp;quot;subWSID\&amp;quot;, row1.getCell(3))</message>
  <nestedLevel>1</nestedLevel>
</record>
<record>
  <date>2018-07-09T10:02:29</date>
  <millis>1531110749834</millis>
  <sequence>135</sequence>
  <level>START</level>
  <class>com.kms.katalon.core.logging.KeywordLogger</class>
  <method>startKeyword</method>
  <thread>1</thread>
  <message>Start action : Statement - Map_TC1.put(\&amp;quot;WSID\&amp;quot;, row1.getCell(4))</message>
  <nestedLevel>1</nestedLevel>
  <property name="startLine">137</property>
  <property name="stepIndex">61</property>
</record>
<record>
  <date>2018-07-09T10:02:29</date>
  <millis>1531110749836</millis>
  <sequence>136</sequence>
  <level>END</level>
  <class>com.kms.katalon.core.logging.KeywordLogger</class>
  <method>endKeyword</method>
  <thread>1</thread>
  <message>End action : Statement - Map_TC1.put(\&amp;quot;WSID\&amp;quot;, row1.getCell(4))</message>
  <nestedLevel>1</nestedLevel>
</record>
<record>
  <date>2018-07-09T10:02:29</date>
  <millis>1531110749836</millis>
  <sequence>137</sequence>
  <level>START</level>
  <class>com.kms.katalon.core.logging.KeywordLogger</class>
  <method>startKeyword</method>
  <thread>1</thread>
  <message>Start action : Statement - Map_TC1.put(\&amp;quot;REQID\&amp;quot;, row1.getCell(5))</message>
  <nestedLevel>1</nestedLevel>
  <property name="startLine">138</property>
  <property name="stepIndex">62</property>
</record>
<record>
  <date>2018-07-09T10:02:29</date>
  <millis>1531110749839</millis>
  <sequence>138</sequence>
  <level>END</level>
  <class>com.kms.katalon.core.logging.KeywordLogger</class>
  <method>endKeyword</method>
  <thread>1</thread>
  <message>End action : Statement - Map_TC1.put(\&amp;quot;REQID\&amp;quot;, row1.getCell(5))</message>
  <nestedLevel>1</nestedLevel>
</record>
<record>
  <date>2018-07-09T10:02:29</date>
  <millis>1531110749840</millis>
  <sequence>139</sequence>
  <level>START</level>
  <class>com.kms.katalon.core.logging.KeywordLogger</class>
  <method>startKeyword</method>
  <thread>1</thread>
  <message>Start action : Statement - Map_TC1.put(\&amp;quot;AccNo\&amp;quot;, row1.getCell(6))</message>
  <nestedLevel>1</nestedLevel>
  <property name="startLine">139</property>
  <property name="stepIndex">63</property>
</record>
<record>
  <date>2018-07-09T10:02:29</date>
  <millis>1531110749842</millis>
  <sequence>140</sequence>
  <level>END</level>
  <class>com.kms.katalon.core.logging.KeywordLogger</class>
  <method>endKeyword</method>
  <thread>1</thread>
  <message>End action : Statement - Map_TC1.put(\&amp;quot;AccNo\&amp;quot;, row1.getCell(6))</message>
  <nestedLevel>1</nestedLevel>
</record>
<record>
  <date>2018-07-09T10:02:30</date>
  <millis>1531110750156</millis>
  <sequence>141</sequence>
  <level>START</level>
  <class>com.kms.katalon.core.logging.KeywordLogger</class>
  <method>startKeyword</method>
  <thread>1</thread>
  <message>Start action : Statement - fileOut.flush()</message>
  <nestedLevel>1</nestedLevel>
  <property name="startLine">140</property>
  <property name="stepIndex">64</property>
</record>
<record>
  <date>2018-07-09T10:02:30</date>
  <millis>1531110750160</millis>
  <sequence>142</sequence>
  <level>END</level>
  <class>com.kms.katalon.core.logging.KeywordLogger</class>
  <method>endKeyword</method>
  <thread>1</thread>
  <message>End action : Statement - fileOut.flush()</message>
  <nestedLevel>1</nestedLevel>
</record>
<record>
  <date>2018-07-09T10:02:30</date>
  <millis>1531110750161</millis>
  <sequence>143</sequence>
  <level>START</level>
  <class>com.kms.katalon.core.logging.KeywordLogger</class>
  <method>startKeyword</method>
  <thread>1</thread>
  <message>Start action : Statement - fileOut.close()</message>
  <nestedLevel>1</nestedLevel>
  <property name="startLine">141</property>
  <property name="stepIndex">65</property>
</record>
<record>
  <date>2018-07-09T10:02:30</date>
  <millis>1531110750166</millis>
  <sequence>144</sequence>
  <level>END</level>
  <class>com.kms.katalon.core.logging.KeywordLogger</class>
  <method>endKeyword</method>
  <thread>1</thread>
  <message>End action : Statement - fileOut.close()</message>
  <nestedLevel>1</nestedLevel>
</record>
<record>
  <date>2018-07-09T10:02:30</date>
  <millis>1531110750167</millis>
  <sequence>145</sequence>
  <level>START</level>
  <class>com.kms.katalon.core.logging.KeywordLogger</class>
  <method>startKeyword</method>
  <thread>1</thread>
  <message>Start action : Statement - return Map_TC1</message>
  <nestedLevel>1</nestedLevel>
  <property name="startLine">142</property>
  <property name="stepIndex">66</property>
</record>
<record>
  <date>2018-07-09T10:02:30</date>
  <millis>1531110750167</millis>
  <sequence>146</sequence>
  <level>END</level>
  <class>com.kms.katalon.core.logging.KeywordLogger</class>
  <method>endKeyword</method>
  <thread>1</thread>
  <message>End action : Statement - return Map_TC1</message>
  <nestedLevel>1</nestedLevel>
</record>
<record>
  <date>2018-07-09T10:02:30</date>
  <millis>1531110750168</millis>
  <sequence>147</sequence>
  <level>PASSED</level>
  <class>com.kms.katalon.core.logging.KeywordLogger</class>
  <method>logMessage</method>
  <thread>1</thread>
  <message>Test Cases/Studio Smoke Test Cases/Common Functions</message>
  <nestedLevel>1</nestedLevel>
</record>
<record>
  <date>2018-07-09T10:02:30</date>
  <millis>1531110750168</millis>
  <sequence>148</sequence>
  <level>END</level>
  <class>com.kms.katalon.core.logging.KeywordLogger</class>
  <method>endTest</method>
  <thread>1</thread>
  <message>End Test Case : Test Cases/Studio Smoke Test Cases/Common Functions</message>
  <nestedLevel>0</nestedLevel>
</record>
<record>
  <date>2018-07-09T10:02:30</date>
  <millis>1531110750175</millis>
  <sequence>149</sequence>
  <level>START</level>
  <class>com.kms.katalon.core.logging.KeywordLogger</class>
  <method>startTest</method>
  <thread>1</thread>
  <message>Start Test Case : Test Cases/Studio Smoke Test Cases/ReadExcel</message>
  <nestedLevel>1</nestedLevel>
  <property name="name">Test Cases/Studio Smoke Test Cases/ReadExcel</property>
  <property name="description"></property>
  <property name="id">Test Cases/Studio Smoke Test Cases/ReadExcel</property>
  <property name="source">D:\\Sheepa\\Katalon\\Studio Smoke Test\\Studio Smoke Test\\Test Cases\\Studio Smoke Test Cases\\ReadExcel.tc</property>
  <property name="isOptional">false</property>
</record>
<record>
  <date>2018-07-09T10:02:30</date>
  <millis>1531110750189</millis>
  <sequence>150</sequence>
  <level>INFO</level>
  <class>com.kms.katalon.core.logging.KeywordLogger</class>
  <method>logMessage</method>
  <thread>1</thread>
  <message>Evaluating variables for test case</message>
  <nestedLevel>1</nestedLevel>
</record>
<record>
  <date>2018-07-09T10:02:30</date>
  <millis>1531110750445</millis>
  <sequence>151</sequence>
  <level>START</level>
  <class>com.kms.katalon.core.logging.KeywordLogger</class>
  <method>startKeyword</method>
  <thread>1</thread>
  <message>Start action : Statement - path = \&amp;quot;D:\\Sheepa\\Katalon\\Studio Smoke Test\\Studio Smoke Test\\Data Files\\Data Input.xls\&amp;quot;</message>
  <nestedLevel>1</nestedLevel>
  <property name="startLine">29</property>
  <property name="stepIndex">1</property>
</record>
<record>
  <date>2018-07-09T10:02:30</date>
  <millis>1531110750446</millis>
  <sequence>152</sequence>
  <level>END</level>
  <class>com.kms.katalon.core.logging.KeywordLogger</class>
  <method>endKeyword</method>
  <thread>1</thread>
  <message>End action : Statement - path = \&amp;quot;D:\\Sheepa\\Katalon\\Studio Smoke Test\\Studio Smoke Test\\Data Files\\Data Input.xls\&amp;quot;</message>
  <nestedLevel>1</nestedLevel>
</record>
<record>
  <date>2018-07-09T10:02:30</date>
  <millis>1531110750447</millis>
  <sequence>153</sequence>
  <level>START</level>
  <class>com.kms.katalon.core.logging.KeywordLogger</class>
  <method>startKeyword</method>
  <thread>1</thread>
  <message>Start action : Statement - fis = new java.io.FileInputStream(path)</message>
  <nestedLevel>1</nestedLevel>
  <property name="startLine">30</property>
  <property name="stepIndex">2</property>
</record>
<record>
  <date>2018-07-09T10:02:30</date>
  <millis>1531110750448</millis>
  <sequence>154</sequence>
  <level>END</level>
  <class>com.kms.katalon.core.logging.KeywordLogger</class>
  <method>endKeyword</method>
  <thread>1</thread>
  <message>End action : Statement - fis = new java.io.FileInputStream(path)</message>
  <nestedLevel>1</nestedLevel>
</record>
<record>
  <date>2018-07-09T10:02:30</date>
  <millis>1531110750449</millis>
  <sequence>155</sequence>
  <level>START</level>
  <class>com.kms.katalon.core.logging.KeywordLogger</class>
  <method>startKeyword</method>
  <thread>1</thread>
  <message>Start action : Statement - hssfWorkbook = new org.apache.poi.hssf.usermodel.HSSFWorkbook(fis)</message>
  <nestedLevel>1</nestedLevel>
  <property name="startLine">31</property>
  <property name="stepIndex">3</property>
</record>
<record>
  <date>2018-07-09T10:02:30</date>
  <millis>1531110750588</millis>
  <sequence>156</sequence>
  <level>END</level>
  <class>com.kms.katalon.core.logging.KeywordLogger</class>
  <method>endKeyword</method>
  <thread>1</thread>
  <message>End action : Statement - hssfWorkbook = new org.apache.poi.hssf.usermodel.HSSFWorkbook(fis)</message>
  <nestedLevel>1</nestedLevel>
</record>
<record>
  <date>2018-07-09T10:02:30</date>
  <millis>1531110750589</millis>
  <sequence>157</sequence>
  <level>START</level>
  <class>com.kms.katalon.core.logging.KeywordLogger</class>
  <method>startKeyword</method>
  <thread>1</thread>
  <message>Start action : Statement - sc = hssfWorkbook.getNumberOfSheets()</message>
  <nestedLevel>1</nestedLevel>
  <property name="startLine">32</property>
  <property name="stepIndex">4</property>
</record>
<record>
  <date>2018-07-09T10:02:30</date>
  <millis>1531110750590</millis>
  <sequence>158</sequence>
  <level>END</level>
  <class>com.kms.katalon.core.logging.KeywordLogger</class>
  <method>endKeyword</method>
  <thread>1</thread>
  <message>End action : Statement - sc = hssfWorkbook.getNumberOfSheets()</message>
  <nestedLevel>1</nestedLevel>
</record>
<record>
  <date>2018-07-09T10:02:30</date>
  <millis>1531110750590</millis>
  <sequence>159</sequence>
  <level>START</level>
  <class>com.kms.katalon.core.logging.KeywordLogger</class>
  <method>startKeyword</method>
  <thread>1</thread>
  <message>Start action : Statement - println(sc)</message>
  <nestedLevel>1</nestedLevel>
  <property name="startLine">33</property>
  <property name="stepIndex">5</property>
</record>
<record>
  <date>2018-07-09T10:02:30</date>
  <millis>1531110750915</millis>
  <sequence>160</sequence>
  <level>END</level>
  <class>com.kms.katalon.core.logging.KeywordLogger</class>
  <method>endKeyword</method>
  <thread>1</thread>
  <message>End action : Statement - println(sc)</message>
  <nestedLevel>1</nestedLevel>
</record>
<record>
  <date>2018-07-09T10:02:30</date>
  <millis>1531110750916</millis>
  <sequence>161</sequence>
  <level>START</level>
  <class>com.kms.katalon.core.logging.KeywordLogger</class>
  <method>startKeyword</method>
  <thread>1</thread>
  <message>Start action : Statement - hssfSheet = hssfWorkbook.getSheetAt(0)</message>
  <nestedLevel>1</nestedLevel>
  <property name="startLine">34</property>
  <property name="stepIndex">6</property>
</record>
<record>
  <date>2018-07-09T10:02:30</date>
  <millis>1531110750917</millis>
  <sequence>162</sequence>
  <level>END</level>
  <class>com.kms.katalon.core.logging.KeywordLogger</class>
  <method>endKeyword</method>
  <thread>1</thread>
  <message>End action : Statement - hssfSheet = hssfWorkbook.getSheetAt(0)</message>
  <nestedLevel>1</nestedLevel>
</record>
<record>
  <date>2018-07-09T10:02:30</date>
  <millis>1531110750918</millis>
  <sequence>163</sequence>
  <level>START</level>
  <class>com.kms.katalon.core.logging.KeywordLogger</class>
  <method>startKeyword</method>
  <thread>1</thread>
  <message>Start action : Statement - hssfRow = hssfSheet.getRow(1)</message>
  <nestedLevel>1</nestedLevel>
  <property name="startLine">35</property>
  <property name="stepIndex">7</property>
</record>
<record>
  <date>2018-07-09T10:02:30</date>
  <millis>1531110750919</millis>
  <sequence>164</sequence>
  <level>END</level>
  <class>com.kms.katalon.core.logging.KeywordLogger</class>
  <method>endKeyword</method>
  <thread>1</thread>
  <message>End action : Statement - hssfRow = hssfSheet.getRow(1)</message>
  <nestedLevel>1</nestedLevel>
</record>
<record>
  <date>2018-07-09T10:02:30</date>
  <millis>1531110750919</millis>
  <sequence>165</sequence>
  <level>START</level>
  <class>com.kms.katalon.core.logging.KeywordLogger</class>
  <method>startKeyword</method>
  <thread>1</thread>
  <message>Start action : Statement - fid = hssfRow.getCell(0)</message>
  <nestedLevel>1</nestedLevel>
  <property name="startLine">36</property>
  <property name="stepIndex">8</property>
</record>
<record>
  <date>2018-07-09T10:02:30</date>
  <millis>1531110750920</millis>
  <sequence>166</sequence>
  <level>END</level>
  <class>com.kms.katalon.core.logging.KeywordLogger</class>
  <method>endKeyword</method>
  <thread>1</thread>
  <message>End action : Statement - fid = hssfRow.getCell(0)</message>
  <nestedLevel>1</nestedLevel>
</record>
<record>
  <date>2018-07-09T10:02:30</date>
  <millis>1531110750920</millis>
  <sequence>167</sequence>
  <level>START</level>
  <class>com.kms.katalon.core.logging.KeywordLogger</class>
  <method>startKeyword</method>
  <thread>1</thread>
  <message>Start action : Statement - vid = hssfRow.getCell(1)</message>
  <nestedLevel>1</nestedLevel>
  <property name="startLine">37</property>
  <property name="stepIndex">9</property>
</record>
<record>
  <date>2018-07-09T10:02:30</date>
  <millis>1531110750921</millis>
  <sequence>168</sequence>
  <level>END</level>
  <class>com.kms.katalon.core.logging.KeywordLogger</class>
  <method>endKeyword</method>
  <thread>1</thread>
  <message>End action : Statement - vid = hssfRow.getCell(1)</message>
  <nestedLevel>1</nestedLevel>
</record>
<record>
  <date>2018-07-09T10:02:30</date>
  <millis>1531110750921</millis>
  <sequence>169</sequence>
  <level>START</level>
  <class>com.kms.katalon.core.logging.KeywordLogger</class>
  <method>startKeyword</method>
  <thread>1</thread>
  <message>Start action : Statement - aid = hssfRow.getCell(2)</message>
  <nestedLevel>1</nestedLevel>
  <property name="startLine">38</property>
  <property name="stepIndex">10</property>
</record>
<record>
  <date>2018-07-09T10:02:30</date>
  <millis>1531110750922</millis>
  <sequence>170</sequence>
  <level>END</level>
  <class>com.kms.katalon.core.logging.KeywordLogger</class>
  <method>endKeyword</method>
  <thread>1</thread>
  <message>End action : Statement - aid = hssfRow.getCell(2)</message>
  <nestedLevel>1</nestedLevel>
</record>
<record>
  <date>2018-07-09T10:02:30</date>
  <millis>1531110750922</millis>
  <sequence>171</sequence>
  <level>START</level>
  <class>com.kms.katalon.core.logging.KeywordLogger</class>
  <method>startKeyword</method>
  <thread>1</thread>
  <message>Start action : Statement - subid = hssfRow.getCell(3)</message>
  <nestedLevel>1</nestedLevel>
  <property name="startLine">39</property>
  <property name="stepIndex">11</property>
</record>
<record>
  <date>2018-07-09T10:02:30</date>
  <millis>1531110750923</millis>
  <sequence>172</sequence>
  <level>END</level>
  <class>com.kms.katalon.core.logging.KeywordLogger</class>
  <method>endKeyword</method>
  <thread>1</thread>
  <message>End action : Statement - subid = hssfRow.getCell(3)</message>
  <nestedLevel>1</nestedLevel>
</record>
<record>
  <date>2018-07-09T10:02:30</date>
  <millis>1531110750923</millis>
  <sequence>173</sequence>
  <level>START</level>
  <class>com.kms.katalon.core.logging.KeywordLogger</class>
  <method>startKeyword</method>
  <thread>1</thread>
  <message>Start action : Statement - wsid = hssfRow.getCell(4)</message>
  <nestedLevel>1</nestedLevel>
  <property name="startLine">40</property>
  <property name="stepIndex">12</property>
</record>
<record>
  <date>2018-07-09T10:02:30</date>
  <millis>1531110750924</millis>
  <sequence>174</sequence>
  <level>END</level>
  <class>com.kms.katalon.core.logging.KeywordLogger</class>
  <method>endKeyword</method>
  <thread>1</thread>
  <message>End action : Statement - wsid = hssfRow.getCell(4)</message>
  <nestedLevel>1</nestedLevel>
</record>
<record>
  <date>2018-07-09T10:02:30</date>
  <millis>1531110750924</millis>
  <sequence>175</sequence>
  <level>START</level>
  <class>com.kms.katalon.core.logging.KeywordLogger</class>
  <method>startKeyword</method>
  <thread>1</thread>
  <message>Start action : Statement - reqid = hssfRow.getCell(5)</message>
  <nestedLevel>1</nestedLevel>
  <property name="startLine">41</property>
  <property name="stepIndex">13</property>
</record>
<record>
  <date>2018-07-09T10:02:30</date>
  <millis>1531110750925</millis>
  <sequence>176</sequence>
  <level>END</level>
  <class>com.kms.katalon.core.logging.KeywordLogger</class>
  <method>endKeyword</method>
  <thread>1</thread>
  <message>End action : Statement - reqid = hssfRow.getCell(5)</message>
  <nestedLevel>1</nestedLevel>
</record>
<record>
  <date>2018-07-09T10:02:30</date>
  <millis>1531110750925</millis>
  <sequence>177</sequence>
  <level>START</level>
  <class>com.kms.katalon.core.logging.KeywordLogger</class>
  <method>startKeyword</method>
  <thread>1</thread>
  <message>Start action : Statement - accNo = hssfRow.getCell(6)</message>
  <nestedLevel>1</nestedLevel>
  <property name="startLine">42</property>
  <property name="stepIndex">14</property>
</record>
<record>
  <date>2018-07-09T10:02:30</date>
  <millis>1531110750926</millis>
  <sequence>178</sequence>
  <level>END</level>
  <class>com.kms.katalon.core.logging.KeywordLogger</class>
  <method>endKeyword</method>
  <thread>1</thread>
  <message>End action : Statement - accNo = hssfRow.getCell(6)</message>
  <nestedLevel>1</nestedLevel>
</record>
<record>
  <date>2018-07-09T10:02:30</date>
  <millis>1531110750926</millis>
  <sequence>179</sequence>
  <level>START</level>
  <class>com.kms.katalon.core.logging.KeywordLogger</class>
  <method>startKeyword</method>
  <thread>1</thread>
  <message>Start action : Statement - println(vid)</message>
  <nestedLevel>1</nestedLevel>
  <property name="startLine">44</property>
  <property name="stepIndex">15</property>
</record>
<record>
  <date>2018-07-09T10:02:30</date>
  <millis>1531110750928</millis>
  <sequence>180</sequence>
  <level>END</level>
  <class>com.kms.katalon.core.logging.KeywordLogger</class>
  <method>endKeyword</method>
  <thread>1</thread>
  <message>End action : Statement - println(vid)</message>
  <nestedLevel>1</nestedLevel>
</record>
<record>
  <date>2018-07-09T10:02:32</date>
  <millis>1531110752085</millis>
  <sequence>181</sequence>
  <level>START</level>
  <class>com.kms.katalon.core.logging.KeywordLogger</class>
  <method>startKeyword</method>
  <thread>1</thread>
  <message>Start action : Statement - map = [:]</message>
  <nestedLevel>1</nestedLevel>
  <property name="startLine">46</property>
  <property name="stepIndex">16</property>
</record>
<record>
  <date>2018-07-09T10:02:32</date>
  <millis>1531110752086</millis>
  <sequence>182</sequence>
  <level>END</level>
  <class>com.kms.katalon.core.logging.KeywordLogger</class>
  <method>endKeyword</method>
  <thread>1</thread>
  <message>End action : Statement - map = [:]</message>
  <nestedLevel>1</nestedLevel>
</record>
<record>
  <date>2018-07-09T10:02:32</date>
  <millis>1531110752087</millis>
  <sequence>183</sequence>
  <level>START</level>
  <class>com.kms.katalon.core.logging.KeywordLogger</class>
  <method>startKeyword</method>
  <thread>1</thread>
  <message>Start action : Statement - map.put(\&amp;quot;formID\&amp;quot;, fid)</message>
  <nestedLevel>1</nestedLevel>
  <property name="startLine">47</property>
  <property name="stepIndex">17</property>
</record>
<record>
  <date>2018-07-09T10:02:32</date>
  <millis>1531110752088</millis>
  <sequence>184</sequence>
  <level>END</level>
  <class>com.kms.katalon.core.logging.KeywordLogger</class>
  <method>endKeyword</method>
  <thread>1</thread>
  <message>End action : Statement - map.put(\&amp;quot;formID\&amp;quot;, fid)</message>
  <nestedLevel>1</nestedLevel>
</record>
<record>
  <date>2018-07-09T10:02:32</date>
  <millis>1531110752088</millis>
  <sequence>185</sequence>
  <level>START</level>
  <class>com.kms.katalon.core.logging.KeywordLogger</class>
  <method>startKeyword</method>
  <thread>1</thread>
  <message>Start action : Statement - map.put(\&amp;quot;viewID\&amp;quot;, vid)</message>
  <nestedLevel>1</nestedLevel>
  <property name="startLine">48</property>
  <property name="stepIndex">18</property>
</record>
<record>
  <date>2018-07-09T10:02:32</date>
  <millis>1531110752089</millis>
  <sequence>186</sequence>
  <level>END</level>
  <class>com.kms.katalon.core.logging.KeywordLogger</class>
  <method>endKeyword</method>
  <thread>1</thread>
  <message>End action : Statement - map.put(\&amp;quot;viewID\&amp;quot;, vid)</message>
  <nestedLevel>1</nestedLevel>
</record>
<record>
  <date>2018-07-09T10:02:32</date>
  <millis>1531110752090</millis>
  <sequence>187</sequence>
  <level>START</level>
  <class>com.kms.katalon.core.logging.KeywordLogger</class>
  <method>startKeyword</method>
  <thread>1</thread>
  <message>Start action : Statement - map.put(\&amp;quot;appID\&amp;quot;, aid)</message>
  <nestedLevel>1</nestedLevel>
  <property name="startLine">49</property>
  <property name="stepIndex">19</property>
</record>
<record>
  <date>2018-07-09T10:02:32</date>
  <millis>1531110752091</millis>
  <sequence>188</sequence>
  <level>END</level>
  <class>com.kms.katalon.core.logging.KeywordLogger</class>
  <method>endKeyword</method>
  <thread>1</thread>
  <message>End action : Statement - map.put(\&amp;quot;appID\&amp;quot;, aid)</message>
  <nestedLevel>1</nestedLevel>
</record>
<record>
  <date>2018-07-09T10:02:32</date>
  <millis>1531110752091</millis>
  <sequence>189</sequence>
  <level>START</level>
  <class>com.kms.katalon.core.logging.KeywordLogger</class>
  <method>startKeyword</method>
  <thread>1</thread>
  <message>Start action : Statement - map.put(\&amp;quot;subWSID\&amp;quot;, subid)</message>
  <nestedLevel>1</nestedLevel>
  <property name="startLine">50</property>
  <property name="stepIndex">20</property>
</record>
<record>
  <date>2018-07-09T10:02:32</date>
  <millis>1531110752092</millis>
  <sequence>190</sequence>
  <level>END</level>
  <class>com.kms.katalon.core.logging.KeywordLogger</class>
  <method>endKeyword</method>
  <thread>1</thread>
  <message>End action : Statement - map.put(\&amp;quot;subWSID\&amp;quot;, subid)</message>
  <nestedLevel>1</nestedLevel>
</record>
<record>
  <date>2018-07-09T10:02:32</date>
  <millis>1531110752092</millis>
  <sequence>191</sequence>
  <level>START</level>
  <class>com.kms.katalon.core.logging.KeywordLogger</class>
  <method>startKeyword</method>
  <thread>1</thread>
  <message>Start action : Statement - map.put(\&amp;quot;WSID\&amp;quot;, wsid)</message>
  <nestedLevel>1</nestedLevel>
  <property name="startLine">51</property>
  <property name="stepIndex">21</property>
</record>
<record>
  <date>2018-07-09T10:02:32</date>
  <millis>1531110752097</millis>
  <sequence>192</sequence>
  <level>END</level>
  <class>com.kms.katalon.core.logging.KeywordLogger</class>
  <method>endKeyword</method>
  <thread>1</thread>
  <message>End action : Statement - map.put(\&amp;quot;WSID\&amp;quot;, wsid)</message>
  <nestedLevel>1</nestedLevel>
</record>
<record>
  <date>2018-07-09T10:02:32</date>
  <millis>1531110752097</millis>
  <sequence>193</sequence>
  <level>START</level>
  <class>com.kms.katalon.core.logging.KeywordLogger</class>
  <method>startKeyword</method>
  <thread>1</thread>
  <message>Start action : Statement - map.put(\&amp;quot;REQID\&amp;quot;, reqid)</message>
  <nestedLevel>1</nestedLevel>
  <property name="startLine">52</property>
  <property name="stepIndex">22</property>
</record>
<record>
  <date>2018-07-09T10:02:32</date>
  <millis>1531110752104</millis>
  <sequence>194</sequence>
  <level>END</level>
  <class>com.kms.katalon.core.logging.KeywordLogger</class>
  <method>endKeyword</method>
  <thread>1</thread>
  <message>End action : Statement - map.put(\&amp;quot;REQID\&amp;quot;, reqid)</message>
  <nestedLevel>1</nestedLevel>
</record>
<record>
  <date>2018-07-09T10:02:32</date>
  <millis>1531110752104</millis>
  <sequence>195</sequence>
  <level>START</level>
  <class>com.kms.katalon.core.logging.KeywordLogger</class>
  <method>startKeyword</method>
  <thread>1</thread>
  <message>Start action : Statement - map.put(\&amp;quot;AccNo\&amp;quot;, accNo)</message>
  <nestedLevel>1</nestedLevel>
  <property name="startLine">53</property>
  <property name="stepIndex">23</property>
</record>
<record>
  <date>2018-07-09T10:02:32</date>
  <millis>1531110752107</millis>
  <sequence>196</sequence>
  <level>END</level>
  <class>com.kms.katalon.core.logging.KeywordLogger</class>
  <method>endKeyword</method>
  <thread>1</thread>
  <message>End action : Statement - map.put(\&amp;quot;AccNo\&amp;quot;, accNo)</message>
  <nestedLevel>1</nestedLevel>
</record>
<record>
  <date>2018-07-09T10:02:32</date>
  <millis>1531110752108</millis>
  <sequence>197</sequence>
  <level>START</level>
  <class>com.kms.katalon.core.logging.KeywordLogger</class>
  <method>startKeyword</method>
  <thread>1</thread>
  <message>Start action : Statement - return map</message>
  <nestedLevel>1</nestedLevel>
  <property name="startLine">54</property>
  <property name="stepIndex">24</property>
</record>
<record>
  <date>2018-07-09T10:02:32</date>
  <millis>1531110752109</millis>
  <sequence>198</sequence>
  <level>END</level>
  <class>com.kms.katalon.core.logging.KeywordLogger</class>
  <method>endKeyword</method>
  <thread>1</thread>
  <message>End action : Statement - return map</message>
  <nestedLevel>1</nestedLevel>
</record>
<record>
  <date>2018-07-09T10:02:32</date>
  <millis>1531110752109</millis>
  <sequence>199</sequence>
  <level>PASSED</level>
  <class>com.kms.katalon.core.logging.KeywordLogger</class>
  <method>logMessage</method>
  <thread>1</thread>
  <message>Test Cases/Studio Smoke Test Cases/ReadExcel</message>
  <nestedLevel>1</nestedLevel>
</record>
<record>
  <date>2018-07-09T10:02:32</date>
  <millis>1531110752110</millis>
  <sequence>200</sequence>
  <level>END</level>
  <class>com.kms.katalon.core.logging.KeywordLogger</class>
  <method>endTest</method>
  <thread>1</thread>
  <message>End Test Case : Test Cases/Studio Smoke Test Cases/ReadExcel</message>
  <nestedLevel>0</nestedLevel>
</record>
<record>
  <date>2018-07-09T10:02:32</date>
  <millis>1531110752116</millis>
  <sequence>201</sequence>
  <level>START</level>
  <class>com.kms.katalon.core.logging.KeywordLogger</class>
  <method>startTest</method>
  <thread>1</thread>
  <message>Start Test Case : Test Cases/Smoke Test/New Test Request Moduler</message>
  <nestedLevel>1</nestedLevel>
  <property name="name">Test Cases/Smoke Test/New Test Request Moduler</property>
  <property name="description"></property>
  <property name="id">Test Cases/Smoke Test/New Test Request Moduler</property>
  <property name="source">D:\\Sheepa\\Katalon\\Studio Smoke Test\\Studio Smoke Test\\Test Cases\\Smoke Test\\New Test Request Moduler.tc</property>
  <property name="isOptional">false</property>
</record>
